25-Jan-2022 23:05:43.703 INFORMACIÓN [main] org.apache.catalina.startup.VersionLoggerListener.log Nombre de la versión del servidor: Apache Tomcat/9.0.58
25-Jan-2022 23:05:43.720 INFORMACIÓN [main] org.apache.catalina.startup.VersionLoggerListener.log Server built:                      Jan 15 2022 14:37:38 UTC
25-Jan-2022 23:05:43.721 INFORMACIÓN [main] org.apache.catalina.startup.VersionLoggerListener.log Número de versión de servidor:     9.0.58.0
25-Jan-2022 23:05:43.722 INFORMACIÓN [main] org.apache.catalina.startup.VersionLoggerListener.log OS Name:                           Linux
25-Jan-2022 23:05:43.723 INFORMACIÓN [main] org.apache.catalina.startup.VersionLoggerListener.log Versión de Systema Operativo:      5.10.79-1-MANJARO
25-Jan-2022 23:05:43.724 INFORMACIÓN [main] org.apache.catalina.startup.VersionLoggerListener.log Arquitectura:                      amd64
25-Jan-2022 23:05:43.725 INFORMACIÓN [main] org.apache.catalina.startup.VersionLoggerListener.log Java Home:                         /usr/lib/jvm/java-17-openjdk
25-Jan-2022 23:05:43.726 INFORMACIÓN [main] org.apache.catalina.startup.VersionLoggerListener.log JVM Version:                       17.0.1+12
25-Jan-2022 23:05:43.726 INFORMACIÓN [main] org.apache.catalina.startup.VersionLoggerListener.log Vededor JVM:                       Oracle Corporation
25-Jan-2022 23:05:43.727 INFORMACIÓN [main] org.apache.catalina.startup.VersionLoggerListener.log CATALINA_BASE:                     /home/lucas/Descargas/Tomcat/apache-tomcat-9.0.58
25-Jan-2022 23:05:43.728 INFORMACIÓN [main] org.apache.catalina.startup.VersionLoggerListener.log CATALINA_HOME:                     /home/lucas/Descargas/Tomcat/apache-tomcat-9.0.58
25-Jan-2022 23:05:43.821 INFORMACIÓN [main] org.apache.catalina.startup.VersionLoggerListener.log Command line argument:             --add-opens=java.base/java.lang=ALL-UNNAMED
25-Jan-2022 23:05:43.822 INFORMACIÓN [main] org.apache.catalina.startup.VersionLoggerListener.log Command line argument:             --add-opens=java.base/java.io=ALL-UNNAMED
25-Jan-2022 23:05:43.823 INFORMACIÓN [main] org.apache.catalina.startup.VersionLoggerListener.log Command line argument:             --add-opens=java.base/java.util=ALL-UNNAMED
25-Jan-2022 23:05:43.824 INFORMACIÓN [main] org.apache.catalina.startup.VersionLoggerListener.log Command line argument:             --add-opens=java.base/java.util.concurrent=ALL-UNNAMED
25-Jan-2022 23:05:43.825 INFORMACIÓN [main] org.apache.catalina.startup.VersionLoggerListener.log Command line argument:             --add-opens=java.rmi/sun.rmi.transport=ALL-UNNAMED
25-Jan-2022 23:05:43.825 INFORMACIÓN [main] org.apache.catalina.startup.VersionLoggerListener.log Command line argument:             -Djava.util.logging.config.file=/home/lucas/Descargas/Tomcat/apache-tomcat-9.0.58/conf/logging.properties
25-Jan-2022 23:05:43.826 INFORMACIÓN [main] org.apache.catalina.startup.VersionLoggerListener.log Command line argument:             -Djava.util.logging.manager=org.apache.juli.ClassLoaderLogManager
25-Jan-2022 23:05:43.827 INFORMACIÓN [main] org.apache.catalina.startup.VersionLoggerListener.log Command line argument:             -Djdk.tls.ephemeralDHKeySize=2048
25-Jan-2022 23:05:43.828 INFORMACIÓN [main] org.apache.catalina.startup.VersionLoggerListener.log Command line argument:             -Djava.protocol.handler.pkgs=org.apache.catalina.webresources
25-Jan-2022 23:05:43.829 INFORMACIÓN [main] org.apache.catalina.startup.VersionLoggerListener.log Command line argument:             -Dorg.apache.catalina.security.SecurityListener.UMASK=0027
25-Jan-2022 23:05:43.830 INFORMACIÓN [main] org.apache.catalina.startup.VersionLoggerListener.log Command line argument:             -Dignore.endorsed.dirs=
25-Jan-2022 23:05:43.832 INFORMACIÓN [main] org.apache.catalina.startup.VersionLoggerListener.log Command line argument:             -Dcatalina.base=/home/lucas/Descargas/Tomcat/apache-tomcat-9.0.58
25-Jan-2022 23:05:43.833 INFORMACIÓN [main] org.apache.catalina.startup.VersionLoggerListener.log Command line argument:             -Dcatalina.home=/home/lucas/Descargas/Tomcat/apache-tomcat-9.0.58
25-Jan-2022 23:05:43.834 INFORMACIÓN [main] org.apache.catalina.startup.VersionLoggerListener.log Command line argument:             -Djava.io.tmpdir=/home/lucas/Descargas/Tomcat/apache-tomcat-9.0.58/temp
25-Jan-2022 23:05:43.838 INFORMACIÓN [main] org.apache.catalina.core.AprLifecycleListener.lifecycleEvent La biblioteca nativa de Apache Tomcat basada en ARP que permite un rendimiento óptimo en entornos de desarrollo no ha sido hallada en java.library.path: [/usr/java/packages/lib:/usr/lib64:/lib64:/lib:/usr/lib]
25-Jan-2022 23:05:45.017 INFORMACIÓN [main] org.apache.coyote.AbstractProtocol.init Inicializando el manejador de protocolo ["http-nio-8080"]

25-Jan-2022 23:05:45.127 INFORMACIÓN [main] org.apache.catalina.startup.Catalina.load Server initialization in [2159] milliseconds
25-Jan-2022 23:05:45.262 INFORMACIÓN [main] org.apache.catalina.core.StandardService.startInternal Arrancando servicio [Catalina]
25-Jan-2022 23:05:45.263 INFORMACIÓN [main] org.apache.catalina.core.StandardEngine.startInternal Starting Servlet engine: [Apache Tomcat/9.0.58]
25-Jan-2022 23:05:45.289 INFORMACIÓN [main] org.apache.catalina.startup.HostConfig.deployDirectory Desplegando el directorio [/home/lucas/Descargas/Tomcat/apache-tomcat-9.0.58/webapps/examples] de la aplicación web
25-Jan-2022 23:05:46.968 ADVERTENCIA [main] org.apache.catalina.util.SessionIdGeneratorBase.createSecureRandom Creation of SecureRandom instance for session ID generation using [SHA1PRNG] took [109] milliseconds.
25-Jan-2022 23:05:47.056 INFORMACIÓN [main] org.apache.catalina.startup.HostConfig.deployDirectory Deployment of web application directory [/home/lucas/Descargas/Tomcat/apache-tomcat-9.0.58/webapps/examples] has finished in [1.767] ms
25-Jan-2022 23:05:47.058 INFORMACIÓN [main] org.apache.catalina.startup.HostConfig.deployDirectory Desplegando el directorio [/home/lucas/Descargas/Tomcat/apache-tomcat-9.0.58/webapps/ejemplo] de la aplicación web
25-Jan-2022 23:05:47.200 INFORMACIÓN [main] org.apache.catalina.startup.HostConfig.deployDirectory Deployment of web application directory [/home/lucas/Descargas/Tomcat/apache-tomcat-9.0.58/webapps/ejemplo] has finished in [142] ms
25-Jan-2022 23:05:47.200 INFORMACIÓN [main] org.apache.catalina.startup.HostConfig.deployDirectory Desplegando el directorio [/home/lucas/Descargas/Tomcat/apache-tomcat-9.0.58/webapps/host-manager] de la aplicación web
25-Jan-2022 23:05:47.289 INFORMACIÓN [main] org.apache.catalina.startup.HostConfig.deployDirectory Deployment of web application directory [/home/lucas/Descargas/Tomcat/apache-tomcat-9.0.58/webapps/host-manager] has finished in [89] ms
25-Jan-2022 23:05:47.290 INFORMACIÓN [main] org.apache.catalina.startup.HostConfig.deployDirectory Desplegando el directorio [/home/lucas/Descargas/Tomcat/apache-tomcat-9.0.58/webapps/docs] de la aplicación web
25-Jan-2022 23:05:47.355 INFORMACIÓN [main] org.apache.catalina.startup.HostConfig.deployDirectory Deployment of web application directory [/home/lucas/Descargas/Tomcat/apache-tomcat-9.0.58/webapps/docs] has finished in [64] ms
25-Jan-2022 23:05:47.356 INFORMACIÓN [main] org.apache.catalina.startup.HostConfig.deployDirectory Desplegando el directorio [/home/lucas/Descargas/Tomcat/apache-tomcat-9.0.58/webapps/manager] de la aplicación web
25-Jan-2022 23:05:47.450 INFORMACIÓN [main] org.apache.catalina.startup.HostConfig.deployDirectory Deployment of web application directory [/home/lucas/Descargas/Tomcat/apache-tomcat-9.0.58/webapps/manager] has finished in [95] ms
25-Jan-2022 23:05:47.451 INFORMACIÓN [main] org.apache.catalina.startup.HostConfig.deployDirectory Desplegando el directorio [/home/lucas/Descargas/Tomcat/apache-tomcat-9.0.58/webapps/ROOT] de la aplicación web
25-Jan-2022 23:05:47.526 INFORMACIÓN [main] org.apache.catalina.startup.HostConfig.deployDirectory Deployment of web application directory [/home/lucas/Descargas/Tomcat/apache-tomcat-9.0.58/webapps/ROOT] has finished in [74] ms
25-Jan-2022 23:05:47.537 INFORMACIÓN [main] org.apache.coyote.AbstractProtocol.start Starting ProtocolHandler ["http-nio-8080"]
25-Jan-2022 23:05:47.633 INFORMACIÓN [main] org.apache.catalina.startup.Catalina.start Server startup in [2505] milliseconds
25-Jan-2022 23:07:17.593 INFORMACIÓN [Thread-2] org.apache.coyote.AbstractProtocol.pause Pausing ProtocolHandler ["http-nio-8080"]
25-Jan-2022 23:07:17.606 INFORMACIÓN [Thread-2] org.apache.catalina.core.StandardService.stopInternal Parando servicio [Catalina]
25-Jan-2022 23:07:17.713 INFORMACIÓN [Thread-2] org.apache.coyote.AbstractProtocol.stop Stopping ProtocolHandler ["http-nio-8080"]
25-Jan-2022 23:07:17.728 INFORMACIÓN [Thread-2] org.apache.coyote.AbstractProtocol.destroy Destroying ProtocolHandler ["http-nio-8080"]
25-Jan-2022 23:12:28.076 INFORMACIÓN [main] org.apache.catalina.startup.VersionLoggerListener.log Nombre de la versión del servidor: Apache Tomcat/9.0.58
25-Jan-2022 23:12:28.091 INFORMACIÓN [main] org.apache.catalina.startup.VersionLoggerListener.log Server built:                      Jan 15 2022 14:37:38 UTC
25-Jan-2022 23:12:28.091 INFORMACIÓN [main] org.apache.catalina.startup.VersionLoggerListener.log Número de versión de servidor:     9.0.58.0
25-Jan-2022 23:12:28.092 INFORMACIÓN [main] org.apache.catalina.startup.VersionLoggerListener.log OS Name:                           Linux
25-Jan-2022 23:12:28.092 INFORMACIÓN [main] org.apache.catalina.startup.VersionLoggerListener.log Versión de Systema Operativo:      5.10.79-1-MANJARO
25-Jan-2022 23:12:28.093 INFORMACIÓN [main] org.apache.catalina.startup.VersionLoggerListener.log Arquitectura:                      amd64
25-Jan-2022 23:12:28.093 INFORMACIÓN [main] org.apache.catalina.startup.VersionLoggerListener.log Java Home:                         /usr/lib/jvm/java-17-openjdk
25-Jan-2022 23:12:28.094 INFORMACIÓN [main] org.apache.catalina.startup.VersionLoggerListener.log JVM Version:                       17.0.1+12
25-Jan-2022 23:12:28.094 INFORMACIÓN [main] org.apache.catalina.startup.VersionLoggerListener.log Vededor JVM:                       Oracle Corporation
25-Jan-2022 23:12:28.095 INFORMACIÓN [main] org.apache.catalina.startup.VersionLoggerListener.log CATALINA_BASE:                     /home/lucas/Descargas/Tomcat/apache-tomcat-9.0.58
25-Jan-2022 23:12:28.095 INFORMACIÓN [main] org.apache.catalina.startup.VersionLoggerListener.log CATALINA_HOME:                     /home/lucas/Descargas/Tomcat/apache-tomcat-9.0.58
25-Jan-2022 23:12:28.138 INFORMACIÓN [main] org.apache.catalina.startup.VersionLoggerListener.log Command line argument:             --add-opens=java.base/java.lang=ALL-UNNAMED
25-Jan-2022 23:12:28.146 INFORMACIÓN [main] org.apache.catalina.startup.VersionLoggerListener.log Command line argument:             --add-opens=java.base/java.io=ALL-UNNAMED
25-Jan-2022 23:12:28.147 INFORMACIÓN [main] org.apache.catalina.startup.VersionLoggerListener.log Command line argument:             --add-opens=java.base/java.util=ALL-UNNAMED
25-Jan-2022 23:12:28.148 INFORMACIÓN [main] org.apache.catalina.startup.VersionLoggerListener.log Command line argument:             --add-opens=java.base/java.util.concurrent=ALL-UNNAMED
25-Jan-2022 23:12:28.149 INFORMACIÓN [main] org.apache.catalina.startup.VersionLoggerListener.log Command line argument:             --add-opens=java.rmi/sun.rmi.transport=ALL-UNNAMED
25-Jan-2022 23:12:28.150 INFORMACIÓN [main] org.apache.catalina.startup.VersionLoggerListener.log Command line argument:             -Djava.util.logging.config.file=/home/lucas/Descargas/Tomcat/apache-tomcat-9.0.58/conf/logging.properties
25-Jan-2022 23:12:28.151 INFORMACIÓN [main] org.apache.catalina.startup.VersionLoggerListener.log Command line argument:             -Djava.util.logging.manager=org.apache.juli.ClassLoaderLogManager
25-Jan-2022 23:12:28.153 INFORMACIÓN [main] org.apache.catalina.startup.VersionLoggerListener.log Command line argument:             -Djdk.tls.ephemeralDHKeySize=2048
25-Jan-2022 23:12:28.154 INFORMACIÓN [main] org.apache.catalina.startup.VersionLoggerListener.log Command line argument:             -Djava.protocol.handler.pkgs=org.apache.catalina.webresources
25-Jan-2022 23:12:28.154 INFORMACIÓN [main] org.apache.catalina.startup.VersionLoggerListener.log Command line argument:             -Dorg.apache.catalina.security.SecurityListener.UMASK=0027
25-Jan-2022 23:12:28.155 INFORMACIÓN [main] org.apache.catalina.startup.VersionLoggerListener.log Command line argument:             -Dignore.endorsed.dirs=
25-Jan-2022 23:12:28.156 INFORMACIÓN [main] org.apache.catalina.startup.VersionLoggerListener.log Command line argument:             -Dcatalina.base=/home/lucas/Descargas/Tomcat/apache-tomcat-9.0.58
25-Jan-2022 23:12:28.157 INFORMACIÓN [main] org.apache.catalina.startup.VersionLoggerListener.log Command line argument:             -Dcatalina.home=/home/lucas/Descargas/Tomcat/apache-tomcat-9.0.58
25-Jan-2022 23:12:28.158 INFORMACIÓN [main] org.apache.catalina.startup.VersionLoggerListener.log Command line argument:             -Djava.io.tmpdir=/home/lucas/Descargas/Tomcat/apache-tomcat-9.0.58/temp
25-Jan-2022 23:12:28.162 INFORMACIÓN [main] org.apache.catalina.core.AprLifecycleListener.lifecycleEvent La biblioteca nativa de Apache Tomcat basada en ARP que permite un rendimiento óptimo en entornos de desarrollo no ha sido hallada en java.library.path: [/usr/java/packages/lib:/usr/lib64:/lib64:/lib:/usr/lib]
25-Jan-2022 23:12:29.129 INFORMACIÓN [main] org.apache.coyote.AbstractProtocol.init Inicializando el manejador de protocolo ["http-nio-8080"]

25-Jan-2022 23:12:29.210 INFORMACIÓN [main] org.apache.catalina.startup.Catalina.load Server initialization in [1815] milliseconds
25-Jan-2022 23:12:29.340 INFORMACIÓN [main] org.apache.catalina.core.StandardService.startInternal Arrancando servicio [Catalina]
25-Jan-2022 23:12:29.341 INFORMACIÓN [main] org.apache.catalina.core.StandardEngine.startInternal Starting Servlet engine: [Apache Tomcat/9.0.58]
25-Jan-2022 23:12:29.365 INFORMACIÓN [main] org.apache.catalina.startup.HostConfig.deployDirectory Desplegando el directorio [/home/lucas/Descargas/Tomcat/apache-tomcat-9.0.58/webapps/examples] de la aplicación web
25-Jan-2022 23:12:30.893 INFORMACIÓN [main] org.apache.catalina.startup.HostConfig.deployDirectory Deployment of web application directory [/home/lucas/Descargas/Tomcat/apache-tomcat-9.0.58/webapps/examples] has finished in [1.523] ms
25-Jan-2022 23:12:30.896 INFORMACIÓN [main] org.apache.catalina.startup.HostConfig.deployDirectory Desplegando el directorio [/home/lucas/Descargas/Tomcat/apache-tomcat-9.0.58/webapps/ejemplo] de la aplicación web
25-Jan-2022 23:12:31.006 INFORMACIÓN [main] org.apache.catalina.startup.HostConfig.deployDirectory Deployment of web application directory [/home/lucas/Descargas/Tomcat/apache-tomcat-9.0.58/webapps/ejemplo] has finished in [110] ms
25-Jan-2022 23:12:31.007 INFORMACIÓN [main] org.apache.catalina.startup.HostConfig.deployDirectory Desplegando el directorio [/home/lucas/Descargas/Tomcat/apache-tomcat-9.0.58/webapps/host-manager] de la aplicación web
25-Jan-2022 23:12:31.098 INFORMACIÓN [main] org.apache.catalina.startup.HostConfig.deployDirectory Deployment of web application directory [/home/lucas/Descargas/Tomcat/apache-tomcat-9.0.58/webapps/host-manager] has finished in [90] ms
25-Jan-2022 23:12:31.098 INFORMACIÓN [main] org.apache.catalina.startup.HostConfig.deployDirectory Desplegando el directorio [/home/lucas/Descargas/Tomcat/apache-tomcat-9.0.58/webapps/docs] de la aplicación web
25-Jan-2022 23:12:31.160 INFORMACIÓN [main] org.apache.catalina.startup.HostConfig.deployDirectory Deployment of web application directory [/home/lucas/Descargas/Tomcat/apache-tomcat-9.0.58/webapps/docs] has finished in [61] ms
25-Jan-2022 23:12:31.161 INFORMACIÓN [main] org.apache.catalina.startup.HostConfig.deployDirectory Desplegando el directorio [/home/lucas/Descargas/Tomcat/apache-tomcat-9.0.58/webapps/manager] de la aplicación web
25-Jan-2022 23:12:31.256 INFORMACIÓN [main] org.apache.catalina.startup.HostConfig.deployDirectory Deployment of web application directory [/home/lucas/Descargas/Tomcat/apache-tomcat-9.0.58/webapps/manager] has finished in [95] ms
25-Jan-2022 23:12:31.257 INFORMACIÓN [main] org.apache.catalina.startup.HostConfig.deployDirectory Desplegando el directorio [/home/lucas/Descargas/Tomcat/apache-tomcat-9.0.58/webapps/ROOT] de la aplicación web
25-Jan-2022 23:12:31.337 INFORMACIÓN [main] org.apache.catalina.startup.HostConfig.deployDirectory Deployment of web application directory [/home/lucas/Descargas/Tomcat/apache-tomcat-9.0.58/webapps/ROOT] has finished in [79] ms
25-Jan-2022 23:12:31.349 INFORMACIÓN [main] org.apache.coyote.AbstractProtocol.start Starting ProtocolHandler ["http-nio-8080"]
25-Jan-2022 23:12:31.404 INFORMACIÓN [main] org.apache.catalina.startup.Catalina.start Server startup in [2192] milliseconds
25-Jan-2022 23:13:04.020 INFORMACIÓN [Thread-2] org.apache.coyote.AbstractProtocol.pause Pausing ProtocolHandler ["http-nio-8080"]
25-Jan-2022 23:13:04.028 INFORMACIÓN [Thread-2] org.apache.catalina.core.StandardService.stopInternal Parando servicio [Catalina]
25-Jan-2022 23:13:04.102 INFORMACIÓN [Thread-2] org.apache.coyote.AbstractProtocol.stop Stopping ProtocolHandler ["http-nio-8080"]
25-Jan-2022 23:13:04.123 INFORMACIÓN [Thread-2] org.apache.coyote.AbstractProtocol.destroy Destroying ProtocolHandler ["http-nio-8080"]
25-Jan-2022 23:13:31.609 INFORMACIÓN [main] org.apache.catalina.startup.VersionLoggerListener.log Nombre de la versión del servidor: Apache Tomcat/9.0.58
25-Jan-2022 23:13:31.623 INFORMACIÓN [main] org.apache.catalina.startup.VersionLoggerListener.log Server built:                      Jan 15 2022 14:37:38 UTC
25-Jan-2022 23:13:31.624 INFORMACIÓN [main] org.apache.catalina.startup.VersionLoggerListener.log Número de versión de servidor:     9.0.58.0
25-Jan-2022 23:13:31.627 INFORMACIÓN [main] org.apache.catalina.startup.VersionLoggerListener.log OS Name:                           Linux
25-Jan-2022 23:13:31.627 INFORMACIÓN [main] org.apache.catalina.startup.VersionLoggerListener.log Versión de Systema Operativo:      5.10.79-1-MANJARO
25-Jan-2022 23:13:31.628 INFORMACIÓN [main] org.apache.catalina.startup.VersionLoggerListener.log Arquitectura:                      amd64
25-Jan-2022 23:13:31.628 INFORMACIÓN [main] org.apache.catalina.startup.VersionLoggerListener.log Java Home:                         /usr/lib/jvm/java-17-openjdk
25-Jan-2022 23:13:31.628 INFORMACIÓN [main] org.apache.catalina.startup.VersionLoggerListener.log JVM Version:                       17.0.1+12
25-Jan-2022 23:13:31.629 INFORMACIÓN [main] org.apache.catalina.startup.VersionLoggerListener.log Vededor JVM:                       Oracle Corporation
25-Jan-2022 23:13:31.629 INFORMACIÓN [main] org.apache.catalina.startup.VersionLoggerListener.log CATALINA_BASE:                     /home/lucas/Descargas/Tomcat/apache-tomcat-9.0.58
25-Jan-2022 23:13:31.630 INFORMACIÓN [main] org.apache.catalina.startup.VersionLoggerListener.log CATALINA_HOME:                     /home/lucas/Descargas/Tomcat/apache-tomcat-9.0.58
25-Jan-2022 23:13:31.670 INFORMACIÓN [main] org.apache.catalina.startup.VersionLoggerListener.log Command line argument:             --add-opens=java.base/java.lang=ALL-UNNAMED
25-Jan-2022 23:13:31.670 INFORMACIÓN [main] org.apache.catalina.startup.VersionLoggerListener.log Command line argument:             --add-opens=java.base/java.io=ALL-UNNAMED
25-Jan-2022 23:13:31.671 INFORMACIÓN [main] org.apache.catalina.startup.VersionLoggerListener.log Command line argument:             --add-opens=java.base/java.util=ALL-UNNAMED
25-Jan-2022 23:13:31.672 INFORMACIÓN [main] org.apache.catalina.startup.VersionLoggerListener.log Command line argument:             --add-opens=java.base/java.util.concurrent=ALL-UNNAMED
25-Jan-2022 23:13:31.673 INFORMACIÓN [main] org.apache.catalina.startup.VersionLoggerListener.log Command line argument:             --add-opens=java.rmi/sun.rmi.transport=ALL-UNNAMED
25-Jan-2022 23:13:31.674 INFORMACIÓN [main] org.apache.catalina.startup.VersionLoggerListener.log Command line argument:             -Djava.util.logging.config.file=/home/lucas/Descargas/Tomcat/apache-tomcat-9.0.58/conf/logging.properties
25-Jan-2022 23:13:31.675 INFORMACIÓN [main] org.apache.catalina.startup.VersionLoggerListener.log Command line argument:             -Djava.util.logging.manager=org.apache.juli.ClassLoaderLogManager
25-Jan-2022 23:13:31.675 INFORMACIÓN [main] org.apache.catalina.startup.VersionLoggerListener.log Command line argument:             -Djdk.tls.ephemeralDHKeySize=2048
25-Jan-2022 23:13:31.676 INFORMACIÓN [main] org.apache.catalina.startup.VersionLoggerListener.log Command line argument:             -Djava.protocol.handler.pkgs=org.apache.catalina.webresources
25-Jan-2022 23:13:31.677 INFORMACIÓN [main] org.apache.catalina.startup.VersionLoggerListener.log Command line argument:             -Dorg.apache.catalina.security.SecurityListener.UMASK=0027
25-Jan-2022 23:13:31.678 INFORMACIÓN [main] org.apache.catalina.startup.VersionLoggerListener.log Command line argument:             -Dignore.endorsed.dirs=
25-Jan-2022 23:13:31.679 INFORMACIÓN [main] org.apache.catalina.startup.VersionLoggerListener.log Command line argument:             -Dcatalina.base=/home/lucas/Descargas/Tomcat/apache-tomcat-9.0.58
25-Jan-2022 23:13:31.679 INFORMACIÓN [main] org.apache.catalina.startup.VersionLoggerListener.log Command line argument:             -Dcatalina.home=/home/lucas/Descargas/Tomcat/apache-tomcat-9.0.58
25-Jan-2022 23:13:31.680 INFORMACIÓN [main] org.apache.catalina.startup.VersionLoggerListener.log Command line argument:             -Djava.io.tmpdir=/home/lucas/Descargas/Tomcat/apache-tomcat-9.0.58/temp
25-Jan-2022 23:13:31.684 INFORMACIÓN [main] org.apache.catalina.core.AprLifecycleListener.lifecycleEvent La biblioteca nativa de Apache Tomcat basada en ARP que permite un rendimiento óptimo en entornos de desarrollo no ha sido hallada en java.library.path: [/usr/java/packages/lib:/usr/lib64:/lib64:/lib:/usr/lib]
25-Jan-2022 23:13:32.659 INFORMACIÓN [main] org.apache.coyote.AbstractProtocol.init Inicializando el manejador de protocolo ["http-nio-8080"]

25-Jan-2022 23:13:32.758 INFORMACIÓN [main] org.apache.catalina.startup.Catalina.load Server initialization in [1818] milliseconds
25-Jan-2022 23:13:32.873 INFORMACIÓN [main] org.apache.catalina.core.StandardService.startInternal Arrancando servicio [Catalina]
25-Jan-2022 23:13:32.873 INFORMACIÓN [main] org.apache.catalina.core.StandardEngine.startInternal Starting Servlet engine: [Apache Tomcat/9.0.58]
25-Jan-2022 23:13:32.897 INFORMACIÓN [main] org.apache.catalina.startup.HostConfig.deployDirectory Desplegando el directorio [/home/lucas/Descargas/Tomcat/apache-tomcat-9.0.58/webapps/examples] de la aplicación web
25-Jan-2022 23:13:34.467 INFORMACIÓN [main] org.apache.catalina.startup.HostConfig.deployDirectory Deployment of web application directory [/home/lucas/Descargas/Tomcat/apache-tomcat-9.0.58/webapps/examples] has finished in [1.564] ms
25-Jan-2022 23:13:34.469 INFORMACIÓN [main] org.apache.catalina.startup.HostConfig.deployDirectory Desplegando el directorio [/home/lucas/Descargas/Tomcat/apache-tomcat-9.0.58/webapps/ejemplo] de la aplicación web
25-Jan-2022 23:13:34.574 INFORMACIÓN [main] org.apache.catalina.startup.HostConfig.deployDirectory Deployment of web application directory [/home/lucas/Descargas/Tomcat/apache-tomcat-9.0.58/webapps/ejemplo] has finished in [105] ms
25-Jan-2022 23:13:34.575 INFORMACIÓN [main] org.apache.catalina.startup.HostConfig.deployDirectory Desplegando el directorio [/home/lucas/Descargas/Tomcat/apache-tomcat-9.0.58/webapps/host-manager] de la aplicación web
25-Jan-2022 23:13:34.656 INFORMACIÓN [main] org.apache.catalina.startup.HostConfig.deployDirectory Deployment of web application directory [/home/lucas/Descargas/Tomcat/apache-tomcat-9.0.58/webapps/host-manager] has finished in [81] ms
25-Jan-2022 23:13:34.657 INFORMACIÓN [main] org.apache.catalina.startup.HostConfig.deployDirectory Desplegando el directorio [/home/lucas/Descargas/Tomcat/apache-tomcat-9.0.58/webapps/docs] de la aplicación web
25-Jan-2022 23:13:34.716 INFORMACIÓN [main] org.apache.catalina.startup.HostConfig.deployDirectory Deployment of web application directory [/home/lucas/Descargas/Tomcat/apache-tomcat-9.0.58/webapps/docs] has finished in [60] ms
25-Jan-2022 23:13:34.717 INFORMACIÓN [main] org.apache.catalina.startup.HostConfig.deployDirectory Desplegando el directorio [/home/lucas/Descargas/Tomcat/apache-tomcat-9.0.58/webapps/manager] de la aplicación web
25-Jan-2022 23:13:34.810 INFORMACIÓN [main] org.apache.catalina.startup.HostConfig.deployDirectory Deployment of web application directory [/home/lucas/Descargas/Tomcat/apache-tomcat-9.0.58/webapps/manager] has finished in [92] ms
25-Jan-2022 23:13:34.811 INFORMACIÓN [main] org.apache.catalina.startup.HostConfig.deployDirectory Desplegando el directorio [/home/lucas/Descargas/Tomcat/apache-tomcat-9.0.58/webapps/ROOT] de la aplicación web
25-Jan-2022 23:13:34.893 INFORMACIÓN [main] org.apache.catalina.startup.HostConfig.deployDirectory Deployment of web application directory [/home/lucas/Descargas/Tomcat/apache-tomcat-9.0.58/webapps/ROOT] has finished in [81] ms
25-Jan-2022 23:13:34.920 INFORMACIÓN [main] org.apache.coyote.AbstractProtocol.start Starting ProtocolHandler ["http-nio-8080"]
25-Jan-2022 23:13:35.002 INFORMACIÓN [main] org.apache.catalina.startup.Catalina.start Server startup in [2242] milliseconds
25-Jan-2022 23:15:21.168 INFORMACIÓN [Thread-2] org.apache.coyote.AbstractProtocol.pause Pausing ProtocolHandler ["http-nio-8080"]
25-Jan-2022 23:15:21.180 INFORMACIÓN [Thread-2] org.apache.catalina.core.StandardService.stopInternal Parando servicio [Catalina]
25-Jan-2022 23:15:21.249 INFORMACIÓN [Thread-2] org.apache.coyote.AbstractProtocol.stop Stopping ProtocolHandler ["http-nio-8080"]
25-Jan-2022 23:15:21.276 INFORMACIÓN [Thread-2] org.apache.coyote.AbstractProtocol.destroy Destroying ProtocolHandler ["http-nio-8080"]
