12-Feb-2022 03:43:04.442 INFO [main] org.apache.catalina.startup.VersionLoggerListener.log Nombre de la versión del servidor: Apache Tomcat/9.0.58
12-Feb-2022 03:43:04.444 INFO [main] org.apache.catalina.startup.VersionLoggerListener.log Server built:                      Jan 15 2022 14:37:38 UTC
12-Feb-2022 03:43:04.445 INFO [main] org.apache.catalina.startup.VersionLoggerListener.log Número de versión de servidor:     9.0.58.0
12-Feb-2022 03:43:04.445 INFO [main] org.apache.catalina.startup.VersionLoggerListener.log OS Name:                           Windows 10
12-Feb-2022 03:43:04.445 INFO [main] org.apache.catalina.startup.VersionLoggerListener.log Versión de Systema Operativo:      10.0
12-Feb-2022 03:43:04.445 INFO [main] org.apache.catalina.startup.VersionLoggerListener.log Arquitectura:                      amd64
12-Feb-2022 03:43:04.445 INFO [main] org.apache.catalina.startup.VersionLoggerListener.log Java Home:                         C:\Program Files\Java\jdk-17.0.2
12-Feb-2022 03:43:04.445 INFO [main] org.apache.catalina.startup.VersionLoggerListener.log JVM Version:                       17.0.2+8-LTS-86
12-Feb-2022 03:43:04.445 INFO [main] org.apache.catalina.startup.VersionLoggerListener.log Vededor JVM:                       Oracle Corporation
12-Feb-2022 03:43:04.445 INFO [main] org.apache.catalina.startup.VersionLoggerListener.log CATALINA_BASE:                     E:\2º DAM\PSP\Tema4\Tomcat\apache-tomcat-9.0.58
12-Feb-2022 03:43:04.446 INFO [main] org.apache.catalina.startup.VersionLoggerListener.log CATALINA_HOME:                     E:\2º DAM\PSP\Tema4\Tomcat\apache-tomcat-9.0.58
12-Feb-2022 03:43:04.451 INFO [main] org.apache.catalina.startup.VersionLoggerListener.log Command line argument:             --add-opens=java.base/java.lang=ALL-UNNAMED
12-Feb-2022 03:43:04.451 INFO [main] org.apache.catalina.startup.VersionLoggerListener.log Command line argument:             --add-opens=java.base/java.io=ALL-UNNAMED
12-Feb-2022 03:43:04.452 INFO [main] org.apache.catalina.startup.VersionLoggerListener.log Command line argument:             --add-opens=java.base/java.util=ALL-UNNAMED
12-Feb-2022 03:43:04.452 INFO [main] org.apache.catalina.startup.VersionLoggerListener.log Command line argument:             --add-opens=java.base/java.util.concurrent=ALL-UNNAMED
12-Feb-2022 03:43:04.452 INFO [main] org.apache.catalina.startup.VersionLoggerListener.log Command line argument:             --add-opens=java.rmi/sun.rmi.transport=ALL-UNNAMED
12-Feb-2022 03:43:04.452 INFO [main] org.apache.catalina.startup.VersionLoggerListener.log Command line argument:             -Djava.util.logging.config.file=E:\2º DAM\PSP\Tema4\Tomcat\apache-tomcat-9.0.58\conf\logging.properties
12-Feb-2022 03:43:04.452 INFO [main] org.apache.catalina.startup.VersionLoggerListener.log Command line argument:             -Djava.util.logging.manager=org.apache.juli.ClassLoaderLogManager
12-Feb-2022 03:43:04.453 INFO [main] org.apache.catalina.startup.VersionLoggerListener.log Command line argument:             -Djdk.tls.ephemeralDHKeySize=2048
12-Feb-2022 03:43:04.453 INFO [main] org.apache.catalina.startup.VersionLoggerListener.log Command line argument:             -Djava.protocol.handler.pkgs=org.apache.catalina.webresources
12-Feb-2022 03:43:04.453 INFO [main] org.apache.catalina.startup.VersionLoggerListener.log Command line argument:             -Dignore.endorsed.dirs=
12-Feb-2022 03:43:04.453 INFO [main] org.apache.catalina.startup.VersionLoggerListener.log Command line argument:             -Dcatalina.base=E:\2º DAM\PSP\Tema4\Tomcat\apache-tomcat-9.0.58
12-Feb-2022 03:43:04.454 INFO [main] org.apache.catalina.startup.VersionLoggerListener.log Command line argument:             -Dcatalina.home=E:\2º DAM\PSP\Tema4\Tomcat\apache-tomcat-9.0.58
12-Feb-2022 03:43:04.454 INFO [main] org.apache.catalina.startup.VersionLoggerListener.log Command line argument:             -Djava.io.tmpdir=E:\2º DAM\PSP\Tema4\Tomcat\apache-tomcat-9.0.58\temp
12-Feb-2022 03:43:04.456 INFO [main] org.apache.catalina.core.AprLifecycleListener.lifecycleEvent La biblioteca nativa de Apache Tomcat basada en ARP que permite un rendimiento óptimo en entornos de desarrollo no ha sido hallada en java.library.path: [C:\Program Files\Java\jdk-17.0.2\bin;C:\Windows\Sun\Java\bin;C:\Windows\system32;C:\Windows;C:\Program Files\Common Files\Oracle\Java\javapath;C:\Program Files\Eclipse Foundation\jdk-16.0.2.7-hotspot\bin;C:\Windows\system32;C:\Windows;C:\Windows\System32\Wbem;C:\Windows\System32\WindowsPowerShell\v1.0\;C:\Windows\System32\OpenSSH\;C:\Program Files\dotnet\;C:\Program Files\Git\cmd;C:\Users\ALEX\AppData\Local\Programs\Python\Python310;C:\Users\ALEX\AppData\Local\Programs\Python\Python310\Scripts;C:\Program Files\Java\jdk-17.0.2\bin;C:\Program Files\MySQL\MySQL Shell 8.0\bin\;C:\Users\ALEX\AppData\Local\Microsoft\WindowsApps;C:\Users\ALEX\AppData\Local\Programs\Microsoft VS Code\bin;C:\Users\ALEX\.dotnet\tools;C:\Users\ALEX\AppData\Local\GitHubDesktop\bin;.]
12-Feb-2022 03:43:04.589 INFO [main] org.apache.coyote.AbstractProtocol.init Inicializando el manejador de protocolo ["http-nio-8080"]

12-Feb-2022 03:43:04.606 INFO [main] org.apache.catalina.startup.Catalina.load Server initialization in [273] milliseconds
12-Feb-2022 03:43:04.633 INFO [main] org.apache.catalina.core.StandardService.startInternal Arrancando servicio [Catalina]
12-Feb-2022 03:43:04.633 INFO [main] org.apache.catalina.core.StandardEngine.startInternal Starting Servlet engine: [Apache Tomcat/9.0.58]
12-Feb-2022 03:43:04.639 INFO [main] org.apache.catalina.startup.HostConfig.deployDirectory Desplegando el directorio [E:\2º DAM\PSP\Tema4\Tomcat\apache-tomcat-9.0.58\webapps\docs] de la aplicación web
12-Feb-2022 03:43:04.946 INFO [main] org.apache.jasper.servlet.TldScanner.scanJars Al menos un JAR, que se ha explorado buscando TLDs, aún no contenía TLDs. Activar historial de depuración para este historiador para una completa lista de los JARs que fueron explorados y de los que nos se halló TLDs. Saltarse JARs no necesarios durante la exploración puede dar lugar a una mejora de tiempo significativa en el arranque y compilación de JSP .
12-Feb-2022 03:43:04.996 INFO [main] org.apache.catalina.startup.HostConfig.deployDirectory Deployment of web application directory [E:\2º DAM\PSP\Tema4\Tomcat\apache-tomcat-9.0.58\webapps\docs] has finished in [356] ms
12-Feb-2022 03:43:04.996 INFO [main] org.apache.catalina.startup.HostConfig.deployDirectory Desplegando el directorio [E:\2º DAM\PSP\Tema4\Tomcat\apache-tomcat-9.0.58\webapps\examples] de la aplicación web
12-Feb-2022 03:43:05.281 INFO [main] org.apache.jasper.servlet.TldScanner.scanJars Al menos un JAR, que se ha explorado buscando TLDs, aún no contenía TLDs. Activar historial de depuración para este historiador para una completa lista de los JARs que fueron explorados y de los que nos se halló TLDs. Saltarse JARs no necesarios durante la exploración puede dar lugar a una mejora de tiempo significativa en el arranque y compilación de JSP .
12-Feb-2022 03:43:05.311 INFO [main] org.apache.catalina.startup.HostConfig.deployDirectory Deployment of web application directory [E:\2º DAM\PSP\Tema4\Tomcat\apache-tomcat-9.0.58\webapps\examples] has finished in [315] ms
12-Feb-2022 03:43:05.311 INFO [main] org.apache.catalina.startup.HostConfig.deployDirectory Desplegando el directorio [E:\2º DAM\PSP\Tema4\Tomcat\apache-tomcat-9.0.58\webapps\host-manager] de la aplicación web
12-Feb-2022 03:43:05.462 INFO [main] org.apache.jasper.servlet.TldScanner.scanJars Al menos un JAR, que se ha explorado buscando TLDs, aún no contenía TLDs. Activar historial de depuración para este historiador para una completa lista de los JARs que fueron explorados y de los que nos se halló TLDs. Saltarse JARs no necesarios durante la exploración puede dar lugar a una mejora de tiempo significativa en el arranque y compilación de JSP .
12-Feb-2022 03:43:05.468 INFO [main] org.apache.catalina.startup.HostConfig.deployDirectory Deployment of web application directory [E:\2º DAM\PSP\Tema4\Tomcat\apache-tomcat-9.0.58\webapps\host-manager] has finished in [157] ms
12-Feb-2022 03:43:05.468 INFO [main] org.apache.catalina.startup.HostConfig.deployDirectory Desplegando el directorio [E:\2º DAM\PSP\Tema4\Tomcat\apache-tomcat-9.0.58\webapps\manager] de la aplicación web
12-Feb-2022 03:43:05.623 INFO [main] org.apache.jasper.servlet.TldScanner.scanJars Al menos un JAR, que se ha explorado buscando TLDs, aún no contenía TLDs. Activar historial de depuración para este historiador para una completa lista de los JARs que fueron explorados y de los que nos se halló TLDs. Saltarse JARs no necesarios durante la exploración puede dar lugar a una mejora de tiempo significativa en el arranque y compilación de JSP .
12-Feb-2022 03:43:05.625 INFO [main] org.apache.catalina.startup.HostConfig.deployDirectory Deployment of web application directory [E:\2º DAM\PSP\Tema4\Tomcat\apache-tomcat-9.0.58\webapps\manager] has finished in [157] ms
12-Feb-2022 03:43:05.625 INFO [main] org.apache.catalina.startup.HostConfig.deployDirectory Desplegando el directorio [E:\2º DAM\PSP\Tema4\Tomcat\apache-tomcat-9.0.58\webapps\practica] de la aplicación web
12-Feb-2022 03:43:05.986 INFO [main] org.apache.jasper.servlet.TldScanner.scanJars Al menos un JAR, que se ha explorado buscando TLDs, aún no contenía TLDs. Activar historial de depuración para este historiador para una completa lista de los JARs que fueron explorados y de los que nos se halló TLDs. Saltarse JARs no necesarios durante la exploración puede dar lugar a una mejora de tiempo significativa en el arranque y compilación de JSP .
12-Feb-2022 03:43:05.990 INFO [main] org.apache.catalina.startup.HostConfig.deployDirectory Deployment of web application directory [E:\2º DAM\PSP\Tema4\Tomcat\apache-tomcat-9.0.58\webapps\practica] has finished in [365] ms
12-Feb-2022 03:43:05.990 INFO [main] org.apache.catalina.startup.HostConfig.deployDirectory Desplegando el directorio [E:\2º DAM\PSP\Tema4\Tomcat\apache-tomcat-9.0.58\webapps\ROOT] de la aplicación web
12-Feb-2022 03:43:06.130 INFO [main] org.apache.jasper.servlet.TldScanner.scanJars Al menos un JAR, que se ha explorado buscando TLDs, aún no contenía TLDs. Activar historial de depuración para este historiador para una completa lista de los JARs que fueron explorados y de los que nos se halló TLDs. Saltarse JARs no necesarios durante la exploración puede dar lugar a una mejora de tiempo significativa en el arranque y compilación de JSP .
12-Feb-2022 03:43:06.132 INFO [main] org.apache.catalina.startup.HostConfig.deployDirectory Deployment of web application directory [E:\2º DAM\PSP\Tema4\Tomcat\apache-tomcat-9.0.58\webapps\ROOT] has finished in [142] ms
12-Feb-2022 03:43:06.135 INFO [main] org.apache.coyote.AbstractProtocol.start Starting ProtocolHandler ["http-nio-8080"]
12-Feb-2022 03:43:06.184 INFO [main] org.apache.catalina.startup.Catalina.start Server startup in [1578] milliseconds
12-Feb-2022 03:48:53.530 INFO [Thread-2] org.apache.coyote.AbstractProtocol.pause Pausing ProtocolHandler ["http-nio-8080"]
12-Feb-2022 03:48:53.541 INFO [Thread-2] org.apache.catalina.core.StandardService.stopInternal Parando servicio [Catalina]
12-Feb-2022 03:48:53.567 WARNING [Thread-2] org.apache.catalina.loader.WebappClassLoaderBase.clearReferencesJdbc La aplicación web [practica] registró el conductor JDBC [org.sqlite.JDBC] pero falló al anular el registro mientras la aplicación web estaba parada. Para prevenir un fallo de memoria, se ha anulado el registro del conductor JDBC por la fuerza.
12-Feb-2022 03:48:53.568 INFO [Thread-2] org.apache.coyote.AbstractProtocol.stop Stopping ProtocolHandler ["http-nio-8080"]
12-Feb-2022 03:48:53.575 INFO [Thread-2] org.apache.coyote.AbstractProtocol.destroy Destroying ProtocolHandler ["http-nio-8080"]
12-Feb-2022 03:49:01.038 INFO [main] org.apache.catalina.startup.VersionLoggerListener.log Nombre de la versión del servidor: Apache Tomcat/9.0.58
12-Feb-2022 03:49:01.040 INFO [main] org.apache.catalina.startup.VersionLoggerListener.log Server built:                      Jan 15 2022 14:37:38 UTC
12-Feb-2022 03:49:01.040 INFO [main] org.apache.catalina.startup.VersionLoggerListener.log Número de versión de servidor:     9.0.58.0
12-Feb-2022 03:49:01.040 INFO [main] org.apache.catalina.startup.VersionLoggerListener.log OS Name:                           Windows 10
12-Feb-2022 03:49:01.040 INFO [main] org.apache.catalina.startup.VersionLoggerListener.log Versión de Systema Operativo:      10.0
12-Feb-2022 03:49:01.040 INFO [main] org.apache.catalina.startup.VersionLoggerListener.log Arquitectura:                      amd64
12-Feb-2022 03:49:01.040 INFO [main] org.apache.catalina.startup.VersionLoggerListener.log Java Home:                         C:\Program Files\Java\jdk-17.0.2
12-Feb-2022 03:49:01.040 INFO [main] org.apache.catalina.startup.VersionLoggerListener.log JVM Version:                       17.0.2+8-LTS-86
12-Feb-2022 03:49:01.041 INFO [main] org.apache.catalina.startup.VersionLoggerListener.log Vededor JVM:                       Oracle Corporation
12-Feb-2022 03:49:01.041 INFO [main] org.apache.catalina.startup.VersionLoggerListener.log CATALINA_BASE:                     E:\2º DAM\PSP\Tema4\Tomcat\apache-tomcat-9.0.58
12-Feb-2022 03:49:01.041 INFO [main] org.apache.catalina.startup.VersionLoggerListener.log CATALINA_HOME:                     E:\2º DAM\PSP\Tema4\Tomcat\apache-tomcat-9.0.58
12-Feb-2022 03:49:01.046 INFO [main] org.apache.catalina.startup.VersionLoggerListener.log Command line argument:             --add-opens=java.base/java.lang=ALL-UNNAMED
12-Feb-2022 03:49:01.046 INFO [main] org.apache.catalina.startup.VersionLoggerListener.log Command line argument:             --add-opens=java.base/java.io=ALL-UNNAMED
12-Feb-2022 03:49:01.046 INFO [main] org.apache.catalina.startup.VersionLoggerListener.log Command line argument:             --add-opens=java.base/java.util=ALL-UNNAMED
12-Feb-2022 03:49:01.046 INFO [main] org.apache.catalina.startup.VersionLoggerListener.log Command line argument:             --add-opens=java.base/java.util.concurrent=ALL-UNNAMED
12-Feb-2022 03:49:01.047 INFO [main] org.apache.catalina.startup.VersionLoggerListener.log Command line argument:             --add-opens=java.rmi/sun.rmi.transport=ALL-UNNAMED
12-Feb-2022 03:49:01.047 INFO [main] org.apache.catalina.startup.VersionLoggerListener.log Command line argument:             -Djava.util.logging.config.file=E:\2º DAM\PSP\Tema4\Tomcat\apache-tomcat-9.0.58\conf\logging.properties
12-Feb-2022 03:49:01.047 INFO [main] org.apache.catalina.startup.VersionLoggerListener.log Command line argument:             -Djava.util.logging.manager=org.apache.juli.ClassLoaderLogManager
12-Feb-2022 03:49:01.047 INFO [main] org.apache.catalina.startup.VersionLoggerListener.log Command line argument:             -Djdk.tls.ephemeralDHKeySize=2048
12-Feb-2022 03:49:01.047 INFO [main] org.apache.catalina.startup.VersionLoggerListener.log Command line argument:             -Djava.protocol.handler.pkgs=org.apache.catalina.webresources
12-Feb-2022 03:49:01.048 INFO [main] org.apache.catalina.startup.VersionLoggerListener.log Command line argument:             -Dignore.endorsed.dirs=
12-Feb-2022 03:49:01.048 INFO [main] org.apache.catalina.startup.VersionLoggerListener.log Command line argument:             -Dcatalina.base=E:\2º DAM\PSP\Tema4\Tomcat\apache-tomcat-9.0.58
12-Feb-2022 03:49:01.048 INFO [main] org.apache.catalina.startup.VersionLoggerListener.log Command line argument:             -Dcatalina.home=E:\2º DAM\PSP\Tema4\Tomcat\apache-tomcat-9.0.58
12-Feb-2022 03:49:01.048 INFO [main] org.apache.catalina.startup.VersionLoggerListener.log Command line argument:             -Djava.io.tmpdir=E:\2º DAM\PSP\Tema4\Tomcat\apache-tomcat-9.0.58\temp
12-Feb-2022 03:49:01.051 INFO [main] org.apache.catalina.core.AprLifecycleListener.lifecycleEvent La biblioteca nativa de Apache Tomcat basada en ARP que permite un rendimiento óptimo en entornos de desarrollo no ha sido hallada en java.library.path: [C:\Program Files\Java\jdk-17.0.2\bin;C:\Windows\Sun\Java\bin;C:\Windows\system32;C:\Windows;C:\Program Files\Common Files\Oracle\Java\javapath;C:\Program Files\Eclipse Foundation\jdk-16.0.2.7-hotspot\bin;C:\Windows\system32;C:\Windows;C:\Windows\System32\Wbem;C:\Windows\System32\WindowsPowerShell\v1.0\;C:\Windows\System32\OpenSSH\;C:\Program Files\dotnet\;C:\Program Files\Git\cmd;C:\Users\ALEX\AppData\Local\Programs\Python\Python310;C:\Users\ALEX\AppData\Local\Programs\Python\Python310\Scripts;C:\Program Files\Java\jdk-17.0.2\bin;C:\Program Files\MySQL\MySQL Shell 8.0\bin\;C:\Users\ALEX\AppData\Local\Microsoft\WindowsApps;C:\Users\ALEX\AppData\Local\Programs\Microsoft VS Code\bin;C:\Users\ALEX\.dotnet\tools;C:\Users\ALEX\AppData\Local\GitHubDesktop\bin;.]
12-Feb-2022 03:49:01.192 INFO [main] org.apache.coyote.AbstractProtocol.init Inicializando el manejador de protocolo ["http-nio-8080"]

12-Feb-2022 03:49:01.207 INFO [main] org.apache.catalina.startup.Catalina.load Server initialization in [279] milliseconds
12-Feb-2022 03:49:01.231 INFO [main] org.apache.catalina.core.StandardService.startInternal Arrancando servicio [Catalina]
12-Feb-2022 03:49:01.232 INFO [main] org.apache.catalina.core.StandardEngine.startInternal Starting Servlet engine: [Apache Tomcat/9.0.58]
12-Feb-2022 03:49:01.237 INFO [main] org.apache.catalina.startup.HostConfig.deployDirectory Desplegando el directorio [E:\2º DAM\PSP\Tema4\Tomcat\apache-tomcat-9.0.58\webapps\docs] de la aplicación web
12-Feb-2022 03:49:01.530 INFO [main] org.apache.jasper.servlet.TldScanner.scanJars Al menos un JAR, que se ha explorado buscando TLDs, aún no contenía TLDs. Activar historial de depuración para este historiador para una completa lista de los JARs que fueron explorados y de los que nos se halló TLDs. Saltarse JARs no necesarios durante la exploración puede dar lugar a una mejora de tiempo significativa en el arranque y compilación de JSP .
12-Feb-2022 03:49:01.576 INFO [main] org.apache.catalina.startup.HostConfig.deployDirectory Deployment of web application directory [E:\2º DAM\PSP\Tema4\Tomcat\apache-tomcat-9.0.58\webapps\docs] has finished in [337] ms
12-Feb-2022 03:49:01.576 INFO [main] org.apache.catalina.startup.HostConfig.deployDirectory Desplegando el directorio [E:\2º DAM\PSP\Tema4\Tomcat\apache-tomcat-9.0.58\webapps\examples] de la aplicación web
12-Feb-2022 03:49:01.866 INFO [main] org.apache.jasper.servlet.TldScanner.scanJars Al menos un JAR, que se ha explorado buscando TLDs, aún no contenía TLDs. Activar historial de depuración para este historiador para una completa lista de los JARs que fueron explorados y de los que nos se halló TLDs. Saltarse JARs no necesarios durante la exploración puede dar lugar a una mejora de tiempo significativa en el arranque y compilación de JSP .
12-Feb-2022 03:49:01.898 INFO [main] org.apache.catalina.startup.HostConfig.deployDirectory Deployment of web application directory [E:\2º DAM\PSP\Tema4\Tomcat\apache-tomcat-9.0.58\webapps\examples] has finished in [322] ms
12-Feb-2022 03:49:01.898 INFO [main] org.apache.catalina.startup.HostConfig.deployDirectory Desplegando el directorio [E:\2º DAM\PSP\Tema4\Tomcat\apache-tomcat-9.0.58\webapps\host-manager] de la aplicación web
12-Feb-2022 03:49:02.061 INFO [main] org.apache.jasper.servlet.TldScanner.scanJars Al menos un JAR, que se ha explorado buscando TLDs, aún no contenía TLDs. Activar historial de depuración para este historiador para una completa lista de los JARs que fueron explorados y de los que nos se halló TLDs. Saltarse JARs no necesarios durante la exploración puede dar lugar a una mejora de tiempo significativa en el arranque y compilación de JSP .
12-Feb-2022 03:49:02.066 INFO [main] org.apache.catalina.startup.HostConfig.deployDirectory Deployment of web application directory [E:\2º DAM\PSP\Tema4\Tomcat\apache-tomcat-9.0.58\webapps\host-manager] has finished in [167] ms
12-Feb-2022 03:49:02.066 INFO [main] org.apache.catalina.startup.HostConfig.deployDirectory Desplegando el directorio [E:\2º DAM\PSP\Tema4\Tomcat\apache-tomcat-9.0.58\webapps\manager] de la aplicación web
12-Feb-2022 03:49:02.230 INFO [main] org.apache.jasper.servlet.TldScanner.scanJars Al menos un JAR, que se ha explorado buscando TLDs, aún no contenía TLDs. Activar historial de depuración para este historiador para una completa lista de los JARs que fueron explorados y de los que nos se halló TLDs. Saltarse JARs no necesarios durante la exploración puede dar lugar a una mejora de tiempo significativa en el arranque y compilación de JSP .
12-Feb-2022 03:49:02.233 INFO [main] org.apache.catalina.startup.HostConfig.deployDirectory Deployment of web application directory [E:\2º DAM\PSP\Tema4\Tomcat\apache-tomcat-9.0.58\webapps\manager] has finished in [166] ms
12-Feb-2022 03:49:02.233 INFO [main] org.apache.catalina.startup.HostConfig.deployDirectory Desplegando el directorio [E:\2º DAM\PSP\Tema4\Tomcat\apache-tomcat-9.0.58\webapps\practica] de la aplicación web
12-Feb-2022 03:49:02.493 INFO [main] org.apache.jasper.servlet.TldScanner.scanJars Al menos un JAR, que se ha explorado buscando TLDs, aún no contenía TLDs. Activar historial de depuración para este historiador para una completa lista de los JARs que fueron explorados y de los que nos se halló TLDs. Saltarse JARs no necesarios durante la exploración puede dar lugar a una mejora de tiempo significativa en el arranque y compilación de JSP .
12-Feb-2022 03:49:02.520 INFO [main] org.apache.catalina.startup.HostConfig.deployDirectory Deployment of web application directory [E:\2º DAM\PSP\Tema4\Tomcat\apache-tomcat-9.0.58\webapps\practica] has finished in [287] ms
12-Feb-2022 03:49:02.520 INFO [main] org.apache.catalina.startup.HostConfig.deployDirectory Desplegando el directorio [E:\2º DAM\PSP\Tema4\Tomcat\apache-tomcat-9.0.58\webapps\ROOT] de la aplicación web
12-Feb-2022 03:49:02.672 INFO [main] org.apache.jasper.servlet.TldScanner.scanJars Al menos un JAR, que se ha explorado buscando TLDs, aún no contenía TLDs. Activar historial de depuración para este historiador para una completa lista de los JARs que fueron explorados y de los que nos se halló TLDs. Saltarse JARs no necesarios durante la exploración puede dar lugar a una mejora de tiempo significativa en el arranque y compilación de JSP .
12-Feb-2022 03:49:02.674 INFO [main] org.apache.catalina.startup.HostConfig.deployDirectory Deployment of web application directory [E:\2º DAM\PSP\Tema4\Tomcat\apache-tomcat-9.0.58\webapps\ROOT] has finished in [154] ms
12-Feb-2022 03:49:02.677 INFO [main] org.apache.coyote.AbstractProtocol.start Starting ProtocolHandler ["http-nio-8080"]
12-Feb-2022 03:49:02.714 INFO [main] org.apache.catalina.startup.Catalina.start Server startup in [1507] milliseconds
12-Feb-2022 03:51:00.599 INFO [Thread-2] org.apache.coyote.AbstractProtocol.pause Pausing ProtocolHandler ["http-nio-8080"]
12-Feb-2022 03:51:00.607 INFO [Thread-2] org.apache.catalina.core.StandardService.stopInternal Parando servicio [Catalina]
12-Feb-2022 03:51:00.624 WARNING [Thread-2] org.apache.catalina.loader.WebappClassLoaderBase.clearReferencesJdbc La aplicación web [practica] registró el conductor JDBC [org.sqlite.JDBC] pero falló al anular el registro mientras la aplicación web estaba parada. Para prevenir un fallo de memoria, se ha anulado el registro del conductor JDBC por la fuerza.
12-Feb-2022 03:51:00.625 INFO [Thread-2] org.apache.coyote.AbstractProtocol.stop Stopping ProtocolHandler ["http-nio-8080"]
12-Feb-2022 03:51:00.630 INFO [Thread-2] org.apache.coyote.AbstractProtocol.destroy Destroying ProtocolHandler ["http-nio-8080"]
12-Feb-2022 03:51:01.891 INFO [main] org.apache.catalina.startup.VersionLoggerListener.log Nombre de la versión del servidor: Apache Tomcat/9.0.58
12-Feb-2022 03:51:01.894 INFO [main] org.apache.catalina.startup.VersionLoggerListener.log Server built:                      Jan 15 2022 14:37:38 UTC
12-Feb-2022 03:51:01.894 INFO [main] org.apache.catalina.startup.VersionLoggerListener.log Número de versión de servidor:     9.0.58.0
12-Feb-2022 03:51:01.894 INFO [main] org.apache.catalina.startup.VersionLoggerListener.log OS Name:                           Windows 10
12-Feb-2022 03:51:01.894 INFO [main] org.apache.catalina.startup.VersionLoggerListener.log Versión de Systema Operativo:      10.0
12-Feb-2022 03:51:01.894 INFO [main] org.apache.catalina.startup.VersionLoggerListener.log Arquitectura:                      amd64
12-Feb-2022 03:51:01.895 INFO [main] org.apache.catalina.startup.VersionLoggerListener.log Java Home:                         C:\Program Files\Java\jdk-17.0.2
12-Feb-2022 03:51:01.895 INFO [main] org.apache.catalina.startup.VersionLoggerListener.log JVM Version:                       17.0.2+8-LTS-86
12-Feb-2022 03:51:01.895 INFO [main] org.apache.catalina.startup.VersionLoggerListener.log Vededor JVM:                       Oracle Corporation
12-Feb-2022 03:51:01.895 INFO [main] org.apache.catalina.startup.VersionLoggerListener.log CATALINA_BASE:                     E:\2º DAM\PSP\Tema4\Tomcat\apache-tomcat-9.0.58
12-Feb-2022 03:51:01.896 INFO [main] org.apache.catalina.startup.VersionLoggerListener.log CATALINA_HOME:                     E:\2º DAM\PSP\Tema4\Tomcat\apache-tomcat-9.0.58
12-Feb-2022 03:51:01.900 INFO [main] org.apache.catalina.startup.VersionLoggerListener.log Command line argument:             --add-opens=java.base/java.lang=ALL-UNNAMED
12-Feb-2022 03:51:01.900 INFO [main] org.apache.catalina.startup.VersionLoggerListener.log Command line argument:             --add-opens=java.base/java.io=ALL-UNNAMED
12-Feb-2022 03:51:01.900 INFO [main] org.apache.catalina.startup.VersionLoggerListener.log Command line argument:             --add-opens=java.base/java.util=ALL-UNNAMED
12-Feb-2022 03:51:01.900 INFO [main] org.apache.catalina.startup.VersionLoggerListener.log Command line argument:             --add-opens=java.base/java.util.concurrent=ALL-UNNAMED
12-Feb-2022 03:51:01.901 INFO [main] org.apache.catalina.startup.VersionLoggerListener.log Command line argument:             --add-opens=java.rmi/sun.rmi.transport=ALL-UNNAMED
12-Feb-2022 03:51:01.904 INFO [main] org.apache.catalina.startup.VersionLoggerListener.log Command line argument:             -Djava.util.logging.config.file=E:\2º DAM\PSP\Tema4\Tomcat\apache-tomcat-9.0.58\conf\logging.properties
12-Feb-2022 03:51:01.904 INFO [main] org.apache.catalina.startup.VersionLoggerListener.log Command line argument:             -Djava.util.logging.manager=org.apache.juli.ClassLoaderLogManager
12-Feb-2022 03:51:01.905 INFO [main] org.apache.catalina.startup.VersionLoggerListener.log Command line argument:             -Djdk.tls.ephemeralDHKeySize=2048
12-Feb-2022 03:51:01.905 INFO [main] org.apache.catalina.startup.VersionLoggerListener.log Command line argument:             -Djava.protocol.handler.pkgs=org.apache.catalina.webresources
12-Feb-2022 03:51:01.905 INFO [main] org.apache.catalina.startup.VersionLoggerListener.log Command line argument:             -Dignore.endorsed.dirs=
12-Feb-2022 03:51:01.907 INFO [main] org.apache.catalina.startup.VersionLoggerListener.log Command line argument:             -Dcatalina.base=E:\2º DAM\PSP\Tema4\Tomcat\apache-tomcat-9.0.58
12-Feb-2022 03:51:01.907 INFO [main] org.apache.catalina.startup.VersionLoggerListener.log Command line argument:             -Dcatalina.home=E:\2º DAM\PSP\Tema4\Tomcat\apache-tomcat-9.0.58
12-Feb-2022 03:51:01.907 INFO [main] org.apache.catalina.startup.VersionLoggerListener.log Command line argument:             -Djava.io.tmpdir=E:\2º DAM\PSP\Tema4\Tomcat\apache-tomcat-9.0.58\temp
12-Feb-2022 03:51:01.910 INFO [main] org.apache.catalina.core.AprLifecycleListener.lifecycleEvent La biblioteca nativa de Apache Tomcat basada en ARP que permite un rendimiento óptimo en entornos de desarrollo no ha sido hallada en java.library.path: [C:\Program Files\Java\jdk-17.0.2\bin;C:\Windows\Sun\Java\bin;C:\Windows\system32;C:\Windows;C:\Program Files\Common Files\Oracle\Java\javapath;C:\Program Files\Eclipse Foundation\jdk-16.0.2.7-hotspot\bin;C:\Windows\system32;C:\Windows;C:\Windows\System32\Wbem;C:\Windows\System32\WindowsPowerShell\v1.0\;C:\Windows\System32\OpenSSH\;C:\Program Files\dotnet\;C:\Program Files\Git\cmd;C:\Users\ALEX\AppData\Local\Programs\Python\Python310;C:\Users\ALEX\AppData\Local\Programs\Python\Python310\Scripts;C:\Program Files\Java\jdk-17.0.2\bin;C:\Program Files\MySQL\MySQL Shell 8.0\bin\;C:\Users\ALEX\AppData\Local\Microsoft\WindowsApps;C:\Users\ALEX\AppData\Local\Programs\Microsoft VS Code\bin;C:\Users\ALEX\.dotnet\tools;C:\Users\ALEX\AppData\Local\GitHubDesktop\bin;.]
12-Feb-2022 03:51:02.053 INFO [main] org.apache.coyote.AbstractProtocol.init Inicializando el manejador de protocolo ["http-nio-8080"]

12-Feb-2022 03:51:02.067 INFO [main] org.apache.catalina.startup.Catalina.load Server initialization in [288] milliseconds
12-Feb-2022 03:51:02.096 INFO [main] org.apache.catalina.core.StandardService.startInternal Arrancando servicio [Catalina]
12-Feb-2022 03:51:02.096 INFO [main] org.apache.catalina.core.StandardEngine.startInternal Starting Servlet engine: [Apache Tomcat/9.0.58]
12-Feb-2022 03:51:02.102 INFO [main] org.apache.catalina.startup.HostConfig.deployDirectory Desplegando el directorio [E:\2º DAM\PSP\Tema4\Tomcat\apache-tomcat-9.0.58\webapps\docs] de la aplicación web
12-Feb-2022 03:51:02.402 INFO [main] org.apache.jasper.servlet.TldScanner.scanJars Al menos un JAR, que se ha explorado buscando TLDs, aún no contenía TLDs. Activar historial de depuración para este historiador para una completa lista de los JARs que fueron explorados y de los que nos se halló TLDs. Saltarse JARs no necesarios durante la exploración puede dar lugar a una mejora de tiempo significativa en el arranque y compilación de JSP .
12-Feb-2022 03:51:02.449 INFO [main] org.apache.catalina.startup.HostConfig.deployDirectory Deployment of web application directory [E:\2º DAM\PSP\Tema4\Tomcat\apache-tomcat-9.0.58\webapps\docs] has finished in [347] ms
12-Feb-2022 03:51:02.449 INFO [main] org.apache.catalina.startup.HostConfig.deployDirectory Desplegando el directorio [E:\2º DAM\PSP\Tema4\Tomcat\apache-tomcat-9.0.58\webapps\examples] de la aplicación web
12-Feb-2022 03:51:02.745 INFO [main] org.apache.jasper.servlet.TldScanner.scanJars Al menos un JAR, que se ha explorado buscando TLDs, aún no contenía TLDs. Activar historial de depuración para este historiador para una completa lista de los JARs que fueron explorados y de los que nos se halló TLDs. Saltarse JARs no necesarios durante la exploración puede dar lugar a una mejora de tiempo significativa en el arranque y compilación de JSP .
12-Feb-2022 03:51:02.778 INFO [main] org.apache.catalina.startup.HostConfig.deployDirectory Deployment of web application directory [E:\2º DAM\PSP\Tema4\Tomcat\apache-tomcat-9.0.58\webapps\examples] has finished in [329] ms
12-Feb-2022 03:51:02.779 INFO [main] org.apache.catalina.startup.HostConfig.deployDirectory Desplegando el directorio [E:\2º DAM\PSP\Tema4\Tomcat\apache-tomcat-9.0.58\webapps\host-manager] de la aplicación web
12-Feb-2022 03:51:02.944 INFO [main] org.apache.jasper.servlet.TldScanner.scanJars Al menos un JAR, que se ha explorado buscando TLDs, aún no contenía TLDs. Activar historial de depuración para este historiador para una completa lista de los JARs que fueron explorados y de los que nos se halló TLDs. Saltarse JARs no necesarios durante la exploración puede dar lugar a una mejora de tiempo significativa en el arranque y compilación de JSP .
12-Feb-2022 03:51:02.948 INFO [main] org.apache.catalina.startup.HostConfig.deployDirectory Deployment of web application directory [E:\2º DAM\PSP\Tema4\Tomcat\apache-tomcat-9.0.58\webapps\host-manager] has finished in [169] ms
12-Feb-2022 03:51:02.949 INFO [main] org.apache.catalina.startup.HostConfig.deployDirectory Desplegando el directorio [E:\2º DAM\PSP\Tema4\Tomcat\apache-tomcat-9.0.58\webapps\manager] de la aplicación web
12-Feb-2022 03:51:03.119 INFO [main] org.apache.jasper.servlet.TldScanner.scanJars Al menos un JAR, que se ha explorado buscando TLDs, aún no contenía TLDs. Activar historial de depuración para este historiador para una completa lista de los JARs que fueron explorados y de los que nos se halló TLDs. Saltarse JARs no necesarios durante la exploración puede dar lugar a una mejora de tiempo significativa en el arranque y compilación de JSP .
12-Feb-2022 03:51:03.121 INFO [main] org.apache.catalina.startup.HostConfig.deployDirectory Deployment of web application directory [E:\2º DAM\PSP\Tema4\Tomcat\apache-tomcat-9.0.58\webapps\manager] has finished in [172] ms
12-Feb-2022 03:51:03.122 INFO [main] org.apache.catalina.startup.HostConfig.deployDirectory Desplegando el directorio [E:\2º DAM\PSP\Tema4\Tomcat\apache-tomcat-9.0.58\webapps\practica] de la aplicación web
12-Feb-2022 03:51:03.385 INFO [main] org.apache.jasper.servlet.TldScanner.scanJars Al menos un JAR, que se ha explorado buscando TLDs, aún no contenía TLDs. Activar historial de depuración para este historiador para una completa lista de los JARs que fueron explorados y de los que nos se halló TLDs. Saltarse JARs no necesarios durante la exploración puede dar lugar a una mejora de tiempo significativa en el arranque y compilación de JSP .
12-Feb-2022 03:51:03.399 INFO [main] org.apache.catalina.startup.HostConfig.deployDirectory Deployment of web application directory [E:\2º DAM\PSP\Tema4\Tomcat\apache-tomcat-9.0.58\webapps\practica] has finished in [277] ms
12-Feb-2022 03:51:03.399 INFO [main] org.apache.catalina.startup.HostConfig.deployDirectory Desplegando el directorio [E:\2º DAM\PSP\Tema4\Tomcat\apache-tomcat-9.0.58\webapps\ROOT] de la aplicación web
12-Feb-2022 03:51:03.556 INFO [main] org.apache.jasper.servlet.TldScanner.scanJars Al menos un JAR, que se ha explorado buscando TLDs, aún no contenía TLDs. Activar historial de depuración para este historiador para una completa lista de los JARs que fueron explorados y de los que nos se halló TLDs. Saltarse JARs no necesarios durante la exploración puede dar lugar a una mejora de tiempo significativa en el arranque y compilación de JSP .
12-Feb-2022 03:51:03.558 INFO [main] org.apache.catalina.startup.HostConfig.deployDirectory Deployment of web application directory [E:\2º DAM\PSP\Tema4\Tomcat\apache-tomcat-9.0.58\webapps\ROOT] has finished in [159] ms
12-Feb-2022 03:51:03.560 INFO [main] org.apache.coyote.AbstractProtocol.start Starting ProtocolHandler ["http-nio-8080"]
12-Feb-2022 03:51:03.603 INFO [main] org.apache.catalina.startup.Catalina.start Server startup in [1534] milliseconds
12-Feb-2022 04:03:20.754 INFO [Thread-2] org.apache.coyote.AbstractProtocol.pause Pausing ProtocolHandler ["http-nio-8080"]
12-Feb-2022 04:03:20.775 INFO [Thread-2] org.apache.catalina.core.StandardService.stopInternal Parando servicio [Catalina]
12-Feb-2022 04:03:20.790 WARNING [Thread-2] org.apache.catalina.loader.WebappClassLoaderBase.clearReferencesJdbc La aplicación web [practica] registró el conductor JDBC [org.sqlite.JDBC] pero falló al anular el registro mientras la aplicación web estaba parada. Para prevenir un fallo de memoria, se ha anulado el registro del conductor JDBC por la fuerza.
12-Feb-2022 04:03:20.791 INFO [Thread-2] org.apache.coyote.AbstractProtocol.stop Stopping ProtocolHandler ["http-nio-8080"]
12-Feb-2022 04:03:20.801 INFO [Thread-2] org.apache.coyote.AbstractProtocol.destroy Destroying ProtocolHandler ["http-nio-8080"]
12-Feb-2022 04:03:24.372 INFO [main] org.apache.catalina.startup.VersionLoggerListener.log Nombre de la versión del servidor: Apache Tomcat/9.0.58
12-Feb-2022 04:03:24.375 INFO [main] org.apache.catalina.startup.VersionLoggerListener.log Server built:                      Jan 15 2022 14:37:38 UTC
12-Feb-2022 04:03:24.376 INFO [main] org.apache.catalina.startup.VersionLoggerListener.log Número de versión de servidor:     9.0.58.0
12-Feb-2022 04:03:24.376 INFO [main] org.apache.catalina.startup.VersionLoggerListener.log OS Name:                           Windows 10
12-Feb-2022 04:03:24.378 INFO [main] org.apache.catalina.startup.VersionLoggerListener.log Versión de Systema Operativo:      10.0
12-Feb-2022 04:03:24.378 INFO [main] org.apache.catalina.startup.VersionLoggerListener.log Arquitectura:                      amd64
12-Feb-2022 04:03:24.378 INFO [main] org.apache.catalina.startup.VersionLoggerListener.log Java Home:                         C:\Program Files\Java\jdk-17.0.2
12-Feb-2022 04:03:24.379 INFO [main] org.apache.catalina.startup.VersionLoggerListener.log JVM Version:                       17.0.2+8-LTS-86
12-Feb-2022 04:03:24.379 INFO [main] org.apache.catalina.startup.VersionLoggerListener.log Vededor JVM:                       Oracle Corporation
12-Feb-2022 04:03:24.379 INFO [main] org.apache.catalina.startup.VersionLoggerListener.log CATALINA_BASE:                     E:\2º DAM\PSP\Tema4\Tomcat\apache-tomcat-9.0.58
12-Feb-2022 04:03:24.379 INFO [main] org.apache.catalina.startup.VersionLoggerListener.log CATALINA_HOME:                     E:\2º DAM\PSP\Tema4\Tomcat\apache-tomcat-9.0.58
12-Feb-2022 04:03:24.381 INFO [main] org.apache.catalina.startup.VersionLoggerListener.log Command line argument:             --add-opens=java.base/java.lang=ALL-UNNAMED
12-Feb-2022 04:03:24.382 INFO [main] org.apache.catalina.startup.VersionLoggerListener.log Command line argument:             --add-opens=java.base/java.io=ALL-UNNAMED
12-Feb-2022 04:03:24.382 INFO [main] org.apache.catalina.startup.VersionLoggerListener.log Command line argument:             --add-opens=java.base/java.util=ALL-UNNAMED
12-Feb-2022 04:03:24.382 INFO [main] org.apache.catalina.startup.VersionLoggerListener.log Command line argument:             --add-opens=java.base/java.util.concurrent=ALL-UNNAMED
12-Feb-2022 04:03:24.382 INFO [main] org.apache.catalina.startup.VersionLoggerListener.log Command line argument:             --add-opens=java.rmi/sun.rmi.transport=ALL-UNNAMED
12-Feb-2022 04:03:24.382 INFO [main] org.apache.catalina.startup.VersionLoggerListener.log Command line argument:             -Djava.util.logging.config.file=E:\2º DAM\PSP\Tema4\Tomcat\apache-tomcat-9.0.58\conf\logging.properties
12-Feb-2022 04:03:24.383 INFO [main] org.apache.catalina.startup.VersionLoggerListener.log Command line argument:             -Djava.util.logging.manager=org.apache.juli.ClassLoaderLogManager
12-Feb-2022 04:03:24.383 INFO [main] org.apache.catalina.startup.VersionLoggerListener.log Command line argument:             -Djdk.tls.ephemeralDHKeySize=2048
12-Feb-2022 04:03:24.383 INFO [main] org.apache.catalina.startup.VersionLoggerListener.log Command line argument:             -Djava.protocol.handler.pkgs=org.apache.catalina.webresources
12-Feb-2022 04:03:24.383 INFO [main] org.apache.catalina.startup.VersionLoggerListener.log Command line argument:             -Dignore.endorsed.dirs=
12-Feb-2022 04:03:24.384 INFO [main] org.apache.catalina.startup.VersionLoggerListener.log Command line argument:             -Dcatalina.base=E:\2º DAM\PSP\Tema4\Tomcat\apache-tomcat-9.0.58
12-Feb-2022 04:03:24.384 INFO [main] org.apache.catalina.startup.VersionLoggerListener.log Command line argument:             -Dcatalina.home=E:\2º DAM\PSP\Tema4\Tomcat\apache-tomcat-9.0.58
12-Feb-2022 04:03:24.384 INFO [main] org.apache.catalina.startup.VersionLoggerListener.log Command line argument:             -Djava.io.tmpdir=E:\2º DAM\PSP\Tema4\Tomcat\apache-tomcat-9.0.58\temp
12-Feb-2022 04:03:24.387 INFO [main] org.apache.catalina.core.AprLifecycleListener.lifecycleEvent La biblioteca nativa de Apache Tomcat basada en ARP que permite un rendimiento óptimo en entornos de desarrollo no ha sido hallada en java.library.path: [C:\Program Files\Java\jdk-17.0.2\bin;C:\Windows\Sun\Java\bin;C:\Windows\system32;C:\Windows;C:\Program Files\Common Files\Oracle\Java\javapath;C:\Program Files\Eclipse Foundation\jdk-16.0.2.7-hotspot\bin;C:\Windows\system32;C:\Windows;C:\Windows\System32\Wbem;C:\Windows\System32\WindowsPowerShell\v1.0\;C:\Windows\System32\OpenSSH\;C:\Program Files\dotnet\;C:\Program Files\Git\cmd;C:\Users\ALEX\AppData\Local\Programs\Python\Python310;C:\Users\ALEX\AppData\Local\Programs\Python\Python310\Scripts;C:\Program Files\Java\jdk-17.0.2\bin;C:\Program Files\MySQL\MySQL Shell 8.0\bin\;C:\Users\ALEX\AppData\Local\Microsoft\WindowsApps;C:\Users\ALEX\AppData\Local\Programs\Microsoft VS Code\bin;C:\Users\ALEX\.dotnet\tools;C:\Users\ALEX\AppData\Local\GitHubDesktop\bin;.]
12-Feb-2022 04:03:24.532 INFO [main] org.apache.coyote.AbstractProtocol.init Inicializando el manejador de protocolo ["http-nio-8080"]

12-Feb-2022 04:03:24.549 INFO [main] org.apache.catalina.startup.Catalina.load Server initialization in [290] milliseconds
12-Feb-2022 04:03:24.583 INFO [main] org.apache.catalina.core.StandardService.startInternal Arrancando servicio [Catalina]
12-Feb-2022 04:03:24.583 INFO [main] org.apache.catalina.core.StandardEngine.startInternal Starting Servlet engine: [Apache Tomcat/9.0.58]
12-Feb-2022 04:03:24.589 INFO [main] org.apache.catalina.startup.HostConfig.deployDirectory Desplegando el directorio [E:\2º DAM\PSP\Tema4\Tomcat\apache-tomcat-9.0.58\webapps\docs] de la aplicación web
12-Feb-2022 04:03:24.901 INFO [main] org.apache.jasper.servlet.TldScanner.scanJars Al menos un JAR, que se ha explorado buscando TLDs, aún no contenía TLDs. Activar historial de depuración para este historiador para una completa lista de los JARs que fueron explorados y de los que nos se halló TLDs. Saltarse JARs no necesarios durante la exploración puede dar lugar a una mejora de tiempo significativa en el arranque y compilación de JSP .
12-Feb-2022 04:03:24.950 INFO [main] org.apache.catalina.startup.HostConfig.deployDirectory Deployment of web application directory [E:\2º DAM\PSP\Tema4\Tomcat\apache-tomcat-9.0.58\webapps\docs] has finished in [360] ms
12-Feb-2022 04:03:24.950 INFO [main] org.apache.catalina.startup.HostConfig.deployDirectory Desplegando el directorio [E:\2º DAM\PSP\Tema4\Tomcat\apache-tomcat-9.0.58\webapps\examples] de la aplicación web
12-Feb-2022 04:03:25.247 INFO [main] org.apache.jasper.servlet.TldScanner.scanJars Al menos un JAR, que se ha explorado buscando TLDs, aún no contenía TLDs. Activar historial de depuración para este historiador para una completa lista de los JARs que fueron explorados y de los que nos se halló TLDs. Saltarse JARs no necesarios durante la exploración puede dar lugar a una mejora de tiempo significativa en el arranque y compilación de JSP .
12-Feb-2022 04:03:25.281 INFO [main] org.apache.catalina.startup.HostConfig.deployDirectory Deployment of web application directory [E:\2º DAM\PSP\Tema4\Tomcat\apache-tomcat-9.0.58\webapps\examples] has finished in [331] ms
12-Feb-2022 04:03:25.281 INFO [main] org.apache.catalina.startup.HostConfig.deployDirectory Desplegando el directorio [E:\2º DAM\PSP\Tema4\Tomcat\apache-tomcat-9.0.58\webapps\host-manager] de la aplicación web
12-Feb-2022 04:03:25.450 INFO [main] org.apache.jasper.servlet.TldScanner.scanJars Al menos un JAR, que se ha explorado buscando TLDs, aún no contenía TLDs. Activar historial de depuración para este historiador para una completa lista de los JARs que fueron explorados y de los que nos se halló TLDs. Saltarse JARs no necesarios durante la exploración puede dar lugar a una mejora de tiempo significativa en el arranque y compilación de JSP .
12-Feb-2022 04:03:25.454 INFO [main] org.apache.catalina.startup.HostConfig.deployDirectory Deployment of web application directory [E:\2º DAM\PSP\Tema4\Tomcat\apache-tomcat-9.0.58\webapps\host-manager] has finished in [173] ms
12-Feb-2022 04:03:25.454 INFO [main] org.apache.catalina.startup.HostConfig.deployDirectory Desplegando el directorio [E:\2º DAM\PSP\Tema4\Tomcat\apache-tomcat-9.0.58\webapps\manager] de la aplicación web
12-Feb-2022 04:03:25.621 INFO [main] org.apache.jasper.servlet.TldScanner.scanJars Al menos un JAR, que se ha explorado buscando TLDs, aún no contenía TLDs. Activar historial de depuración para este historiador para una completa lista de los JARs que fueron explorados y de los que nos se halló TLDs. Saltarse JARs no necesarios durante la exploración puede dar lugar a una mejora de tiempo significativa en el arranque y compilación de JSP .
12-Feb-2022 04:03:25.623 INFO [main] org.apache.catalina.startup.HostConfig.deployDirectory Deployment of web application directory [E:\2º DAM\PSP\Tema4\Tomcat\apache-tomcat-9.0.58\webapps\manager] has finished in [168] ms
12-Feb-2022 04:03:25.623 INFO [main] org.apache.catalina.startup.HostConfig.deployDirectory Desplegando el directorio [E:\2º DAM\PSP\Tema4\Tomcat\apache-tomcat-9.0.58\webapps\practica] de la aplicación web
12-Feb-2022 04:03:25.888 INFO [main] org.apache.jasper.servlet.TldScanner.scanJars Al menos un JAR, que se ha explorado buscando TLDs, aún no contenía TLDs. Activar historial de depuración para este historiador para una completa lista de los JARs que fueron explorados y de los que nos se halló TLDs. Saltarse JARs no necesarios durante la exploración puede dar lugar a una mejora de tiempo significativa en el arranque y compilación de JSP .
12-Feb-2022 04:03:25.893 INFO [main] org.apache.catalina.startup.HostConfig.deployDirectory Deployment of web application directory [E:\2º DAM\PSP\Tema4\Tomcat\apache-tomcat-9.0.58\webapps\practica] has finished in [270] ms
12-Feb-2022 04:03:25.893 INFO [main] org.apache.catalina.startup.HostConfig.deployDirectory Desplegando el directorio [E:\2º DAM\PSP\Tema4\Tomcat\apache-tomcat-9.0.58\webapps\ROOT] de la aplicación web
12-Feb-2022 04:03:26.054 INFO [main] org.apache.jasper.servlet.TldScanner.scanJars Al menos un JAR, que se ha explorado buscando TLDs, aún no contenía TLDs. Activar historial de depuración para este historiador para una completa lista de los JARs que fueron explorados y de los que nos se halló TLDs. Saltarse JARs no necesarios durante la exploración puede dar lugar a una mejora de tiempo significativa en el arranque y compilación de JSP .
12-Feb-2022 04:03:26.056 INFO [main] org.apache.catalina.startup.HostConfig.deployDirectory Deployment of web application directory [E:\2º DAM\PSP\Tema4\Tomcat\apache-tomcat-9.0.58\webapps\ROOT] has finished in [163] ms
12-Feb-2022 04:03:26.058 INFO [main] org.apache.coyote.AbstractProtocol.start Starting ProtocolHandler ["http-nio-8080"]
12-Feb-2022 04:03:26.099 INFO [main] org.apache.catalina.startup.Catalina.start Server startup in [1549] milliseconds
12-Feb-2022 04:07:03.233 INFO [Thread-2] org.apache.coyote.AbstractProtocol.pause Pausing ProtocolHandler ["http-nio-8080"]
12-Feb-2022 04:07:03.255 INFO [Thread-2] org.apache.catalina.core.StandardService.stopInternal Parando servicio [Catalina]
12-Feb-2022 04:07:03.271 WARNING [Thread-2] org.apache.catalina.loader.WebappClassLoaderBase.clearReferencesJdbc La aplicación web [practica] registró el conductor JDBC [org.sqlite.JDBC] pero falló al anular el registro mientras la aplicación web estaba parada. Para prevenir un fallo de memoria, se ha anulado el registro del conductor JDBC por la fuerza.
12-Feb-2022 04:07:03.272 INFO [Thread-2] org.apache.coyote.AbstractProtocol.stop Stopping ProtocolHandler ["http-nio-8080"]
12-Feb-2022 04:07:03.287 INFO [Thread-2] org.apache.coyote.AbstractProtocol.destroy Destroying ProtocolHandler ["http-nio-8080"]
12-Feb-2022 04:07:08.016 INFO [main] org.apache.catalina.startup.VersionLoggerListener.log Nombre de la versión del servidor: Apache Tomcat/9.0.58
12-Feb-2022 04:07:08.019 INFO [main] org.apache.catalina.startup.VersionLoggerListener.log Server built:                      Jan 15 2022 14:37:38 UTC
12-Feb-2022 04:07:08.019 INFO [main] org.apache.catalina.startup.VersionLoggerListener.log Número de versión de servidor:     9.0.58.0
12-Feb-2022 04:07:08.019 INFO [main] org.apache.catalina.startup.VersionLoggerListener.log OS Name:                           Windows 10
12-Feb-2022 04:07:08.019 INFO [main] org.apache.catalina.startup.VersionLoggerListener.log Versión de Systema Operativo:      10.0
12-Feb-2022 04:07:08.019 INFO [main] org.apache.catalina.startup.VersionLoggerListener.log Arquitectura:                      amd64
12-Feb-2022 04:07:08.020 INFO [main] org.apache.catalina.startup.VersionLoggerListener.log Java Home:                         C:\Program Files\Java\jdk-17.0.2
12-Feb-2022 04:07:08.020 INFO [main] org.apache.catalina.startup.VersionLoggerListener.log JVM Version:                       17.0.2+8-LTS-86
12-Feb-2022 04:07:08.020 INFO [main] org.apache.catalina.startup.VersionLoggerListener.log Vededor JVM:                       Oracle Corporation
12-Feb-2022 04:07:08.020 INFO [main] org.apache.catalina.startup.VersionLoggerListener.log CATALINA_BASE:                     E:\2º DAM\PSP\Tema4\Tomcat\apache-tomcat-9.0.58
12-Feb-2022 04:07:08.021 INFO [main] org.apache.catalina.startup.VersionLoggerListener.log CATALINA_HOME:                     E:\2º DAM\PSP\Tema4\Tomcat\apache-tomcat-9.0.58
12-Feb-2022 04:07:08.025 INFO [main] org.apache.catalina.startup.VersionLoggerListener.log Command line argument:             --add-opens=java.base/java.lang=ALL-UNNAMED
12-Feb-2022 04:07:08.025 INFO [main] org.apache.catalina.startup.VersionLoggerListener.log Command line argument:             --add-opens=java.base/java.io=ALL-UNNAMED
12-Feb-2022 04:07:08.025 INFO [main] org.apache.catalina.startup.VersionLoggerListener.log Command line argument:             --add-opens=java.base/java.util=ALL-UNNAMED
12-Feb-2022 04:07:08.026 INFO [main] org.apache.catalina.startup.VersionLoggerListener.log Command line argument:             --add-opens=java.base/java.util.concurrent=ALL-UNNAMED
12-Feb-2022 04:07:08.027 INFO [main] org.apache.catalina.startup.VersionLoggerListener.log Command line argument:             --add-opens=java.rmi/sun.rmi.transport=ALL-UNNAMED
12-Feb-2022 04:07:08.027 INFO [main] org.apache.catalina.startup.VersionLoggerListener.log Command line argument:             -Djava.util.logging.config.file=E:\2º DAM\PSP\Tema4\Tomcat\apache-tomcat-9.0.58\conf\logging.properties
12-Feb-2022 04:07:08.027 INFO [main] org.apache.catalina.startup.VersionLoggerListener.log Command line argument:             -Djava.util.logging.manager=org.apache.juli.ClassLoaderLogManager
12-Feb-2022 04:07:08.028 INFO [main] org.apache.catalina.startup.VersionLoggerListener.log Command line argument:             -Djdk.tls.ephemeralDHKeySize=2048
12-Feb-2022 04:07:08.028 INFO [main] org.apache.catalina.startup.VersionLoggerListener.log Command line argument:             -Djava.protocol.handler.pkgs=org.apache.catalina.webresources
12-Feb-2022 04:07:08.028 INFO [main] org.apache.catalina.startup.VersionLoggerListener.log Command line argument:             -Dignore.endorsed.dirs=
12-Feb-2022 04:07:08.028 INFO [main] org.apache.catalina.startup.VersionLoggerListener.log Command line argument:             -Dcatalina.base=E:\2º DAM\PSP\Tema4\Tomcat\apache-tomcat-9.0.58
12-Feb-2022 04:07:08.028 INFO [main] org.apache.catalina.startup.VersionLoggerListener.log Command line argument:             -Dcatalina.home=E:\2º DAM\PSP\Tema4\Tomcat\apache-tomcat-9.0.58
12-Feb-2022 04:07:08.029 INFO [main] org.apache.catalina.startup.VersionLoggerListener.log Command line argument:             -Djava.io.tmpdir=E:\2º DAM\PSP\Tema4\Tomcat\apache-tomcat-9.0.58\temp
12-Feb-2022 04:07:08.031 INFO [main] org.apache.catalina.core.AprLifecycleListener.lifecycleEvent La biblioteca nativa de Apache Tomcat basada en ARP que permite un rendimiento óptimo en entornos de desarrollo no ha sido hallada en java.library.path: [C:\Program Files\Java\jdk-17.0.2\bin;C:\Windows\Sun\Java\bin;C:\Windows\system32;C:\Windows;C:\Program Files\Common Files\Oracle\Java\javapath;C:\Program Files\Eclipse Foundation\jdk-16.0.2.7-hotspot\bin;C:\Windows\system32;C:\Windows;C:\Windows\System32\Wbem;C:\Windows\System32\WindowsPowerShell\v1.0\;C:\Windows\System32\OpenSSH\;C:\Program Files\dotnet\;C:\Program Files\Git\cmd;C:\Users\ALEX\AppData\Local\Programs\Python\Python310;C:\Users\ALEX\AppData\Local\Programs\Python\Python310\Scripts;C:\Program Files\Java\jdk-17.0.2\bin;C:\Program Files\MySQL\MySQL Shell 8.0\bin\;C:\Users\ALEX\AppData\Local\Microsoft\WindowsApps;C:\Users\ALEX\AppData\Local\Programs\Microsoft VS Code\bin;C:\Users\ALEX\.dotnet\tools;C:\Users\ALEX\AppData\Local\GitHubDesktop\bin;.]
12-Feb-2022 04:07:08.179 INFO [main] org.apache.coyote.AbstractProtocol.init Inicializando el manejador de protocolo ["http-nio-8080"]

12-Feb-2022 04:07:08.193 INFO [main] org.apache.catalina.startup.Catalina.load Server initialization in [288] milliseconds
12-Feb-2022 04:07:08.222 INFO [main] org.apache.catalina.core.StandardService.startInternal Arrancando servicio [Catalina]
12-Feb-2022 04:07:08.222 INFO [main] org.apache.catalina.core.StandardEngine.startInternal Starting Servlet engine: [Apache Tomcat/9.0.58]
12-Feb-2022 04:07:08.228 INFO [main] org.apache.catalina.startup.HostConfig.deployDirectory Desplegando el directorio [E:\2º DAM\PSP\Tema4\Tomcat\apache-tomcat-9.0.58\webapps\docs] de la aplicación web
12-Feb-2022 04:07:08.560 INFO [main] org.apache.jasper.servlet.TldScanner.scanJars Al menos un JAR, que se ha explorado buscando TLDs, aún no contenía TLDs. Activar historial de depuración para este historiador para una completa lista de los JARs que fueron explorados y de los que nos se halló TLDs. Saltarse JARs no necesarios durante la exploración puede dar lugar a una mejora de tiempo significativa en el arranque y compilación de JSP .
12-Feb-2022 04:07:08.607 INFO [main] org.apache.catalina.startup.HostConfig.deployDirectory Deployment of web application directory [E:\2º DAM\PSP\Tema4\Tomcat\apache-tomcat-9.0.58\webapps\docs] has finished in [378] ms
12-Feb-2022 04:07:08.608 INFO [main] org.apache.catalina.startup.HostConfig.deployDirectory Desplegando el directorio [E:\2º DAM\PSP\Tema4\Tomcat\apache-tomcat-9.0.58\webapps\examples] de la aplicación web
12-Feb-2022 04:07:08.914 INFO [main] org.apache.jasper.servlet.TldScanner.scanJars Al menos un JAR, que se ha explorado buscando TLDs, aún no contenía TLDs. Activar historial de depuración para este historiador para una completa lista de los JARs que fueron explorados y de los que nos se halló TLDs. Saltarse JARs no necesarios durante la exploración puede dar lugar a una mejora de tiempo significativa en el arranque y compilación de JSP .
12-Feb-2022 04:07:08.951 INFO [main] org.apache.catalina.startup.HostConfig.deployDirectory Deployment of web application directory [E:\2º DAM\PSP\Tema4\Tomcat\apache-tomcat-9.0.58\webapps\examples] has finished in [343] ms
12-Feb-2022 04:07:08.951 INFO [main] org.apache.catalina.startup.HostConfig.deployDirectory Desplegando el directorio [E:\2º DAM\PSP\Tema4\Tomcat\apache-tomcat-9.0.58\webapps\host-manager] de la aplicación web
12-Feb-2022 04:07:09.124 INFO [main] org.apache.jasper.servlet.TldScanner.scanJars Al menos un JAR, que se ha explorado buscando TLDs, aún no contenía TLDs. Activar historial de depuración para este historiador para una completa lista de los JARs que fueron explorados y de los que nos se halló TLDs. Saltarse JARs no necesarios durante la exploración puede dar lugar a una mejora de tiempo significativa en el arranque y compilación de JSP .
12-Feb-2022 04:07:09.128 INFO [main] org.apache.catalina.startup.HostConfig.deployDirectory Deployment of web application directory [E:\2º DAM\PSP\Tema4\Tomcat\apache-tomcat-9.0.58\webapps\host-manager] has finished in [177] ms
12-Feb-2022 04:07:09.128 INFO [main] org.apache.catalina.startup.HostConfig.deployDirectory Desplegando el directorio [E:\2º DAM\PSP\Tema4\Tomcat\apache-tomcat-9.0.58\webapps\manager] de la aplicación web
12-Feb-2022 04:07:09.306 INFO [main] org.apache.jasper.servlet.TldScanner.scanJars Al menos un JAR, que se ha explorado buscando TLDs, aún no contenía TLDs. Activar historial de depuración para este historiador para una completa lista de los JARs que fueron explorados y de los que nos se halló TLDs. Saltarse JARs no necesarios durante la exploración puede dar lugar a una mejora de tiempo significativa en el arranque y compilación de JSP .
12-Feb-2022 04:07:09.309 INFO [main] org.apache.catalina.startup.HostConfig.deployDirectory Deployment of web application directory [E:\2º DAM\PSP\Tema4\Tomcat\apache-tomcat-9.0.58\webapps\manager] has finished in [181] ms
12-Feb-2022 04:07:09.309 INFO [main] org.apache.catalina.startup.HostConfig.deployDirectory Desplegando el directorio [E:\2º DAM\PSP\Tema4\Tomcat\apache-tomcat-9.0.58\webapps\practica] de la aplicación web
12-Feb-2022 04:07:09.595 INFO [main] org.apache.jasper.servlet.TldScanner.scanJars Al menos un JAR, que se ha explorado buscando TLDs, aún no contenía TLDs. Activar historial de depuración para este historiador para una completa lista de los JARs que fueron explorados y de los que nos se halló TLDs. Saltarse JARs no necesarios durante la exploración puede dar lugar a una mejora de tiempo significativa en el arranque y compilación de JSP .
12-Feb-2022 04:07:09.601 INFO [main] org.apache.catalina.startup.HostConfig.deployDirectory Deployment of web application directory [E:\2º DAM\PSP\Tema4\Tomcat\apache-tomcat-9.0.58\webapps\practica] has finished in [292] ms
12-Feb-2022 04:07:09.601 INFO [main] org.apache.catalina.startup.HostConfig.deployDirectory Desplegando el directorio [E:\2º DAM\PSP\Tema4\Tomcat\apache-tomcat-9.0.58\webapps\ROOT] de la aplicación web
12-Feb-2022 04:07:09.754 INFO [main] org.apache.jasper.servlet.TldScanner.scanJars Al menos un JAR, que se ha explorado buscando TLDs, aún no contenía TLDs. Activar historial de depuración para este historiador para una completa lista de los JARs que fueron explorados y de los que nos se halló TLDs. Saltarse JARs no necesarios durante la exploración puede dar lugar a una mejora de tiempo significativa en el arranque y compilación de JSP .
12-Feb-2022 04:07:09.757 INFO [main] org.apache.catalina.startup.HostConfig.deployDirectory Deployment of web application directory [E:\2º DAM\PSP\Tema4\Tomcat\apache-tomcat-9.0.58\webapps\ROOT] has finished in [156] ms
12-Feb-2022 04:07:09.759 INFO [main] org.apache.coyote.AbstractProtocol.start Starting ProtocolHandler ["http-nio-8080"]
12-Feb-2022 04:07:09.799 INFO [main] org.apache.catalina.startup.Catalina.start Server startup in [1604] milliseconds
12-Feb-2022 04:09:41.160 INFO [Thread-2] org.apache.coyote.AbstractProtocol.pause Pausing ProtocolHandler ["http-nio-8080"]
12-Feb-2022 04:09:41.168 INFO [Thread-2] org.apache.catalina.core.StandardService.stopInternal Parando servicio [Catalina]
12-Feb-2022 04:09:41.207 WARNING [Thread-2] org.apache.catalina.loader.WebappClassLoaderBase.clearReferencesJdbc La aplicación web [practica] registró el conductor JDBC [org.sqlite.JDBC] pero falló al anular el registro mientras la aplicación web estaba parada. Para prevenir un fallo de memoria, se ha anulado el registro del conductor JDBC por la fuerza.
12-Feb-2022 04:09:41.208 INFO [Thread-2] org.apache.coyote.AbstractProtocol.stop Stopping ProtocolHandler ["http-nio-8080"]
12-Feb-2022 04:09:41.214 INFO [Thread-2] org.apache.coyote.AbstractProtocol.destroy Destroying ProtocolHandler ["http-nio-8080"]
