01-Feb-2022 19:36:54.399 INFO [main] org.apache.catalina.startup.VersionLoggerListener.log Server version name:   Apache Tomcat/9.0.58
01-Feb-2022 19:36:54.402 INFO [main] org.apache.catalina.startup.VersionLoggerListener.log Server built:          Jan 15 2022 14:37:38 UTC
01-Feb-2022 19:36:54.402 INFO [main] org.apache.catalina.startup.VersionLoggerListener.log Server version number: 9.0.58.0
01-Feb-2022 19:36:54.402 INFO [main] org.apache.catalina.startup.VersionLoggerListener.log OS Name:               Linux
01-Feb-2022 19:36:54.402 INFO [main] org.apache.catalina.startup.VersionLoggerListener.log OS Version:            4.15.0-161-generic
01-Feb-2022 19:36:54.402 INFO [main] org.apache.catalina.startup.VersionLoggerListener.log Architecture:          amd64
01-Feb-2022 19:36:54.402 INFO [main] org.apache.catalina.startup.VersionLoggerListener.log Java Home:             /media/sf_Tema4/Tomcat/jdk-17.0.2
01-Feb-2022 19:36:54.402 INFO [main] org.apache.catalina.startup.VersionLoggerListener.log JVM Version:           17.0.2+8-86
01-Feb-2022 19:36:54.402 INFO [main] org.apache.catalina.startup.VersionLoggerListener.log JVM Vendor:            Oracle Corporation
01-Feb-2022 19:36:54.402 INFO [main] org.apache.catalina.startup.VersionLoggerListener.log CATALINA_BASE:         /media/sf_Tema4/Tomcat/apache-tomcat-9.0.58
01-Feb-2022 19:36:54.403 INFO [main] org.apache.catalina.startup.VersionLoggerListener.log CATALINA_HOME:         /media/sf_Tema4/Tomcat/apache-tomcat-9.0.58
01-Feb-2022 19:36:54.468 INFO [main] org.apache.catalina.startup.VersionLoggerListener.log Command line argument: --add-opens=java.base/java.lang=ALL-UNNAMED
01-Feb-2022 19:36:54.468 INFO [main] org.apache.catalina.startup.VersionLoggerListener.log Command line argument: --add-opens=java.base/java.io=ALL-UNNAMED
01-Feb-2022 19:36:54.468 INFO [main] org.apache.catalina.startup.VersionLoggerListener.log Command line argument: --add-opens=java.base/java.util=ALL-UNNAMED
01-Feb-2022 19:36:54.468 INFO [main] org.apache.catalina.startup.VersionLoggerListener.log Command line argument: --add-opens=java.base/java.util.concurrent=ALL-UNNAMED
01-Feb-2022 19:36:54.468 INFO [main] org.apache.catalina.startup.VersionLoggerListener.log Command line argument: --add-opens=java.rmi/sun.rmi.transport=ALL-UNNAMED
01-Feb-2022 19:36:54.468 INFO [main] org.apache.catalina.startup.VersionLoggerListener.log Command line argument: -Djava.util.logging.config.file=/media/sf_Tema4/Tomcat/apache-tomcat-9.0.58/conf/logging.properties
01-Feb-2022 19:36:54.468 INFO [main] org.apache.catalina.startup.VersionLoggerListener.log Command line argument: -Djava.util.logging.manager=org.apache.juli.ClassLoaderLogManager
01-Feb-2022 19:36:54.468 INFO [main] org.apache.catalina.startup.VersionLoggerListener.log Command line argument: -Djdk.tls.ephemeralDHKeySize=2048
01-Feb-2022 19:36:54.468 INFO [main] org.apache.catalina.startup.VersionLoggerListener.log Command line argument: -Djava.protocol.handler.pkgs=org.apache.catalina.webresources
01-Feb-2022 19:36:54.468 INFO [main] org.apache.catalina.startup.VersionLoggerListener.log Command line argument: -Dorg.apache.catalina.security.SecurityListener.UMASK=0027
01-Feb-2022 19:36:54.468 INFO [main] org.apache.catalina.startup.VersionLoggerListener.log Command line argument: -Dignore.endorsed.dirs=
01-Feb-2022 19:36:54.468 INFO [main] org.apache.catalina.startup.VersionLoggerListener.log Command line argument: -Dcatalina.base=/media/sf_Tema4/Tomcat/apache-tomcat-9.0.58
01-Feb-2022 19:36:54.468 INFO [main] org.apache.catalina.startup.VersionLoggerListener.log Command line argument: -Dcatalina.home=/media/sf_Tema4/Tomcat/apache-tomcat-9.0.58
01-Feb-2022 19:36:54.468 INFO [main] org.apache.catalina.startup.VersionLoggerListener.log Command line argument: -Djava.io.tmpdir=/media/sf_Tema4/Tomcat/apache-tomcat-9.0.58/temp
01-Feb-2022 19:36:54.470 INFO [main] org.apache.catalina.core.AprLifecycleListener.lifecycleEvent The Apache Tomcat Native library which allows using OpenSSL was not found on the java.library.path: [/usr/java/packages/lib:/usr/lib64:/lib64:/lib:/usr/lib]
01-Feb-2022 19:36:54.836 INFO [main] org.apache.coyote.AbstractProtocol.init Initializing ProtocolHandler ["http-nio-8080"]
01-Feb-2022 19:36:54.854 INFO [main] org.apache.catalina.startup.Catalina.load Server initialization in [654] milliseconds
01-Feb-2022 19:36:54.938 INFO [main] org.apache.catalina.core.StandardService.startInternal Starting service [Catalina]
01-Feb-2022 19:36:54.938 INFO [main] org.apache.catalina.core.StandardEngine.startInternal Starting Servlet engine: [Apache Tomcat/9.0.58]
01-Feb-2022 19:36:54.983 INFO [main] org.apache.catalina.startup.HostConfig.deployDirectory Deploying web application directory [/media/sf_Tema4/Tomcat/apache-tomcat-9.0.58/webapps/docs]
01-Feb-2022 19:36:55.279 INFO [main] org.apache.jasper.servlet.TldScanner.scanJars At least one JAR was scanned for TLDs yet contained no TLDs. Enable debug logging for this logger for a complete list of JARs that were scanned but no TLDs were found in them. Skipping unneeded JARs during scanning can improve startup time and JSP compilation time.
01-Feb-2022 19:36:55.352 INFO [main] org.apache.catalina.startup.HostConfig.deployDirectory Deployment of web application directory [/media/sf_Tema4/Tomcat/apache-tomcat-9.0.58/webapps/docs] has finished in [369] ms
01-Feb-2022 19:36:55.353 INFO [main] org.apache.catalina.startup.HostConfig.deployDirectory Deploying web application directory [/media/sf_Tema4/Tomcat/apache-tomcat-9.0.58/webapps/examples]
01-Feb-2022 19:36:56.065 INFO [main] org.apache.jasper.servlet.TldScanner.scanJars At least one JAR was scanned for TLDs yet contained no TLDs. Enable debug logging for this logger for a complete list of JARs that were scanned but no TLDs were found in them. Skipping unneeded JARs during scanning can improve startup time and JSP compilation time.
01-Feb-2022 19:36:56.095 INFO [main] org.apache.catalina.startup.HostConfig.deployDirectory Deployment of web application directory [/media/sf_Tema4/Tomcat/apache-tomcat-9.0.58/webapps/examples] has finished in [743] ms
01-Feb-2022 19:36:56.096 INFO [main] org.apache.catalina.startup.HostConfig.deployDirectory Deploying web application directory [/media/sf_Tema4/Tomcat/apache-tomcat-9.0.58/webapps/host-manager]
01-Feb-2022 19:36:56.154 INFO [main] org.apache.jasper.servlet.TldScanner.scanJars At least one JAR was scanned for TLDs yet contained no TLDs. Enable debug logging for this logger for a complete list of JARs that were scanned but no TLDs were found in them. Skipping unneeded JARs during scanning can improve startup time and JSP compilation time.
01-Feb-2022 19:36:56.157 INFO [main] org.apache.catalina.startup.HostConfig.deployDirectory Deployment of web application directory [/media/sf_Tema4/Tomcat/apache-tomcat-9.0.58/webapps/host-manager] has finished in [61] ms
01-Feb-2022 19:36:56.158 INFO [main] org.apache.catalina.startup.HostConfig.deployDirectory Deploying web application directory [/media/sf_Tema4/Tomcat/apache-tomcat-9.0.58/webapps/manager]
01-Feb-2022 19:36:56.213 INFO [main] org.apache.jasper.servlet.TldScanner.scanJars At least one JAR was scanned for TLDs yet contained no TLDs. Enable debug logging for this logger for a complete list of JARs that were scanned but no TLDs were found in them. Skipping unneeded JARs during scanning can improve startup time and JSP compilation time.
01-Feb-2022 19:36:56.216 INFO [main] org.apache.catalina.startup.HostConfig.deployDirectory Deployment of web application directory [/media/sf_Tema4/Tomcat/apache-tomcat-9.0.58/webapps/manager] has finished in [58] ms
01-Feb-2022 19:36:56.216 INFO [main] org.apache.catalina.startup.HostConfig.deployDirectory Deploying web application directory [/media/sf_Tema4/Tomcat/apache-tomcat-9.0.58/webapps/practica]
01-Feb-2022 19:36:56.286 INFO [main] org.apache.jasper.servlet.TldScanner.scanJars At least one JAR was scanned for TLDs yet contained no TLDs. Enable debug logging for this logger for a complete list of JARs that were scanned but no TLDs were found in them. Skipping unneeded JARs during scanning can improve startup time and JSP compilation time.
01-Feb-2022 19:36:56.299 INFO [main] org.apache.catalina.startup.HostConfig.deployDirectory Deployment of web application directory [/media/sf_Tema4/Tomcat/apache-tomcat-9.0.58/webapps/practica] has finished in [83] ms
01-Feb-2022 19:36:56.299 INFO [main] org.apache.catalina.startup.HostConfig.deployDirectory Deploying web application directory [/media/sf_Tema4/Tomcat/apache-tomcat-9.0.58/webapps/primer-servlet]
01-Feb-2022 19:36:56.809 INFO [main] org.apache.jasper.servlet.TldScanner.scanJars At least one JAR was scanned for TLDs yet contained no TLDs. Enable debug logging for this logger for a complete list of JARs that were scanned but no TLDs were found in them. Skipping unneeded JARs during scanning can improve startup time and JSP compilation time.
01-Feb-2022 19:36:56.811 INFO [main] org.apache.catalina.startup.HostConfig.deployDirectory Deployment of web application directory [/media/sf_Tema4/Tomcat/apache-tomcat-9.0.58/webapps/primer-servlet] has finished in [511] ms
01-Feb-2022 19:36:56.811 INFO [main] org.apache.catalina.startup.HostConfig.deployDirectory Deploying web application directory [/media/sf_Tema4/Tomcat/apache-tomcat-9.0.58/webapps/ROOT]
01-Feb-2022 19:36:56.882 INFO [main] org.apache.jasper.servlet.TldScanner.scanJars At least one JAR was scanned for TLDs yet contained no TLDs. Enable debug logging for this logger for a complete list of JARs that were scanned but no TLDs were found in them. Skipping unneeded JARs during scanning can improve startup time and JSP compilation time.
01-Feb-2022 19:36:56.884 INFO [main] org.apache.catalina.startup.HostConfig.deployDirectory Deployment of web application directory [/media/sf_Tema4/Tomcat/apache-tomcat-9.0.58/webapps/ROOT] has finished in [73] ms
01-Feb-2022 19:36:56.886 INFO [main] org.apache.coyote.AbstractProtocol.start Starting ProtocolHandler ["http-nio-8080"]
01-Feb-2022 19:36:56.908 INFO [main] org.apache.catalina.startup.Catalina.start Server startup in [2053] milliseconds
01-Feb-2022 19:40:17.669 INFO [Thread-2] org.apache.coyote.AbstractProtocol.pause Pausing ProtocolHandler ["http-nio-8080"]
01-Feb-2022 19:40:17.674 INFO [Thread-2] org.apache.catalina.core.StandardService.stopInternal Stopping service [Catalina]
01-Feb-2022 19:40:18.051 INFO [Thread-2] org.apache.coyote.AbstractProtocol.stop Stopping ProtocolHandler ["http-nio-8080"]
01-Feb-2022 19:40:18.057 INFO [Thread-2] org.apache.coyote.AbstractProtocol.destroy Destroying ProtocolHandler ["http-nio-8080"]
01-Feb-2022 19:40:23.086 INFO [main] org.apache.catalina.startup.VersionLoggerListener.log Server version name:   Apache Tomcat/9.0.58
01-Feb-2022 19:40:23.089 INFO [main] org.apache.catalina.startup.VersionLoggerListener.log Server built:          Jan 15 2022 14:37:38 UTC
01-Feb-2022 19:40:23.089 INFO [main] org.apache.catalina.startup.VersionLoggerListener.log Server version number: 9.0.58.0
01-Feb-2022 19:40:23.089 INFO [main] org.apache.catalina.startup.VersionLoggerListener.log OS Name:               Linux
01-Feb-2022 19:40:23.089 INFO [main] org.apache.catalina.startup.VersionLoggerListener.log OS Version:            4.15.0-161-generic
01-Feb-2022 19:40:23.089 INFO [main] org.apache.catalina.startup.VersionLoggerListener.log Architecture:          amd64
01-Feb-2022 19:40:23.089 INFO [main] org.apache.catalina.startup.VersionLoggerListener.log Java Home:             /media/sf_Tema4/Tomcat/jdk-17.0.2
01-Feb-2022 19:40:23.089 INFO [main] org.apache.catalina.startup.VersionLoggerListener.log JVM Version:           17.0.2+8-86
01-Feb-2022 19:40:23.089 INFO [main] org.apache.catalina.startup.VersionLoggerListener.log JVM Vendor:            Oracle Corporation
01-Feb-2022 19:40:23.089 INFO [main] org.apache.catalina.startup.VersionLoggerListener.log CATALINA_BASE:         /media/sf_Tema4/Tomcat/apache-tomcat-9.0.58
01-Feb-2022 19:40:23.089 INFO [main] org.apache.catalina.startup.VersionLoggerListener.log CATALINA_HOME:         /media/sf_Tema4/Tomcat/apache-tomcat-9.0.58
01-Feb-2022 19:40:23.134 INFO [main] org.apache.catalina.startup.VersionLoggerListener.log Command line argument: --add-opens=java.base/java.lang=ALL-UNNAMED
01-Feb-2022 19:40:23.135 INFO [main] org.apache.catalina.startup.VersionLoggerListener.log Command line argument: --add-opens=java.base/java.io=ALL-UNNAMED
01-Feb-2022 19:40:23.135 INFO [main] org.apache.catalina.startup.VersionLoggerListener.log Command line argument: --add-opens=java.base/java.util=ALL-UNNAMED
01-Feb-2022 19:40:23.135 INFO [main] org.apache.catalina.startup.VersionLoggerListener.log Command line argument: --add-opens=java.base/java.util.concurrent=ALL-UNNAMED
01-Feb-2022 19:40:23.135 INFO [main] org.apache.catalina.startup.VersionLoggerListener.log Command line argument: --add-opens=java.rmi/sun.rmi.transport=ALL-UNNAMED
01-Feb-2022 19:40:23.135 INFO [main] org.apache.catalina.startup.VersionLoggerListener.log Command line argument: -Djava.util.logging.config.file=/media/sf_Tema4/Tomcat/apache-tomcat-9.0.58/conf/logging.properties
01-Feb-2022 19:40:23.135 INFO [main] org.apache.catalina.startup.VersionLoggerListener.log Command line argument: -Djava.util.logging.manager=org.apache.juli.ClassLoaderLogManager
01-Feb-2022 19:40:23.135 INFO [main] org.apache.catalina.startup.VersionLoggerListener.log Command line argument: -Djdk.tls.ephemeralDHKeySize=2048
01-Feb-2022 19:40:23.135 INFO [main] org.apache.catalina.startup.VersionLoggerListener.log Command line argument: -Djava.protocol.handler.pkgs=org.apache.catalina.webresources
01-Feb-2022 19:40:23.135 INFO [main] org.apache.catalina.startup.VersionLoggerListener.log Command line argument: -Dorg.apache.catalina.security.SecurityListener.UMASK=0027
01-Feb-2022 19:40:23.135 INFO [main] org.apache.catalina.startup.VersionLoggerListener.log Command line argument: -Dignore.endorsed.dirs=
01-Feb-2022 19:40:23.135 INFO [main] org.apache.catalina.startup.VersionLoggerListener.log Command line argument: -Dcatalina.base=/media/sf_Tema4/Tomcat/apache-tomcat-9.0.58
01-Feb-2022 19:40:23.135 INFO [main] org.apache.catalina.startup.VersionLoggerListener.log Command line argument: -Dcatalina.home=/media/sf_Tema4/Tomcat/apache-tomcat-9.0.58
01-Feb-2022 19:40:23.136 INFO [main] org.apache.catalina.startup.VersionLoggerListener.log Command line argument: -Djava.io.tmpdir=/media/sf_Tema4/Tomcat/apache-tomcat-9.0.58/temp
01-Feb-2022 19:40:23.137 INFO [main] org.apache.catalina.core.AprLifecycleListener.lifecycleEvent The Apache Tomcat Native library which allows using OpenSSL was not found on the java.library.path: [/usr/java/packages/lib:/usr/lib64:/lib64:/lib:/usr/lib]
01-Feb-2022 19:40:23.336 INFO [main] org.apache.coyote.AbstractProtocol.init Initializing ProtocolHandler ["http-nio-8080"]
01-Feb-2022 19:40:23.349 INFO [main] org.apache.catalina.startup.Catalina.load Server initialization in [406] milliseconds
01-Feb-2022 19:40:23.383 INFO [main] org.apache.catalina.core.StandardService.startInternal Starting service [Catalina]
01-Feb-2022 19:40:23.383 INFO [main] org.apache.catalina.core.StandardEngine.startInternal Starting Servlet engine: [Apache Tomcat/9.0.58]
01-Feb-2022 19:40:23.389 INFO [main] org.apache.catalina.startup.HostConfig.deployDirectory Deploying web application directory [/media/sf_Tema4/Tomcat/apache-tomcat-9.0.58/webapps/docs]
01-Feb-2022 19:40:23.530 INFO [main] org.apache.jasper.servlet.TldScanner.scanJars At least one JAR was scanned for TLDs yet contained no TLDs. Enable debug logging for this logger for a complete list of JARs that were scanned but no TLDs were found in them. Skipping unneeded JARs during scanning can improve startup time and JSP compilation time.
01-Feb-2022 19:40:23.576 INFO [main] org.apache.catalina.startup.HostConfig.deployDirectory Deployment of web application directory [/media/sf_Tema4/Tomcat/apache-tomcat-9.0.58/webapps/docs] has finished in [186] ms
01-Feb-2022 19:40:23.576 INFO [main] org.apache.catalina.startup.HostConfig.deployDirectory Deploying web application directory [/media/sf_Tema4/Tomcat/apache-tomcat-9.0.58/webapps/examples]
01-Feb-2022 19:40:23.754 INFO [main] org.apache.jasper.servlet.TldScanner.scanJars At least one JAR was scanned for TLDs yet contained no TLDs. Enable debug logging for this logger for a complete list of JARs that were scanned but no TLDs were found in them. Skipping unneeded JARs during scanning can improve startup time and JSP compilation time.
01-Feb-2022 19:40:23.780 INFO [main] org.apache.catalina.startup.HostConfig.deployDirectory Deployment of web application directory [/media/sf_Tema4/Tomcat/apache-tomcat-9.0.58/webapps/examples] has finished in [204] ms
01-Feb-2022 19:40:23.780 INFO [main] org.apache.catalina.startup.HostConfig.deployDirectory Deploying web application directory [/media/sf_Tema4/Tomcat/apache-tomcat-9.0.58/webapps/host-manager]
01-Feb-2022 19:40:23.818 INFO [main] org.apache.jasper.servlet.TldScanner.scanJars At least one JAR was scanned for TLDs yet contained no TLDs. Enable debug logging for this logger for a complete list of JARs that were scanned but no TLDs were found in them. Skipping unneeded JARs during scanning can improve startup time and JSP compilation time.
01-Feb-2022 19:40:23.820 INFO [main] org.apache.catalina.startup.HostConfig.deployDirectory Deployment of web application directory [/media/sf_Tema4/Tomcat/apache-tomcat-9.0.58/webapps/host-manager] has finished in [40] ms
01-Feb-2022 19:40:23.821 INFO [main] org.apache.catalina.startup.HostConfig.deployDirectory Deploying web application directory [/media/sf_Tema4/Tomcat/apache-tomcat-9.0.58/webapps/manager]
01-Feb-2022 19:40:23.857 INFO [main] org.apache.jasper.servlet.TldScanner.scanJars At least one JAR was scanned for TLDs yet contained no TLDs. Enable debug logging for this logger for a complete list of JARs that were scanned but no TLDs were found in them. Skipping unneeded JARs during scanning can improve startup time and JSP compilation time.
01-Feb-2022 19:40:23.858 INFO [main] org.apache.catalina.startup.HostConfig.deployDirectory Deployment of web application directory [/media/sf_Tema4/Tomcat/apache-tomcat-9.0.58/webapps/manager] has finished in [38] ms
01-Feb-2022 19:40:23.858 INFO [main] org.apache.catalina.startup.HostConfig.deployDirectory Deploying web application directory [/media/sf_Tema4/Tomcat/apache-tomcat-9.0.58/webapps/practica]
01-Feb-2022 19:40:23.940 INFO [main] org.apache.jasper.servlet.TldScanner.scanJars At least one JAR was scanned for TLDs yet contained no TLDs. Enable debug logging for this logger for a complete list of JARs that were scanned but no TLDs were found in them. Skipping unneeded JARs during scanning can improve startup time and JSP compilation time.
01-Feb-2022 19:40:23.944 INFO [main] org.apache.catalina.startup.HostConfig.deployDirectory Deployment of web application directory [/media/sf_Tema4/Tomcat/apache-tomcat-9.0.58/webapps/practica] has finished in [86] ms
01-Feb-2022 19:40:23.944 INFO [main] org.apache.catalina.startup.HostConfig.deployDirectory Deploying web application directory [/media/sf_Tema4/Tomcat/apache-tomcat-9.0.58/webapps/primer-servlet]
01-Feb-2022 19:40:24.012 INFO [main] org.apache.jasper.servlet.TldScanner.scanJars At least one JAR was scanned for TLDs yet contained no TLDs. Enable debug logging for this logger for a complete list of JARs that were scanned but no TLDs were found in them. Skipping unneeded JARs during scanning can improve startup time and JSP compilation time.
01-Feb-2022 19:40:24.015 INFO [main] org.apache.catalina.startup.HostConfig.deployDirectory Deployment of web application directory [/media/sf_Tema4/Tomcat/apache-tomcat-9.0.58/webapps/primer-servlet] has finished in [71] ms
01-Feb-2022 19:40:24.015 INFO [main] org.apache.catalina.startup.HostConfig.deployDirectory Deploying web application directory [/media/sf_Tema4/Tomcat/apache-tomcat-9.0.58/webapps/ROOT]
01-Feb-2022 19:40:24.064 INFO [main] org.apache.jasper.servlet.TldScanner.scanJars At least one JAR was scanned for TLDs yet contained no TLDs. Enable debug logging for this logger for a complete list of JARs that were scanned but no TLDs were found in them. Skipping unneeded JARs during scanning can improve startup time and JSP compilation time.
01-Feb-2022 19:40:24.065 INFO [main] org.apache.catalina.startup.HostConfig.deployDirectory Deployment of web application directory [/media/sf_Tema4/Tomcat/apache-tomcat-9.0.58/webapps/ROOT] has finished in [50] ms
01-Feb-2022 19:40:24.067 INFO [main] org.apache.coyote.AbstractProtocol.start Starting ProtocolHandler ["http-nio-8080"]
01-Feb-2022 19:40:24.091 INFO [main] org.apache.catalina.startup.Catalina.start Server startup in [741] milliseconds
01-Feb-2022 19:41:01.177 INFO [Thread-2] org.apache.coyote.AbstractProtocol.pause Pausing ProtocolHandler ["http-nio-8080"]
01-Feb-2022 19:41:01.180 INFO [Thread-2] org.apache.catalina.core.StandardService.stopInternal Stopping service [Catalina]
01-Feb-2022 19:41:01.200 INFO [Thread-2] org.apache.coyote.AbstractProtocol.stop Stopping ProtocolHandler ["http-nio-8080"]
01-Feb-2022 19:41:01.209 INFO [Thread-2] org.apache.coyote.AbstractProtocol.destroy Destroying ProtocolHandler ["http-nio-8080"]
01-Feb-2022 20:08:28.439 INFO [main] org.apache.catalina.startup.VersionLoggerListener.log Nombre de la versión del servidor: Apache Tomcat/9.0.58
01-Feb-2022 20:08:28.441 INFO [main] org.apache.catalina.startup.VersionLoggerListener.log Server built:                      Jan 15 2022 14:37:38 UTC
01-Feb-2022 20:08:28.453 INFO [main] org.apache.catalina.startup.VersionLoggerListener.log Número de versión de servidor:     9.0.58.0
01-Feb-2022 20:08:28.453 INFO [main] org.apache.catalina.startup.VersionLoggerListener.log OS Name:                           Windows 10
01-Feb-2022 20:08:28.453 INFO [main] org.apache.catalina.startup.VersionLoggerListener.log Versión de Systema Operativo:      10.0
01-Feb-2022 20:08:28.454 INFO [main] org.apache.catalina.startup.VersionLoggerListener.log Arquitectura:                      amd64
01-Feb-2022 20:08:28.454 INFO [main] org.apache.catalina.startup.VersionLoggerListener.log Java Home:                         C:\Program Files\Java\jdk-17.0.2
01-Feb-2022 20:08:28.454 INFO [main] org.apache.catalina.startup.VersionLoggerListener.log JVM Version:                       17.0.2+8-LTS-86
01-Feb-2022 20:08:28.454 INFO [main] org.apache.catalina.startup.VersionLoggerListener.log Vededor JVM:                       Oracle Corporation
01-Feb-2022 20:08:28.454 INFO [main] org.apache.catalina.startup.VersionLoggerListener.log CATALINA_BASE:                     E:\2º DAM\PSP\Tema4\Tomcat\apache-tomcat-9.0.58
01-Feb-2022 20:08:28.454 INFO [main] org.apache.catalina.startup.VersionLoggerListener.log CATALINA_HOME:                     E:\2º DAM\PSP\Tema4\Tomcat\apache-tomcat-9.0.58
01-Feb-2022 20:08:28.459 INFO [main] org.apache.catalina.startup.VersionLoggerListener.log Command line argument:             --add-opens=java.base/java.lang=ALL-UNNAMED
01-Feb-2022 20:08:28.459 INFO [main] org.apache.catalina.startup.VersionLoggerListener.log Command line argument:             --add-opens=java.base/java.io=ALL-UNNAMED
01-Feb-2022 20:08:28.460 INFO [main] org.apache.catalina.startup.VersionLoggerListener.log Command line argument:             --add-opens=java.base/java.util=ALL-UNNAMED
01-Feb-2022 20:08:28.460 INFO [main] org.apache.catalina.startup.VersionLoggerListener.log Command line argument:             --add-opens=java.base/java.util.concurrent=ALL-UNNAMED
01-Feb-2022 20:08:28.460 INFO [main] org.apache.catalina.startup.VersionLoggerListener.log Command line argument:             --add-opens=java.rmi/sun.rmi.transport=ALL-UNNAMED
01-Feb-2022 20:08:28.460 INFO [main] org.apache.catalina.startup.VersionLoggerListener.log Command line argument:             -Djava.util.logging.config.file=E:\2º DAM\PSP\Tema4\Tomcat\apache-tomcat-9.0.58\conf\logging.properties
01-Feb-2022 20:08:28.460 INFO [main] org.apache.catalina.startup.VersionLoggerListener.log Command line argument:             -Djava.util.logging.manager=org.apache.juli.ClassLoaderLogManager
01-Feb-2022 20:08:28.461 INFO [main] org.apache.catalina.startup.VersionLoggerListener.log Command line argument:             -Djdk.tls.ephemeralDHKeySize=2048
01-Feb-2022 20:08:28.461 INFO [main] org.apache.catalina.startup.VersionLoggerListener.log Command line argument:             -Djava.protocol.handler.pkgs=org.apache.catalina.webresources
01-Feb-2022 20:08:28.461 INFO [main] org.apache.catalina.startup.VersionLoggerListener.log Command line argument:             -Dignore.endorsed.dirs=
01-Feb-2022 20:08:28.461 INFO [main] org.apache.catalina.startup.VersionLoggerListener.log Command line argument:             -Dcatalina.base=E:\2º DAM\PSP\Tema4\Tomcat\apache-tomcat-9.0.58
01-Feb-2022 20:08:28.461 INFO [main] org.apache.catalina.startup.VersionLoggerListener.log Command line argument:             -Dcatalina.home=E:\2º DAM\PSP\Tema4\Tomcat\apache-tomcat-9.0.58
01-Feb-2022 20:08:28.462 INFO [main] org.apache.catalina.startup.VersionLoggerListener.log Command line argument:             -Djava.io.tmpdir=E:\2º DAM\PSP\Tema4\Tomcat\apache-tomcat-9.0.58\temp
01-Feb-2022 20:08:28.464 INFO [main] org.apache.catalina.core.AprLifecycleListener.lifecycleEvent La biblioteca nativa de Apache Tomcat basada en ARP que permite un rendimiento óptimo en entornos de desarrollo no ha sido hallada en java.library.path: [C:\Program Files\Java\jdk-17.0.2\bin;C:\Windows\Sun\Java\bin;C:\Windows\system32;C:\Windows;C:\Program Files\Common Files\Oracle\Java\javapath;C:\Program Files\Eclipse Foundation\jdk-16.0.2.7-hotspot\bin;C:\Windows\system32;C:\Windows;C:\Windows\System32\Wbem;C:\Windows\System32\WindowsPowerShell\v1.0\;C:\Windows\System32\OpenSSH\;C:\Program Files\dotnet\;C:\Program Files\Git\cmd;C:\Users\ALEX\AppData\Local\Programs\Python\Python310;C:\Users\ALEX\AppData\Local\Programs\Python\Python310\Scripts;C:\Program Files\Java\jdk-17.0.2\bin;C:\Program Files\MySQL\MySQL Shell 8.0\bin\;C:\Users\ALEX\AppData\Local\Microsoft\WindowsApps;C:\Users\ALEX\AppData\Local\Programs\Microsoft VS Code\bin;C:\Users\ALEX\.dotnet\tools;C:\Users\ALEX\AppData\Local\GitHubDesktop\bin;.]
01-Feb-2022 20:08:28.597 INFO [main] org.apache.coyote.AbstractProtocol.init Inicializando el manejador de protocolo ["http-nio-8080"]

01-Feb-2022 20:08:28.614 INFO [main] org.apache.catalina.startup.Catalina.load Server initialization in [286] milliseconds
01-Feb-2022 20:08:28.648 INFO [main] org.apache.catalina.core.StandardService.startInternal Arrancando servicio [Catalina]
01-Feb-2022 20:08:28.648 INFO [main] org.apache.catalina.core.StandardEngine.startInternal Starting Servlet engine: [Apache Tomcat/9.0.58]
01-Feb-2022 20:08:28.653 INFO [main] org.apache.catalina.startup.HostConfig.deployDirectory Desplegando el directorio [E:\2º DAM\PSP\Tema4\Tomcat\apache-tomcat-9.0.58\webapps\docs] de la aplicación web
01-Feb-2022 20:08:28.814 INFO [main] org.apache.jasper.servlet.TldScanner.scanJars Al menos un JAR, que se ha explorado buscando TLDs, aún no contenía TLDs. Activar historial de depuración para este historiador para una completa lista de los JARs que fueron explorados y de los que nos se halló TLDs. Saltarse JARs no necesarios durante la exploración puede dar lugar a una mejora de tiempo significativa en el arranque y compilación de JSP .
01-Feb-2022 20:08:28.866 INFO [main] org.apache.catalina.startup.HostConfig.deployDirectory Deployment of web application directory [E:\2º DAM\PSP\Tema4\Tomcat\apache-tomcat-9.0.58\webapps\docs] has finished in [212] ms
01-Feb-2022 20:08:28.866 INFO [main] org.apache.catalina.startup.HostConfig.deployDirectory Desplegando el directorio [E:\2º DAM\PSP\Tema4\Tomcat\apache-tomcat-9.0.58\webapps\examples] de la aplicación web
01-Feb-2022 20:08:29.252 INFO [main] org.apache.jasper.servlet.TldScanner.scanJars Al menos un JAR, que se ha explorado buscando TLDs, aún no contenía TLDs. Activar historial de depuración para este historiador para una completa lista de los JARs que fueron explorados y de los que nos se halló TLDs. Saltarse JARs no necesarios durante la exploración puede dar lugar a una mejora de tiempo significativa en el arranque y compilación de JSP .
01-Feb-2022 20:08:29.284 INFO [main] org.apache.catalina.startup.HostConfig.deployDirectory Deployment of web application directory [E:\2º DAM\PSP\Tema4\Tomcat\apache-tomcat-9.0.58\webapps\examples] has finished in [418] ms
01-Feb-2022 20:08:29.284 INFO [main] org.apache.catalina.startup.HostConfig.deployDirectory Desplegando el directorio [E:\2º DAM\PSP\Tema4\Tomcat\apache-tomcat-9.0.58\webapps\host-manager] de la aplicación web
01-Feb-2022 20:08:29.330 INFO [main] org.apache.jasper.servlet.TldScanner.scanJars Al menos un JAR, que se ha explorado buscando TLDs, aún no contenía TLDs. Activar historial de depuración para este historiador para una completa lista de los JARs que fueron explorados y de los que nos se halló TLDs. Saltarse JARs no necesarios durante la exploración puede dar lugar a una mejora de tiempo significativa en el arranque y compilación de JSP .
01-Feb-2022 20:08:29.335 INFO [main] org.apache.catalina.startup.HostConfig.deployDirectory Deployment of web application directory [E:\2º DAM\PSP\Tema4\Tomcat\apache-tomcat-9.0.58\webapps\host-manager] has finished in [51] ms
01-Feb-2022 20:08:29.335 INFO [main] org.apache.catalina.startup.HostConfig.deployDirectory Desplegando el directorio [E:\2º DAM\PSP\Tema4\Tomcat\apache-tomcat-9.0.58\webapps\manager] de la aplicación web
01-Feb-2022 20:08:29.383 INFO [main] org.apache.jasper.servlet.TldScanner.scanJars Al menos un JAR, que se ha explorado buscando TLDs, aún no contenía TLDs. Activar historial de depuración para este historiador para una completa lista de los JARs que fueron explorados y de los que nos se halló TLDs. Saltarse JARs no necesarios durante la exploración puede dar lugar a una mejora de tiempo significativa en el arranque y compilación de JSP .
01-Feb-2022 20:08:29.384 INFO [main] org.apache.catalina.startup.HostConfig.deployDirectory Deployment of web application directory [E:\2º DAM\PSP\Tema4\Tomcat\apache-tomcat-9.0.58\webapps\manager] has finished in [49] ms
01-Feb-2022 20:08:29.385 INFO [main] org.apache.catalina.startup.HostConfig.deployDirectory Desplegando el directorio [E:\2º DAM\PSP\Tema4\Tomcat\apache-tomcat-9.0.58\webapps\practica] de la aplicación web
01-Feb-2022 20:08:29.432 INFO [main] org.apache.jasper.servlet.TldScanner.scanJars Al menos un JAR, que se ha explorado buscando TLDs, aún no contenía TLDs. Activar historial de depuración para este historiador para una completa lista de los JARs que fueron explorados y de los que nos se halló TLDs. Saltarse JARs no necesarios durante la exploración puede dar lugar a una mejora de tiempo significativa en el arranque y compilación de JSP .
01-Feb-2022 20:08:29.436 INFO [main] org.apache.catalina.startup.HostConfig.deployDirectory Deployment of web application directory [E:\2º DAM\PSP\Tema4\Tomcat\apache-tomcat-9.0.58\webapps\practica] has finished in [51] ms
01-Feb-2022 20:08:29.436 INFO [main] org.apache.catalina.startup.HostConfig.deployDirectory Desplegando el directorio [E:\2º DAM\PSP\Tema4\Tomcat\apache-tomcat-9.0.58\webapps\primer-servlet] de la aplicación web
01-Feb-2022 20:08:29.521 INFO [main] org.apache.jasper.servlet.TldScanner.scanJars Al menos un JAR, que se ha explorado buscando TLDs, aún no contenía TLDs. Activar historial de depuración para este historiador para una completa lista de los JARs que fueron explorados y de los que nos se halló TLDs. Saltarse JARs no necesarios durante la exploración puede dar lugar a una mejora de tiempo significativa en el arranque y compilación de JSP .
01-Feb-2022 20:08:29.523 INFO [main] org.apache.catalina.startup.HostConfig.deployDirectory Deployment of web application directory [E:\2º DAM\PSP\Tema4\Tomcat\apache-tomcat-9.0.58\webapps\primer-servlet] has finished in [87] ms
01-Feb-2022 20:08:29.524 INFO [main] org.apache.catalina.startup.HostConfig.deployDirectory Desplegando el directorio [E:\2º DAM\PSP\Tema4\Tomcat\apache-tomcat-9.0.58\webapps\ROOT] de la aplicación web
01-Feb-2022 20:08:29.558 INFO [main] org.apache.jasper.servlet.TldScanner.scanJars Al menos un JAR, que se ha explorado buscando TLDs, aún no contenía TLDs. Activar historial de depuración para este historiador para una completa lista de los JARs que fueron explorados y de los que nos se halló TLDs. Saltarse JARs no necesarios durante la exploración puede dar lugar a una mejora de tiempo significativa en el arranque y compilación de JSP .
01-Feb-2022 20:08:29.560 INFO [main] org.apache.catalina.startup.HostConfig.deployDirectory Deployment of web application directory [E:\2º DAM\PSP\Tema4\Tomcat\apache-tomcat-9.0.58\webapps\ROOT] has finished in [36] ms
01-Feb-2022 20:08:29.562 INFO [main] org.apache.coyote.AbstractProtocol.start Starting ProtocolHandler ["http-nio-8080"]
01-Feb-2022 20:08:29.624 INFO [main] org.apache.catalina.startup.Catalina.start Server startup in [1008] milliseconds
01-Feb-2022 20:16:29.370 INFO [main] org.apache.catalina.startup.VersionLoggerListener.log Nombre de la versión del servidor: Apache Tomcat/9.0.58
01-Feb-2022 20:16:29.372 INFO [main] org.apache.catalina.startup.VersionLoggerListener.log Server built:                      Jan 15 2022 14:37:38 UTC
01-Feb-2022 20:16:29.373 INFO [main] org.apache.catalina.startup.VersionLoggerListener.log Número de versión de servidor:     9.0.58.0
01-Feb-2022 20:16:29.373 INFO [main] org.apache.catalina.startup.VersionLoggerListener.log OS Name:                           Windows 10
01-Feb-2022 20:16:29.373 INFO [main] org.apache.catalina.startup.VersionLoggerListener.log Versión de Systema Operativo:      10.0
01-Feb-2022 20:16:29.373 INFO [main] org.apache.catalina.startup.VersionLoggerListener.log Arquitectura:                      amd64
01-Feb-2022 20:16:29.373 INFO [main] org.apache.catalina.startup.VersionLoggerListener.log Java Home:                         C:\Program Files\Java\jdk-17.0.2
01-Feb-2022 20:16:29.373 INFO [main] org.apache.catalina.startup.VersionLoggerListener.log JVM Version:                       17.0.2+8-LTS-86
01-Feb-2022 20:16:29.373 INFO [main] org.apache.catalina.startup.VersionLoggerListener.log Vededor JVM:                       Oracle Corporation
01-Feb-2022 20:16:29.374 INFO [main] org.apache.catalina.startup.VersionLoggerListener.log CATALINA_BASE:                     E:\2º DAM\PSP\Tema4\Tomcat\apache-tomcat-9.0.58
01-Feb-2022 20:16:29.374 INFO [main] org.apache.catalina.startup.VersionLoggerListener.log CATALINA_HOME:                     E:\2º DAM\PSP\Tema4\Tomcat\apache-tomcat-9.0.58
01-Feb-2022 20:16:29.379 INFO [main] org.apache.catalina.startup.VersionLoggerListener.log Command line argument:             --add-opens=java.base/java.lang=ALL-UNNAMED
01-Feb-2022 20:16:29.379 INFO [main] org.apache.catalina.startup.VersionLoggerListener.log Command line argument:             --add-opens=java.base/java.io=ALL-UNNAMED
01-Feb-2022 20:16:29.379 INFO [main] org.apache.catalina.startup.VersionLoggerListener.log Command line argument:             --add-opens=java.base/java.util=ALL-UNNAMED
01-Feb-2022 20:16:29.379 INFO [main] org.apache.catalina.startup.VersionLoggerListener.log Command line argument:             --add-opens=java.base/java.util.concurrent=ALL-UNNAMED
01-Feb-2022 20:16:29.379 INFO [main] org.apache.catalina.startup.VersionLoggerListener.log Command line argument:             --add-opens=java.rmi/sun.rmi.transport=ALL-UNNAMED
01-Feb-2022 20:16:29.380 INFO [main] org.apache.catalina.startup.VersionLoggerListener.log Command line argument:             -Djava.util.logging.config.file=E:\2º DAM\PSP\Tema4\Tomcat\apache-tomcat-9.0.58\conf\logging.properties
01-Feb-2022 20:16:29.380 INFO [main] org.apache.catalina.startup.VersionLoggerListener.log Command line argument:             -Djava.util.logging.manager=org.apache.juli.ClassLoaderLogManager
01-Feb-2022 20:16:29.380 INFO [main] org.apache.catalina.startup.VersionLoggerListener.log Command line argument:             -Djdk.tls.ephemeralDHKeySize=2048
01-Feb-2022 20:16:29.380 INFO [main] org.apache.catalina.startup.VersionLoggerListener.log Command line argument:             -Djava.protocol.handler.pkgs=org.apache.catalina.webresources
01-Feb-2022 20:16:29.380 INFO [main] org.apache.catalina.startup.VersionLoggerListener.log Command line argument:             -Dignore.endorsed.dirs=
01-Feb-2022 20:16:29.381 INFO [main] org.apache.catalina.startup.VersionLoggerListener.log Command line argument:             -Dcatalina.base=E:\2º DAM\PSP\Tema4\Tomcat\apache-tomcat-9.0.58
01-Feb-2022 20:16:29.381 INFO [main] org.apache.catalina.startup.VersionLoggerListener.log Command line argument:             -Dcatalina.home=E:\2º DAM\PSP\Tema4\Tomcat\apache-tomcat-9.0.58
01-Feb-2022 20:16:29.381 INFO [main] org.apache.catalina.startup.VersionLoggerListener.log Command line argument:             -Djava.io.tmpdir=E:\2º DAM\PSP\Tema4\Tomcat\apache-tomcat-9.0.58\temp
01-Feb-2022 20:16:29.383 INFO [main] org.apache.catalina.core.AprLifecycleListener.lifecycleEvent La biblioteca nativa de Apache Tomcat basada en ARP que permite un rendimiento óptimo en entornos de desarrollo no ha sido hallada en java.library.path: [C:\Program Files\Java\jdk-17.0.2\bin;C:\Windows\Sun\Java\bin;C:\Windows\system32;C:\Windows;C:\Program Files\Common Files\Oracle\Java\javapath;C:\Program Files\Eclipse Foundation\jdk-16.0.2.7-hotspot\bin;C:\Windows\system32;C:\Windows;C:\Windows\System32\Wbem;C:\Windows\System32\WindowsPowerShell\v1.0\;C:\Windows\System32\OpenSSH\;C:\Program Files\dotnet\;C:\Program Files\Git\cmd;C:\Users\ALEX\AppData\Local\Programs\Python\Python310;C:\Users\ALEX\AppData\Local\Programs\Python\Python310\Scripts;C:\Program Files\Java\jdk-17.0.2\bin;C:\Program Files\MySQL\MySQL Shell 8.0\bin\;C:\Users\ALEX\AppData\Local\Microsoft\WindowsApps;C:\Users\ALEX\AppData\Local\Programs\Microsoft VS Code\bin;C:\Users\ALEX\.dotnet\tools;C:\Users\ALEX\AppData\Local\GitHubDesktop\bin;.]
01-Feb-2022 20:16:29.532 INFO [main] org.apache.coyote.AbstractProtocol.init Inicializando el manejador de protocolo ["http-nio-8080"]

01-Feb-2022 20:16:29.545 INFO [main] org.apache.catalina.startup.Catalina.load Server initialization in [293] milliseconds
01-Feb-2022 20:16:29.573 INFO [main] org.apache.catalina.core.StandardService.startInternal Arrancando servicio [Catalina]
01-Feb-2022 20:16:29.573 INFO [main] org.apache.catalina.core.StandardEngine.startInternal Starting Servlet engine: [Apache Tomcat/9.0.58]
01-Feb-2022 20:16:29.579 INFO [main] org.apache.catalina.startup.HostConfig.deployDirectory Desplegando el directorio [E:\2º DAM\PSP\Tema4\Tomcat\apache-tomcat-9.0.58\webapps\docs] de la aplicación web
01-Feb-2022 20:16:29.717 INFO [main] org.apache.jasper.servlet.TldScanner.scanJars Al menos un JAR, que se ha explorado buscando TLDs, aún no contenía TLDs. Activar historial de depuración para este historiador para una completa lista de los JARs que fueron explorados y de los que nos se halló TLDs. Saltarse JARs no necesarios durante la exploración puede dar lugar a una mejora de tiempo significativa en el arranque y compilación de JSP .
01-Feb-2022 20:16:29.761 INFO [main] org.apache.catalina.startup.HostConfig.deployDirectory Deployment of web application directory [E:\2º DAM\PSP\Tema4\Tomcat\apache-tomcat-9.0.58\webapps\docs] has finished in [181] ms
01-Feb-2022 20:16:29.762 INFO [main] org.apache.catalina.startup.HostConfig.deployDirectory Desplegando el directorio [E:\2º DAM\PSP\Tema4\Tomcat\apache-tomcat-9.0.58\webapps\examples] de la aplicación web
01-Feb-2022 20:16:29.937 INFO [main] org.apache.jasper.servlet.TldScanner.scanJars Al menos un JAR, que se ha explorado buscando TLDs, aún no contenía TLDs. Activar historial de depuración para este historiador para una completa lista de los JARs que fueron explorados y de los que nos se halló TLDs. Saltarse JARs no necesarios durante la exploración puede dar lugar a una mejora de tiempo significativa en el arranque y compilación de JSP .
01-Feb-2022 20:16:29.971 INFO [main] org.apache.catalina.startup.HostConfig.deployDirectory Deployment of web application directory [E:\2º DAM\PSP\Tema4\Tomcat\apache-tomcat-9.0.58\webapps\examples] has finished in [209] ms
01-Feb-2022 20:16:29.971 INFO [main] org.apache.catalina.startup.HostConfig.deployDirectory Desplegando el directorio [E:\2º DAM\PSP\Tema4\Tomcat\apache-tomcat-9.0.58\webapps\host-manager] de la aplicación web
01-Feb-2022 20:16:30.013 INFO [main] org.apache.jasper.servlet.TldScanner.scanJars Al menos un JAR, que se ha explorado buscando TLDs, aún no contenía TLDs. Activar historial de depuración para este historiador para una completa lista de los JARs que fueron explorados y de los que nos se halló TLDs. Saltarse JARs no necesarios durante la exploración puede dar lugar a una mejora de tiempo significativa en el arranque y compilación de JSP .
01-Feb-2022 20:16:30.017 INFO [main] org.apache.catalina.startup.HostConfig.deployDirectory Deployment of web application directory [E:\2º DAM\PSP\Tema4\Tomcat\apache-tomcat-9.0.58\webapps\host-manager] has finished in [46] ms
01-Feb-2022 20:16:30.018 INFO [main] org.apache.catalina.startup.HostConfig.deployDirectory Desplegando el directorio [E:\2º DAM\PSP\Tema4\Tomcat\apache-tomcat-9.0.58\webapps\manager] de la aplicación web
01-Feb-2022 20:16:30.057 INFO [main] org.apache.jasper.servlet.TldScanner.scanJars Al menos un JAR, que se ha explorado buscando TLDs, aún no contenía TLDs. Activar historial de depuración para este historiador para una completa lista de los JARs que fueron explorados y de los que nos se halló TLDs. Saltarse JARs no necesarios durante la exploración puede dar lugar a una mejora de tiempo significativa en el arranque y compilación de JSP .
01-Feb-2022 20:16:30.059 INFO [main] org.apache.catalina.startup.HostConfig.deployDirectory Deployment of web application directory [E:\2º DAM\PSP\Tema4\Tomcat\apache-tomcat-9.0.58\webapps\manager] has finished in [41] ms
01-Feb-2022 20:16:30.060 INFO [main] org.apache.catalina.startup.HostConfig.deployDirectory Desplegando el directorio [E:\2º DAM\PSP\Tema4\Tomcat\apache-tomcat-9.0.58\webapps\practica] de la aplicación web
01-Feb-2022 20:16:30.099 INFO [main] org.apache.jasper.servlet.TldScanner.scanJars Al menos un JAR, que se ha explorado buscando TLDs, aún no contenía TLDs. Activar historial de depuración para este historiador para una completa lista de los JARs que fueron explorados y de los que nos se halló TLDs. Saltarse JARs no necesarios durante la exploración puede dar lugar a una mejora de tiempo significativa en el arranque y compilación de JSP .
01-Feb-2022 20:16:30.103 INFO [main] org.apache.catalina.startup.HostConfig.deployDirectory Deployment of web application directory [E:\2º DAM\PSP\Tema4\Tomcat\apache-tomcat-9.0.58\webapps\practica] has finished in [43] ms
01-Feb-2022 20:16:30.103 INFO [main] org.apache.catalina.startup.HostConfig.deployDirectory Desplegando el directorio [E:\2º DAM\PSP\Tema4\Tomcat\apache-tomcat-9.0.58\webapps\primer-servlet] de la aplicación web
01-Feb-2022 20:16:30.160 INFO [main] org.apache.jasper.servlet.TldScanner.scanJars Al menos un JAR, que se ha explorado buscando TLDs, aún no contenía TLDs. Activar historial de depuración para este historiador para una completa lista de los JARs que fueron explorados y de los que nos se halló TLDs. Saltarse JARs no necesarios durante la exploración puede dar lugar a una mejora de tiempo significativa en el arranque y compilación de JSP .
01-Feb-2022 20:16:30.162 INFO [main] org.apache.catalina.startup.HostConfig.deployDirectory Deployment of web application directory [E:\2º DAM\PSP\Tema4\Tomcat\apache-tomcat-9.0.58\webapps\primer-servlet] has finished in [59] ms
01-Feb-2022 20:16:30.163 INFO [main] org.apache.catalina.startup.HostConfig.deployDirectory Desplegando el directorio [E:\2º DAM\PSP\Tema4\Tomcat\apache-tomcat-9.0.58\webapps\ROOT] de la aplicación web
01-Feb-2022 20:16:30.191 INFO [main] org.apache.jasper.servlet.TldScanner.scanJars Al menos un JAR, que se ha explorado buscando TLDs, aún no contenía TLDs. Activar historial de depuración para este historiador para una completa lista de los JARs que fueron explorados y de los que nos se halló TLDs. Saltarse JARs no necesarios durante la exploración puede dar lugar a una mejora de tiempo significativa en el arranque y compilación de JSP .
01-Feb-2022 20:16:30.193 INFO [main] org.apache.catalina.startup.HostConfig.deployDirectory Deployment of web application directory [E:\2º DAM\PSP\Tema4\Tomcat\apache-tomcat-9.0.58\webapps\ROOT] has finished in [30] ms
01-Feb-2022 20:16:30.195 INFO [main] org.apache.coyote.AbstractProtocol.start Starting ProtocolHandler ["http-nio-8080"]
01-Feb-2022 20:16:30.232 INFO [main] org.apache.catalina.startup.Catalina.start Server startup in [686] milliseconds
