27-Jan-2022 09:09:51.659 INFO [main] org.apache.catalina.startup.VersionLoggerListener.log Nombre de la versión del servidor: Apache Tomcat/9.0.58
27-Jan-2022 09:09:51.673 INFO [main] org.apache.catalina.startup.VersionLoggerListener.log Server built:                      Jan 15 2022 14:37:38 UTC
27-Jan-2022 09:09:51.674 INFO [main] org.apache.catalina.startup.VersionLoggerListener.log Número de versión de servidor:     9.0.58.0
27-Jan-2022 09:09:51.674 INFO [main] org.apache.catalina.startup.VersionLoggerListener.log OS Name:                           Linux
27-Jan-2022 09:09:51.675 INFO [main] org.apache.catalina.startup.VersionLoggerListener.log Versión de Systema Operativo:      5.10.79-1-MANJARO
27-Jan-2022 09:09:51.675 INFO [main] org.apache.catalina.startup.VersionLoggerListener.log Arquitectura:                      amd64
27-Jan-2022 09:09:51.675 INFO [main] org.apache.catalina.startup.VersionLoggerListener.log Java Home:                         /home/lucas/Descargas/Java/OpenJDK/jdk-16
27-Jan-2022 09:09:51.676 INFO [main] org.apache.catalina.startup.VersionLoggerListener.log JVM Version:                       16+36-2231
27-Jan-2022 09:09:51.677 INFO [main] org.apache.catalina.startup.VersionLoggerListener.log Vededor JVM:                       Oracle Corporation
27-Jan-2022 09:09:51.677 INFO [main] org.apache.catalina.startup.VersionLoggerListener.log CATALINA_BASE:                     /home/lucas/Descargas/Java/OpenJDK/apache-tomcat-9.0.58
27-Jan-2022 09:09:51.677 INFO [main] org.apache.catalina.startup.VersionLoggerListener.log CATALINA_HOME:                     /home/lucas/Descargas/Java/OpenJDK/apache-tomcat-9.0.58
27-Jan-2022 09:09:51.726 INFO [main] org.apache.catalina.startup.VersionLoggerListener.log Command line argument:             --add-opens=java.base/java.lang=ALL-UNNAMED
27-Jan-2022 09:09:51.727 INFO [main] org.apache.catalina.startup.VersionLoggerListener.log Command line argument:             --add-opens=java.base/java.io=ALL-UNNAMED
27-Jan-2022 09:09:51.727 INFO [main] org.apache.catalina.startup.VersionLoggerListener.log Command line argument:             --add-opens=java.base/java.util=ALL-UNNAMED
27-Jan-2022 09:09:51.728 INFO [main] org.apache.catalina.startup.VersionLoggerListener.log Command line argument:             --add-opens=java.base/java.util.concurrent=ALL-UNNAMED
27-Jan-2022 09:09:51.728 INFO [main] org.apache.catalina.startup.VersionLoggerListener.log Command line argument:             --add-opens=java.rmi/sun.rmi.transport=ALL-UNNAMED
27-Jan-2022 09:09:51.729 INFO [main] org.apache.catalina.startup.VersionLoggerListener.log Command line argument:             -Djava.util.logging.config.file=/home/lucas/Descargas/Java/OpenJDK/apache-tomcat-9.0.58/conf/logging.properties
27-Jan-2022 09:09:51.729 INFO [main] org.apache.catalina.startup.VersionLoggerListener.log Command line argument:             -Djava.util.logging.manager=org.apache.juli.ClassLoaderLogManager
27-Jan-2022 09:09:51.730 INFO [main] org.apache.catalina.startup.VersionLoggerListener.log Command line argument:             -Djdk.tls.ephemeralDHKeySize=2048
27-Jan-2022 09:09:51.730 INFO [main] org.apache.catalina.startup.VersionLoggerListener.log Command line argument:             -Djava.protocol.handler.pkgs=org.apache.catalina.webresources
27-Jan-2022 09:09:51.730 INFO [main] org.apache.catalina.startup.VersionLoggerListener.log Command line argument:             -Dorg.apache.catalina.security.SecurityListener.UMASK=0027
27-Jan-2022 09:09:51.731 INFO [main] org.apache.catalina.startup.VersionLoggerListener.log Command line argument:             -Dignore.endorsed.dirs=
27-Jan-2022 09:09:51.731 INFO [main] org.apache.catalina.startup.VersionLoggerListener.log Command line argument:             -Dcatalina.base=/home/lucas/Descargas/Java/OpenJDK/apache-tomcat-9.0.58
27-Jan-2022 09:09:51.731 INFO [main] org.apache.catalina.startup.VersionLoggerListener.log Command line argument:             -Dcatalina.home=/home/lucas/Descargas/Java/OpenJDK/apache-tomcat-9.0.58
27-Jan-2022 09:09:51.732 INFO [main] org.apache.catalina.startup.VersionLoggerListener.log Command line argument:             -Djava.io.tmpdir=/home/lucas/Descargas/Java/OpenJDK/apache-tomcat-9.0.58/temp
27-Jan-2022 09:09:51.735 INFO [main] org.apache.catalina.core.AprLifecycleListener.lifecycleEvent La biblioteca nativa de Apache Tomcat basada en ARP que permite un rendimiento óptimo en entornos de desarrollo no ha sido hallada en java.library.path: [/usr/java/packages/lib:/usr/lib64:/lib64:/lib:/usr/lib]
27-Jan-2022 09:09:52.755 INFO [main] org.apache.coyote.AbstractProtocol.init Inicializando el manejador de protocolo ["http-nio-8080"]

27-Jan-2022 09:09:52.834 INFO [main] org.apache.catalina.startup.Catalina.load Server initialization in [1819] milliseconds
27-Jan-2022 09:09:52.967 INFO [main] org.apache.catalina.core.StandardService.startInternal Arrancando servicio [Catalina]
27-Jan-2022 09:09:52.968 INFO [main] org.apache.catalina.core.StandardEngine.startInternal Starting Servlet engine: [Apache Tomcat/9.0.58]
27-Jan-2022 09:09:52.991 INFO [main] org.apache.catalina.startup.HostConfig.deployDirectory Desplegando el directorio [/home/lucas/Descargas/Java/OpenJDK/apache-tomcat-9.0.58/webapps/examples] de la aplicación web
27-Jan-2022 09:09:54.682 INFO [main] org.apache.catalina.startup.HostConfig.deployDirectory Deployment of web application directory [/home/lucas/Descargas/Java/OpenJDK/apache-tomcat-9.0.58/webapps/examples] has finished in [1.684] ms
27-Jan-2022 09:09:54.684 INFO [main] org.apache.catalina.startup.HostConfig.deployDirectory Desplegando el directorio [/home/lucas/Descargas/Java/OpenJDK/apache-tomcat-9.0.58/webapps/host-manager] de la aplicación web
27-Jan-2022 09:09:54.779 INFO [main] org.apache.catalina.startup.HostConfig.deployDirectory Deployment of web application directory [/home/lucas/Descargas/Java/OpenJDK/apache-tomcat-9.0.58/webapps/host-manager] has finished in [94] ms
27-Jan-2022 09:09:54.780 INFO [main] org.apache.catalina.startup.HostConfig.deployDirectory Desplegando el directorio [/home/lucas/Descargas/Java/OpenJDK/apache-tomcat-9.0.58/webapps/docs] de la aplicación web
27-Jan-2022 09:09:54.842 INFO [main] org.apache.catalina.startup.HostConfig.deployDirectory Deployment of web application directory [/home/lucas/Descargas/Java/OpenJDK/apache-tomcat-9.0.58/webapps/docs] has finished in [62] ms
27-Jan-2022 09:09:54.843 INFO [main] org.apache.catalina.startup.HostConfig.deployDirectory Desplegando el directorio [/home/lucas/Descargas/Java/OpenJDK/apache-tomcat-9.0.58/webapps/practica] de la aplicación web
27-Jan-2022 09:09:54.953 INFO [main] org.apache.catalina.startup.HostConfig.deployDirectory Deployment of web application directory [/home/lucas/Descargas/Java/OpenJDK/apache-tomcat-9.0.58/webapps/practica] has finished in [109] ms
27-Jan-2022 09:09:54.953 INFO [main] org.apache.catalina.startup.HostConfig.deployDirectory Desplegando el directorio [/home/lucas/Descargas/Java/OpenJDK/apache-tomcat-9.0.58/webapps/manager] de la aplicación web
27-Jan-2022 09:09:55.030 INFO [main] org.apache.catalina.startup.HostConfig.deployDirectory Deployment of web application directory [/home/lucas/Descargas/Java/OpenJDK/apache-tomcat-9.0.58/webapps/manager] has finished in [76] ms
27-Jan-2022 09:09:55.031 INFO [main] org.apache.catalina.startup.HostConfig.deployDirectory Desplegando el directorio [/home/lucas/Descargas/Java/OpenJDK/apache-tomcat-9.0.58/webapps/ROOT] de la aplicación web
27-Jan-2022 09:09:55.087 INFO [main] org.apache.catalina.startup.HostConfig.deployDirectory Deployment of web application directory [/home/lucas/Descargas/Java/OpenJDK/apache-tomcat-9.0.58/webapps/ROOT] has finished in [57] ms
27-Jan-2022 09:09:55.098 INFO [main] org.apache.coyote.AbstractProtocol.start Starting ProtocolHandler ["http-nio-8080"]
27-Jan-2022 09:09:55.156 INFO [main] org.apache.catalina.startup.Catalina.start Server startup in [2321] milliseconds
27-Jan-2022 09:10:31.531 INFO [Thread-2] org.apache.coyote.AbstractProtocol.pause Pausing ProtocolHandler ["http-nio-8080"]
27-Jan-2022 09:10:31.542 INFO [Thread-2] org.apache.catalina.core.StandardService.stopInternal Parando servicio [Catalina]
27-Jan-2022 09:10:31.621 INFO [Thread-2] org.apache.coyote.AbstractProtocol.stop Stopping ProtocolHandler ["http-nio-8080"]
27-Jan-2022 09:10:31.638 INFO [Thread-2] org.apache.coyote.AbstractProtocol.destroy Destroying ProtocolHandler ["http-nio-8080"]
27-Jan-2022 09:11:24.619 INFO [main] org.apache.catalina.startup.VersionLoggerListener.log Nombre de la versión del servidor: Apache Tomcat/9.0.58
27-Jan-2022 09:11:24.632 INFO [main] org.apache.catalina.startup.VersionLoggerListener.log Server built:                      Jan 15 2022 14:37:38 UTC
27-Jan-2022 09:11:24.632 INFO [main] org.apache.catalina.startup.VersionLoggerListener.log Número de versión de servidor:     9.0.58.0
27-Jan-2022 09:11:24.633 INFO [main] org.apache.catalina.startup.VersionLoggerListener.log OS Name:                           Linux
27-Jan-2022 09:11:24.634 INFO [main] org.apache.catalina.startup.VersionLoggerListener.log Versión de Systema Operativo:      5.10.79-1-MANJARO
27-Jan-2022 09:11:24.634 INFO [main] org.apache.catalina.startup.VersionLoggerListener.log Arquitectura:                      amd64
27-Jan-2022 09:11:24.635 INFO [main] org.apache.catalina.startup.VersionLoggerListener.log Java Home:                         /home/lucas/Descargas/Java/OpenJDK/jdk-17.0.2
27-Jan-2022 09:11:24.635 INFO [main] org.apache.catalina.startup.VersionLoggerListener.log JVM Version:                       17.0.2+8-86
27-Jan-2022 09:11:24.636 INFO [main] org.apache.catalina.startup.VersionLoggerListener.log Vededor JVM:                       Oracle Corporation
27-Jan-2022 09:11:24.636 INFO [main] org.apache.catalina.startup.VersionLoggerListener.log CATALINA_BASE:                     /home/lucas/Descargas/Java/OpenJDK/apache-tomcat-9.0.58
27-Jan-2022 09:11:24.637 INFO [main] org.apache.catalina.startup.VersionLoggerListener.log CATALINA_HOME:                     /home/lucas/Descargas/Java/OpenJDK/apache-tomcat-9.0.58
27-Jan-2022 09:11:24.676 INFO [main] org.apache.catalina.startup.VersionLoggerListener.log Command line argument:             --add-opens=java.base/java.lang=ALL-UNNAMED
27-Jan-2022 09:11:24.676 INFO [main] org.apache.catalina.startup.VersionLoggerListener.log Command line argument:             --add-opens=java.base/java.io=ALL-UNNAMED
27-Jan-2022 09:11:24.677 INFO [main] org.apache.catalina.startup.VersionLoggerListener.log Command line argument:             --add-opens=java.base/java.util=ALL-UNNAMED
27-Jan-2022 09:11:24.677 INFO [main] org.apache.catalina.startup.VersionLoggerListener.log Command line argument:             --add-opens=java.base/java.util.concurrent=ALL-UNNAMED
27-Jan-2022 09:11:24.678 INFO [main] org.apache.catalina.startup.VersionLoggerListener.log Command line argument:             --add-opens=java.rmi/sun.rmi.transport=ALL-UNNAMED
27-Jan-2022 09:11:24.679 INFO [main] org.apache.catalina.startup.VersionLoggerListener.log Command line argument:             -Djava.util.logging.config.file=/home/lucas/Descargas/Java/OpenJDK/apache-tomcat-9.0.58/conf/logging.properties
27-Jan-2022 09:11:24.679 INFO [main] org.apache.catalina.startup.VersionLoggerListener.log Command line argument:             -Djava.util.logging.manager=org.apache.juli.ClassLoaderLogManager
27-Jan-2022 09:11:24.680 INFO [main] org.apache.catalina.startup.VersionLoggerListener.log Command line argument:             -Djdk.tls.ephemeralDHKeySize=2048
27-Jan-2022 09:11:24.680 INFO [main] org.apache.catalina.startup.VersionLoggerListener.log Command line argument:             -Djava.protocol.handler.pkgs=org.apache.catalina.webresources
27-Jan-2022 09:11:24.681 INFO [main] org.apache.catalina.startup.VersionLoggerListener.log Command line argument:             -Dorg.apache.catalina.security.SecurityListener.UMASK=0027
27-Jan-2022 09:11:24.682 INFO [main] org.apache.catalina.startup.VersionLoggerListener.log Command line argument:             -Dignore.endorsed.dirs=
27-Jan-2022 09:11:24.682 INFO [main] org.apache.catalina.startup.VersionLoggerListener.log Command line argument:             -Dcatalina.base=/home/lucas/Descargas/Java/OpenJDK/apache-tomcat-9.0.58
27-Jan-2022 09:11:24.683 INFO [main] org.apache.catalina.startup.VersionLoggerListener.log Command line argument:             -Dcatalina.home=/home/lucas/Descargas/Java/OpenJDK/apache-tomcat-9.0.58
27-Jan-2022 09:11:24.683 INFO [main] org.apache.catalina.startup.VersionLoggerListener.log Command line argument:             -Djava.io.tmpdir=/home/lucas/Descargas/Java/OpenJDK/apache-tomcat-9.0.58/temp
27-Jan-2022 09:11:24.687 INFO [main] org.apache.catalina.core.AprLifecycleListener.lifecycleEvent La biblioteca nativa de Apache Tomcat basada en ARP que permite un rendimiento óptimo en entornos de desarrollo no ha sido hallada en java.library.path: [/usr/java/packages/lib:/usr/lib64:/lib64:/lib:/usr/lib]
27-Jan-2022 09:11:25.556 INFO [main] org.apache.coyote.AbstractProtocol.init Inicializando el manejador de protocolo ["http-nio-8080"]

27-Jan-2022 09:11:25.670 INFO [main] org.apache.catalina.startup.Catalina.load Server initialization in [1683] milliseconds
27-Jan-2022 09:11:25.796 INFO [main] org.apache.catalina.core.StandardService.startInternal Arrancando servicio [Catalina]
27-Jan-2022 09:11:25.797 INFO [main] org.apache.catalina.core.StandardEngine.startInternal Starting Servlet engine: [Apache Tomcat/9.0.58]
27-Jan-2022 09:11:25.820 INFO [main] org.apache.catalina.startup.HostConfig.deployDirectory Desplegando el directorio [/home/lucas/Descargas/Java/OpenJDK/apache-tomcat-9.0.58/webapps/examples] de la aplicación web
27-Jan-2022 09:11:27.322 INFO [main] org.apache.catalina.startup.HostConfig.deployDirectory Deployment of web application directory [/home/lucas/Descargas/Java/OpenJDK/apache-tomcat-9.0.58/webapps/examples] has finished in [1.497] ms
27-Jan-2022 09:11:27.323 INFO [main] org.apache.catalina.startup.HostConfig.deployDirectory Desplegando el directorio [/home/lucas/Descargas/Java/OpenJDK/apache-tomcat-9.0.58/webapps/host-manager] de la aplicación web
27-Jan-2022 09:11:27.409 INFO [main] org.apache.catalina.startup.HostConfig.deployDirectory Deployment of web application directory [/home/lucas/Descargas/Java/OpenJDK/apache-tomcat-9.0.58/webapps/host-manager] has finished in [86] ms
27-Jan-2022 09:11:27.410 INFO [main] org.apache.catalina.startup.HostConfig.deployDirectory Desplegando el directorio [/home/lucas/Descargas/Java/OpenJDK/apache-tomcat-9.0.58/webapps/docs] de la aplicación web
27-Jan-2022 09:11:27.467 INFO [main] org.apache.catalina.startup.HostConfig.deployDirectory Deployment of web application directory [/home/lucas/Descargas/Java/OpenJDK/apache-tomcat-9.0.58/webapps/docs] has finished in [56] ms
27-Jan-2022 09:11:27.468 INFO [main] org.apache.catalina.startup.HostConfig.deployDirectory Desplegando el directorio [/home/lucas/Descargas/Java/OpenJDK/apache-tomcat-9.0.58/webapps/practica] de la aplicación web
27-Jan-2022 09:11:27.557 INFO [main] org.apache.catalina.startup.HostConfig.deployDirectory Deployment of web application directory [/home/lucas/Descargas/Java/OpenJDK/apache-tomcat-9.0.58/webapps/practica] has finished in [89] ms
27-Jan-2022 09:11:27.558 INFO [main] org.apache.catalina.startup.HostConfig.deployDirectory Desplegando el directorio [/home/lucas/Descargas/Java/OpenJDK/apache-tomcat-9.0.58/webapps/manager] de la aplicación web
27-Jan-2022 09:11:27.636 INFO [main] org.apache.catalina.startup.HostConfig.deployDirectory Deployment of web application directory [/home/lucas/Descargas/Java/OpenJDK/apache-tomcat-9.0.58/webapps/manager] has finished in [77] ms
27-Jan-2022 09:11:27.637 INFO [main] org.apache.catalina.startup.HostConfig.deployDirectory Desplegando el directorio [/home/lucas/Descargas/Java/OpenJDK/apache-tomcat-9.0.58/webapps/ROOT] de la aplicación web
27-Jan-2022 09:11:27.686 INFO [main] org.apache.catalina.startup.HostConfig.deployDirectory Deployment of web application directory [/home/lucas/Descargas/Java/OpenJDK/apache-tomcat-9.0.58/webapps/ROOT] has finished in [50] ms
27-Jan-2022 09:11:27.698 INFO [main] org.apache.coyote.AbstractProtocol.start Starting ProtocolHandler ["http-nio-8080"]
27-Jan-2022 09:11:27.738 INFO [main] org.apache.catalina.startup.Catalina.start Server startup in [2066] milliseconds
27-Jan-2022 09:19:39.982 INFO [Thread-2] org.apache.coyote.AbstractProtocol.pause Pausing ProtocolHandler ["http-nio-8080"]
27-Jan-2022 09:19:39.992 INFO [Thread-2] org.apache.catalina.core.StandardService.stopInternal Parando servicio [Catalina]
27-Jan-2022 09:19:40.076 INFO [Thread-2] org.apache.coyote.AbstractProtocol.stop Stopping ProtocolHandler ["http-nio-8080"]
27-Jan-2022 09:19:40.094 INFO [Thread-2] org.apache.coyote.AbstractProtocol.destroy Destroying ProtocolHandler ["http-nio-8080"]
27-Jan-2022 16:48:36.207 INFORMACIÓN [main] org.apache.catalina.startup.VersionLoggerListener.log Nombre de la versión del servidor: Apache Tomcat/9.0.58
27-Jan-2022 16:48:36.209 INFORMACIÓN [main] org.apache.catalina.startup.VersionLoggerListener.log Server built:                      Jan 15 2022 14:37:38 UTC
27-Jan-2022 16:48:36.210 INFORMACIÓN [main] org.apache.catalina.startup.VersionLoggerListener.log Número de versión de servidor:     9.0.58.0
27-Jan-2022 16:48:36.210 INFORMACIÓN [main] org.apache.catalina.startup.VersionLoggerListener.log OS Name:                           Linux
27-Jan-2022 16:48:36.210 INFORMACIÓN [main] org.apache.catalina.startup.VersionLoggerListener.log Versión de Systema Operativo:      5.4.0-96-generic
27-Jan-2022 16:48:36.210 INFORMACIÓN [main] org.apache.catalina.startup.VersionLoggerListener.log Arquitectura:                      amd64
27-Jan-2022 16:48:36.210 INFORMACIÓN [main] org.apache.catalina.startup.VersionLoggerListener.log Java Home:                         /usr/lib/jvm/java-14-openjdk-amd64
27-Jan-2022 16:48:36.210 INFORMACIÓN [main] org.apache.catalina.startup.VersionLoggerListener.log JVM Version:                       14.0.2+12-Ubuntu-120.04
27-Jan-2022 16:48:36.210 INFORMACIÓN [main] org.apache.catalina.startup.VersionLoggerListener.log Vededor JVM:                       Private Build
27-Jan-2022 16:48:36.210 INFORMACIÓN [main] org.apache.catalina.startup.VersionLoggerListener.log CATALINA_BASE:                     /media/usertar/TOSHIBA EXT/2º DAM/PSP/Tema4/Tomcat/apache-tomcat-9.0.58
27-Jan-2022 16:48:36.211 INFORMACIÓN [main] org.apache.catalina.startup.VersionLoggerListener.log CATALINA_HOME:                     /media/usertar/TOSHIBA EXT/2º DAM/PSP/Tema4/Tomcat/apache-tomcat-9.0.58
27-Jan-2022 16:48:36.231 INFORMACIÓN [main] org.apache.catalina.startup.VersionLoggerListener.log Command line argument:             --add-opens=java.base/java.lang=ALL-UNNAMED
27-Jan-2022 16:48:36.231 INFORMACIÓN [main] org.apache.catalina.startup.VersionLoggerListener.log Command line argument:             --add-opens=java.base/java.io=ALL-UNNAMED
27-Jan-2022 16:48:36.231 INFORMACIÓN [main] org.apache.catalina.startup.VersionLoggerListener.log Command line argument:             --add-opens=java.base/java.util=ALL-UNNAMED
27-Jan-2022 16:48:36.232 INFORMACIÓN [main] org.apache.catalina.startup.VersionLoggerListener.log Command line argument:             --add-opens=java.base/java.util.concurrent=ALL-UNNAMED
27-Jan-2022 16:48:36.232 INFORMACIÓN [main] org.apache.catalina.startup.VersionLoggerListener.log Command line argument:             --add-opens=java.rmi/sun.rmi.transport=ALL-UNNAMED
27-Jan-2022 16:48:36.232 INFORMACIÓN [main] org.apache.catalina.startup.VersionLoggerListener.log Command line argument:             -Djava.util.logging.config.file=/media/usertar/TOSHIBA EXT/2º DAM/PSP/Tema4/Tomcat/apache-tomcat-9.0.58/conf/logging.properties
27-Jan-2022 16:48:36.232 INFORMACIÓN [main] org.apache.catalina.startup.VersionLoggerListener.log Command line argument:             -Djava.util.logging.manager=org.apache.juli.ClassLoaderLogManager
27-Jan-2022 16:48:36.232 INFORMACIÓN [main] org.apache.catalina.startup.VersionLoggerListener.log Command line argument:             -Djdk.tls.ephemeralDHKeySize=2048
27-Jan-2022 16:48:36.232 INFORMACIÓN [main] org.apache.catalina.startup.VersionLoggerListener.log Command line argument:             -Djava.protocol.handler.pkgs=org.apache.catalina.webresources
27-Jan-2022 16:48:36.233 INFORMACIÓN [main] org.apache.catalina.startup.VersionLoggerListener.log Command line argument:             -Dorg.apache.catalina.security.SecurityListener.UMASK=0027
27-Jan-2022 16:48:36.233 INFORMACIÓN [main] org.apache.catalina.startup.VersionLoggerListener.log Command line argument:             -Dignore.endorsed.dirs=
27-Jan-2022 16:48:36.233 INFORMACIÓN [main] org.apache.catalina.startup.VersionLoggerListener.log Command line argument:             -Dcatalina.base=/media/usertar/TOSHIBA EXT/2º DAM/PSP/Tema4/Tomcat/apache-tomcat-9.0.58
27-Jan-2022 16:48:36.233 INFORMACIÓN [main] org.apache.catalina.startup.VersionLoggerListener.log Command line argument:             -Dcatalina.home=/media/usertar/TOSHIBA EXT/2º DAM/PSP/Tema4/Tomcat/apache-tomcat-9.0.58
27-Jan-2022 16:48:36.233 INFORMACIÓN [main] org.apache.catalina.startup.VersionLoggerListener.log Command line argument:             -Djava.io.tmpdir=/media/usertar/TOSHIBA EXT/2º DAM/PSP/Tema4/Tomcat/apache-tomcat-9.0.58/temp
27-Jan-2022 16:48:36.236 INFORMACIÓN [main] org.apache.catalina.core.AprLifecycleListener.lifecycleEvent La biblioteca nativa de Apache Tomcat basada en ARP que permite un rendimiento óptimo en entornos de desarrollo no ha sido hallada en java.library.path: [/usr/java/packages/lib:/usr/lib/x86_64-linux-gnu/jni:/lib/x86_64-linux-gnu:/usr/lib/x86_64-linux-gnu:/usr/lib/jni:/lib:/usr/lib]
27-Jan-2022 16:48:36.600 INFORMACIÓN [main] org.apache.coyote.AbstractProtocol.init Inicializando el manejador de protocolo ["http-nio-8080"]

27-Jan-2022 16:48:36.641 INFORMACIÓN [main] org.apache.catalina.startup.Catalina.load Server initialization in [671] milliseconds
27-Jan-2022 16:48:36.701 INFORMACIÓN [main] org.apache.catalina.core.StandardService.startInternal Arrancando servicio [Catalina]
27-Jan-2022 16:48:36.702 INFORMACIÓN [main] org.apache.catalina.core.StandardEngine.startInternal Starting Servlet engine: [Apache Tomcat/9.0.58]
27-Jan-2022 16:48:36.712 INFORMACIÓN [main] org.apache.catalina.startup.HostConfig.deployDirectory Desplegando el directorio [/media/usertar/TOSHIBA EXT/2º DAM/PSP/Tema4/Tomcat/apache-tomcat-9.0.58/webapps/docs] de la aplicación web
27-Jan-2022 16:48:37.179 INFORMACIÓN [main] org.apache.jasper.servlet.TldScanner.scanJars Al menos un JAR, que se ha explorado buscando TLDs, aún no contenía TLDs. Activar historial de depuración para este historiador para una completa lista de los JARs que fueron explorados y de los que nos se halló TLDs. Saltarse JARs no necesarios durante la exploración puede dar lugar a una mejora de tiempo significativa en el arranque y compilación de JSP .
27-Jan-2022 16:48:37.249 INFORMACIÓN [main] org.apache.catalina.startup.HostConfig.deployDirectory Deployment of web application directory [/media/usertar/TOSHIBA EXT/2º DAM/PSP/Tema4/Tomcat/apache-tomcat-9.0.58/webapps/docs] has finished in [535] ms
27-Jan-2022 16:48:37.249 INFORMACIÓN [main] org.apache.catalina.startup.HostConfig.deployDirectory Desplegando el directorio [/media/usertar/TOSHIBA EXT/2º DAM/PSP/Tema4/Tomcat/apache-tomcat-9.0.58/webapps/examples] de la aplicación web
27-Jan-2022 16:48:38.237 INFORMACIÓN [main] org.apache.jasper.servlet.TldScanner.scanJars Al menos un JAR, que se ha explorado buscando TLDs, aún no contenía TLDs. Activar historial de depuración para este historiador para una completa lista de los JARs que fueron explorados y de los que nos se halló TLDs. Saltarse JARs no necesarios durante la exploración puede dar lugar a una mejora de tiempo significativa en el arranque y compilación de JSP .
27-Jan-2022 16:48:38.367 INFORMACIÓN [main] org.apache.catalina.startup.HostConfig.deployDirectory Deployment of web application directory [/media/usertar/TOSHIBA EXT/2º DAM/PSP/Tema4/Tomcat/apache-tomcat-9.0.58/webapps/examples] has finished in [1.117] ms
27-Jan-2022 16:48:38.368 INFORMACIÓN [main] org.apache.catalina.startup.HostConfig.deployDirectory Desplegando el directorio [/media/usertar/TOSHIBA EXT/2º DAM/PSP/Tema4/Tomcat/apache-tomcat-9.0.58/webapps/host-manager] de la aplicación web
27-Jan-2022 16:48:38.627 INFORMACIÓN [main] org.apache.jasper.servlet.TldScanner.scanJars Al menos un JAR, que se ha explorado buscando TLDs, aún no contenía TLDs. Activar historial de depuración para este historiador para una completa lista de los JARs que fueron explorados y de los que nos se halló TLDs. Saltarse JARs no necesarios durante la exploración puede dar lugar a una mejora de tiempo significativa en el arranque y compilación de JSP .
27-Jan-2022 16:48:38.636 INFORMACIÓN [main] org.apache.catalina.startup.HostConfig.deployDirectory Deployment of web application directory [/media/usertar/TOSHIBA EXT/2º DAM/PSP/Tema4/Tomcat/apache-tomcat-9.0.58/webapps/host-manager] has finished in [268] ms
27-Jan-2022 16:48:38.637 INFORMACIÓN [main] org.apache.catalina.startup.HostConfig.deployDirectory Desplegando el directorio [/media/usertar/TOSHIBA EXT/2º DAM/PSP/Tema4/Tomcat/apache-tomcat-9.0.58/webapps/manager] de la aplicación web
27-Jan-2022 16:48:38.931 INFORMACIÓN [main] org.apache.jasper.servlet.TldScanner.scanJars Al menos un JAR, que se ha explorado buscando TLDs, aún no contenía TLDs. Activar historial de depuración para este historiador para una completa lista de los JARs que fueron explorados y de los que nos se halló TLDs. Saltarse JARs no necesarios durante la exploración puede dar lugar a una mejora de tiempo significativa en el arranque y compilación de JSP .
27-Jan-2022 16:48:38.937 INFORMACIÓN [main] org.apache.catalina.startup.HostConfig.deployDirectory Deployment of web application directory [/media/usertar/TOSHIBA EXT/2º DAM/PSP/Tema4/Tomcat/apache-tomcat-9.0.58/webapps/manager] has finished in [301] ms
27-Jan-2022 16:48:38.937 INFORMACIÓN [main] org.apache.catalina.startup.HostConfig.deployDirectory Desplegando el directorio [/media/usertar/TOSHIBA EXT/2º DAM/PSP/Tema4/Tomcat/apache-tomcat-9.0.58/webapps/practica] de la aplicación web
27-Jan-2022 16:48:39.202 INFORMACIÓN [main] org.apache.jasper.servlet.TldScanner.scanJars Al menos un JAR, que se ha explorado buscando TLDs, aún no contenía TLDs. Activar historial de depuración para este historiador para una completa lista de los JARs que fueron explorados y de los que nos se halló TLDs. Saltarse JARs no necesarios durante la exploración puede dar lugar a una mejora de tiempo significativa en el arranque y compilación de JSP .
27-Jan-2022 16:48:39.218 INFORMACIÓN [main] org.apache.catalina.startup.HostConfig.deployDirectory Deployment of web application directory [/media/usertar/TOSHIBA EXT/2º DAM/PSP/Tema4/Tomcat/apache-tomcat-9.0.58/webapps/practica] has finished in [280] ms
27-Jan-2022 16:48:39.218 INFORMACIÓN [main] org.apache.catalina.startup.HostConfig.deployDirectory Desplegando el directorio [/media/usertar/TOSHIBA EXT/2º DAM/PSP/Tema4/Tomcat/apache-tomcat-9.0.58/webapps/primer-servlet] de la aplicación web
27-Jan-2022 16:48:39.604 INFORMACIÓN [main] org.apache.jasper.servlet.TldScanner.scanJars Al menos un JAR, que se ha explorado buscando TLDs, aún no contenía TLDs. Activar historial de depuración para este historiador para una completa lista de los JARs que fueron explorados y de los que nos se halló TLDs. Saltarse JARs no necesarios durante la exploración puede dar lugar a una mejora de tiempo significativa en el arranque y compilación de JSP .
27-Jan-2022 16:48:39.612 INFORMACIÓN [main] org.apache.catalina.startup.HostConfig.deployDirectory Deployment of web application directory [/media/usertar/TOSHIBA EXT/2º DAM/PSP/Tema4/Tomcat/apache-tomcat-9.0.58/webapps/primer-servlet] has finished in [394] ms
27-Jan-2022 16:48:39.613 INFORMACIÓN [main] org.apache.catalina.startup.HostConfig.deployDirectory Desplegando el directorio [/media/usertar/TOSHIBA EXT/2º DAM/PSP/Tema4/Tomcat/apache-tomcat-9.0.58/webapps/ROOT] de la aplicación web
27-Jan-2022 16:48:39.834 INFORMACIÓN [main] org.apache.jasper.servlet.TldScanner.scanJars Al menos un JAR, que se ha explorado buscando TLDs, aún no contenía TLDs. Activar historial de depuración para este historiador para una completa lista de los JARs que fueron explorados y de los que nos se halló TLDs. Saltarse JARs no necesarios durante la exploración puede dar lugar a una mejora de tiempo significativa en el arranque y compilación de JSP .
27-Jan-2022 16:48:39.840 INFORMACIÓN [main] org.apache.catalina.startup.HostConfig.deployDirectory Deployment of web application directory [/media/usertar/TOSHIBA EXT/2º DAM/PSP/Tema4/Tomcat/apache-tomcat-9.0.58/webapps/ROOT] has finished in [227] ms
27-Jan-2022 16:48:39.845 INFORMACIÓN [main] org.apache.coyote.AbstractProtocol.start Starting ProtocolHandler ["http-nio-8080"]
27-Jan-2022 16:48:39.874 INFORMACIÓN [main] org.apache.catalina.startup.Catalina.start Server startup in [3232] milliseconds
27-Jan-2022 16:49:44.113 INFORMACIÓN [Thread-2] org.apache.coyote.AbstractProtocol.pause Pausing ProtocolHandler ["http-nio-8080"]
27-Jan-2022 16:49:44.119 INFORMACIÓN [Thread-2] org.apache.catalina.core.StandardService.stopInternal Parando servicio [Catalina]
27-Jan-2022 16:49:44.163 ADVERTENCIA [Thread-2] org.apache.catalina.loader.WebappClassLoaderBase.clearReferencesJdbc La aplicación web [primer-servlet] registró el conductor JDBC [org.sqlite.JDBC] pero falló al anular el registro mientras la aplicación web estaba parada. Para prevenir un fallo de memoria, se ha anulado el registro del conductor JDBC por la fuerza.
27-Jan-2022 16:49:44.186 INFORMACIÓN [Thread-2] org.apache.coyote.AbstractProtocol.stop Stopping ProtocolHandler ["http-nio-8080"]
27-Jan-2022 16:49:44.192 INFORMACIÓN [Thread-2] org.apache.coyote.AbstractProtocol.destroy Destroying ProtocolHandler ["http-nio-8080"]
27-Jan-2022 16:56:54.275 INFORMACIÓN [main] org.apache.catalina.startup.VersionLoggerListener.log Nombre de la versión del servidor: Apache Tomcat/9.0.58
27-Jan-2022 16:56:54.279 INFORMACIÓN [main] org.apache.catalina.startup.VersionLoggerListener.log Server built:                      Jan 15 2022 14:37:38 UTC
27-Jan-2022 16:56:54.279 INFORMACIÓN [main] org.apache.catalina.startup.VersionLoggerListener.log Número de versión de servidor:     9.0.58.0
27-Jan-2022 16:56:54.279 INFORMACIÓN [main] org.apache.catalina.startup.VersionLoggerListener.log OS Name:                           Linux
27-Jan-2022 16:56:54.279 INFORMACIÓN [main] org.apache.catalina.startup.VersionLoggerListener.log Versión de Systema Operativo:      5.4.0-96-generic
27-Jan-2022 16:56:54.279 INFORMACIÓN [main] org.apache.catalina.startup.VersionLoggerListener.log Arquitectura:                      amd64
27-Jan-2022 16:56:54.279 INFORMACIÓN [main] org.apache.catalina.startup.VersionLoggerListener.log Java Home:                         /usr/lib/jvm/java-14-openjdk-amd64
27-Jan-2022 16:56:54.279 INFORMACIÓN [main] org.apache.catalina.startup.VersionLoggerListener.log JVM Version:                       14.0.2+12-Ubuntu-120.04
27-Jan-2022 16:56:54.280 INFORMACIÓN [main] org.apache.catalina.startup.VersionLoggerListener.log Vededor JVM:                       Private Build
27-Jan-2022 16:56:54.280 INFORMACIÓN [main] org.apache.catalina.startup.VersionLoggerListener.log CATALINA_BASE:                     /media/usertar/TOSHIBA EXT/2º DAM/PSP/Tema4/Tomcat/apache-tomcat-9.0.58
27-Jan-2022 16:56:54.280 INFORMACIÓN [main] org.apache.catalina.startup.VersionLoggerListener.log CATALINA_HOME:                     /media/usertar/TOSHIBA EXT/2º DAM/PSP/Tema4/Tomcat/apache-tomcat-9.0.58
27-Jan-2022 16:56:54.289 INFORMACIÓN [main] org.apache.catalina.startup.VersionLoggerListener.log Command line argument:             --add-opens=java.base/java.lang=ALL-UNNAMED
27-Jan-2022 16:56:54.290 INFORMACIÓN [main] org.apache.catalina.startup.VersionLoggerListener.log Command line argument:             --add-opens=java.base/java.io=ALL-UNNAMED
27-Jan-2022 16:56:54.290 INFORMACIÓN [main] org.apache.catalina.startup.VersionLoggerListener.log Command line argument:             --add-opens=java.base/java.util=ALL-UNNAMED
27-Jan-2022 16:56:54.290 INFORMACIÓN [main] org.apache.catalina.startup.VersionLoggerListener.log Command line argument:             --add-opens=java.base/java.util.concurrent=ALL-UNNAMED
27-Jan-2022 16:56:54.290 INFORMACIÓN [main] org.apache.catalina.startup.VersionLoggerListener.log Command line argument:             --add-opens=java.rmi/sun.rmi.transport=ALL-UNNAMED
27-Jan-2022 16:56:54.290 INFORMACIÓN [main] org.apache.catalina.startup.VersionLoggerListener.log Command line argument:             -Djava.util.logging.config.file=/media/usertar/TOSHIBA EXT/2º DAM/PSP/Tema4/Tomcat/apache-tomcat-9.0.58/conf/logging.properties
27-Jan-2022 16:56:54.290 INFORMACIÓN [main] org.apache.catalina.startup.VersionLoggerListener.log Command line argument:             -Djava.util.logging.manager=org.apache.juli.ClassLoaderLogManager
27-Jan-2022 16:56:54.290 INFORMACIÓN [main] org.apache.catalina.startup.VersionLoggerListener.log Command line argument:             -Djdk.tls.ephemeralDHKeySize=2048
27-Jan-2022 16:56:54.291 INFORMACIÓN [main] org.apache.catalina.startup.VersionLoggerListener.log Command line argument:             -Djava.protocol.handler.pkgs=org.apache.catalina.webresources
27-Jan-2022 16:56:54.291 INFORMACIÓN [main] org.apache.catalina.startup.VersionLoggerListener.log Command line argument:             -Dorg.apache.catalina.security.SecurityListener.UMASK=0027
27-Jan-2022 16:56:54.291 INFORMACIÓN [main] org.apache.catalina.startup.VersionLoggerListener.log Command line argument:             -Dignore.endorsed.dirs=
27-Jan-2022 16:56:54.291 INFORMACIÓN [main] org.apache.catalina.startup.VersionLoggerListener.log Command line argument:             -Dcatalina.base=/media/usertar/TOSHIBA EXT/2º DAM/PSP/Tema4/Tomcat/apache-tomcat-9.0.58
27-Jan-2022 16:56:54.291 INFORMACIÓN [main] org.apache.catalina.startup.VersionLoggerListener.log Command line argument:             -Dcatalina.home=/media/usertar/TOSHIBA EXT/2º DAM/PSP/Tema4/Tomcat/apache-tomcat-9.0.58
27-Jan-2022 16:56:54.291 INFORMACIÓN [main] org.apache.catalina.startup.VersionLoggerListener.log Command line argument:             -Djava.io.tmpdir=/media/usertar/TOSHIBA EXT/2º DAM/PSP/Tema4/Tomcat/apache-tomcat-9.0.58/temp
27-Jan-2022 16:56:54.293 INFORMACIÓN [main] org.apache.catalina.core.AprLifecycleListener.lifecycleEvent La biblioteca nativa de Apache Tomcat basada en ARP que permite un rendimiento óptimo en entornos de desarrollo no ha sido hallada en java.library.path: [/usr/java/packages/lib:/usr/lib/x86_64-linux-gnu/jni:/lib/x86_64-linux-gnu:/usr/lib/x86_64-linux-gnu:/usr/lib/jni:/lib:/usr/lib]
27-Jan-2022 16:56:54.617 INFORMACIÓN [main] org.apache.coyote.AbstractProtocol.init Inicializando el manejador de protocolo ["http-nio-8080"]

27-Jan-2022 16:56:54.651 INFORMACIÓN [main] org.apache.catalina.startup.Catalina.load Server initialization in [599] milliseconds
27-Jan-2022 16:56:54.700 INFORMACIÓN [main] org.apache.catalina.core.StandardService.startInternal Arrancando servicio [Catalina]
27-Jan-2022 16:56:54.701 INFORMACIÓN [main] org.apache.catalina.core.StandardEngine.startInternal Starting Servlet engine: [Apache Tomcat/9.0.58]
27-Jan-2022 16:56:54.712 INFORMACIÓN [main] org.apache.catalina.startup.HostConfig.deployDirectory Desplegando el directorio [/media/usertar/TOSHIBA EXT/2º DAM/PSP/Tema4/Tomcat/apache-tomcat-9.0.58/webapps/docs] de la aplicación web
27-Jan-2022 16:56:55.161 INFORMACIÓN [main] org.apache.jasper.servlet.TldScanner.scanJars Al menos un JAR, que se ha explorado buscando TLDs, aún no contenía TLDs. Activar historial de depuración para este historiador para una completa lista de los JARs que fueron explorados y de los que nos se halló TLDs. Saltarse JARs no necesarios durante la exploración puede dar lugar a una mejora de tiempo significativa en el arranque y compilación de JSP .
27-Jan-2022 16:56:55.234 INFORMACIÓN [main] org.apache.catalina.startup.HostConfig.deployDirectory Deployment of web application directory [/media/usertar/TOSHIBA EXT/2º DAM/PSP/Tema4/Tomcat/apache-tomcat-9.0.58/webapps/docs] has finished in [519] ms
27-Jan-2022 16:56:55.234 INFORMACIÓN [main] org.apache.catalina.startup.HostConfig.deployDirectory Desplegando el directorio [/media/usertar/TOSHIBA EXT/2º DAM/PSP/Tema4/Tomcat/apache-tomcat-9.0.58/webapps/examples] de la aplicación web
27-Jan-2022 16:56:56.135 INFORMACIÓN [main] org.apache.jasper.servlet.TldScanner.scanJars Al menos un JAR, que se ha explorado buscando TLDs, aún no contenía TLDs. Activar historial de depuración para este historiador para una completa lista de los JARs que fueron explorados y de los que nos se halló TLDs. Saltarse JARs no necesarios durante la exploración puede dar lugar a una mejora de tiempo significativa en el arranque y compilación de JSP .
27-Jan-2022 16:56:56.247 INFORMACIÓN [main] org.apache.catalina.startup.HostConfig.deployDirectory Deployment of web application directory [/media/usertar/TOSHIBA EXT/2º DAM/PSP/Tema4/Tomcat/apache-tomcat-9.0.58/webapps/examples] has finished in [1.013] ms
27-Jan-2022 16:56:56.247 INFORMACIÓN [main] org.apache.catalina.startup.HostConfig.deployDirectory Desplegando el directorio [/media/usertar/TOSHIBA EXT/2º DAM/PSP/Tema4/Tomcat/apache-tomcat-9.0.58/webapps/host-manager] de la aplicación web
27-Jan-2022 16:56:56.476 INFORMACIÓN [main] org.apache.jasper.servlet.TldScanner.scanJars Al menos un JAR, que se ha explorado buscando TLDs, aún no contenía TLDs. Activar historial de depuración para este historiador para una completa lista de los JARs que fueron explorados y de los que nos se halló TLDs. Saltarse JARs no necesarios durante la exploración puede dar lugar a una mejora de tiempo significativa en el arranque y compilación de JSP .
27-Jan-2022 16:56:56.483 INFORMACIÓN [main] org.apache.catalina.startup.HostConfig.deployDirectory Deployment of web application directory [/media/usertar/TOSHIBA EXT/2º DAM/PSP/Tema4/Tomcat/apache-tomcat-9.0.58/webapps/host-manager] has finished in [236] ms
27-Jan-2022 16:56:56.483 INFORMACIÓN [main] org.apache.catalina.startup.HostConfig.deployDirectory Desplegando el directorio [/media/usertar/TOSHIBA EXT/2º DAM/PSP/Tema4/Tomcat/apache-tomcat-9.0.58/webapps/manager] de la aplicación web
27-Jan-2022 16:56:56.703 INFORMACIÓN [main] org.apache.jasper.servlet.TldScanner.scanJars Al menos un JAR, que se ha explorado buscando TLDs, aún no contenía TLDs. Activar historial de depuración para este historiador para una completa lista de los JARs que fueron explorados y de los que nos se halló TLDs. Saltarse JARs no necesarios durante la exploración puede dar lugar a una mejora de tiempo significativa en el arranque y compilación de JSP .
27-Jan-2022 16:56:56.708 INFORMACIÓN [main] org.apache.catalina.startup.HostConfig.deployDirectory Deployment of web application directory [/media/usertar/TOSHIBA EXT/2º DAM/PSP/Tema4/Tomcat/apache-tomcat-9.0.58/webapps/manager] has finished in [225] ms
27-Jan-2022 16:56:56.708 INFORMACIÓN [main] org.apache.catalina.startup.HostConfig.deployDirectory Desplegando el directorio [/media/usertar/TOSHIBA EXT/2º DAM/PSP/Tema4/Tomcat/apache-tomcat-9.0.58/webapps/practica] de la aplicación web
27-Jan-2022 16:56:56.948 INFORMACIÓN [main] org.apache.jasper.servlet.TldScanner.scanJars Al menos un JAR, que se ha explorado buscando TLDs, aún no contenía TLDs. Activar historial de depuración para este historiador para una completa lista de los JARs que fueron explorados y de los que nos se halló TLDs. Saltarse JARs no necesarios durante la exploración puede dar lugar a una mejora de tiempo significativa en el arranque y compilación de JSP .
27-Jan-2022 16:56:56.959 INFORMACIÓN [main] org.apache.catalina.startup.HostConfig.deployDirectory Deployment of web application directory [/media/usertar/TOSHIBA EXT/2º DAM/PSP/Tema4/Tomcat/apache-tomcat-9.0.58/webapps/practica] has finished in [250] ms
27-Jan-2022 16:56:56.960 INFORMACIÓN [main] org.apache.catalina.startup.HostConfig.deployDirectory Desplegando el directorio [/media/usertar/TOSHIBA EXT/2º DAM/PSP/Tema4/Tomcat/apache-tomcat-9.0.58/webapps/primer-servlet] de la aplicación web
27-Jan-2022 16:56:57.266 INFORMACIÓN [main] org.apache.jasper.servlet.TldScanner.scanJars Al menos un JAR, que se ha explorado buscando TLDs, aún no contenía TLDs. Activar historial de depuración para este historiador para una completa lista de los JARs que fueron explorados y de los que nos se halló TLDs. Saltarse JARs no necesarios durante la exploración puede dar lugar a una mejora de tiempo significativa en el arranque y compilación de JSP .
27-Jan-2022 16:56:57.271 INFORMACIÓN [main] org.apache.catalina.startup.HostConfig.deployDirectory Deployment of web application directory [/media/usertar/TOSHIBA EXT/2º DAM/PSP/Tema4/Tomcat/apache-tomcat-9.0.58/webapps/primer-servlet] has finished in [311] ms
27-Jan-2022 16:56:57.272 INFORMACIÓN [main] org.apache.catalina.startup.HostConfig.deployDirectory Desplegando el directorio [/media/usertar/TOSHIBA EXT/2º DAM/PSP/Tema4/Tomcat/apache-tomcat-9.0.58/webapps/ROOT] de la aplicación web
27-Jan-2022 16:56:57.473 INFORMACIÓN [main] org.apache.jasper.servlet.TldScanner.scanJars Al menos un JAR, que se ha explorado buscando TLDs, aún no contenía TLDs. Activar historial de depuración para este historiador para una completa lista de los JARs que fueron explorados y de los que nos se halló TLDs. Saltarse JARs no necesarios durante la exploración puede dar lugar a una mejora de tiempo significativa en el arranque y compilación de JSP .
27-Jan-2022 16:56:57.477 INFORMACIÓN [main] org.apache.catalina.startup.HostConfig.deployDirectory Deployment of web application directory [/media/usertar/TOSHIBA EXT/2º DAM/PSP/Tema4/Tomcat/apache-tomcat-9.0.58/webapps/ROOT] has finished in [205] ms
27-Jan-2022 16:56:57.482 INFORMACIÓN [main] org.apache.coyote.AbstractProtocol.start Starting ProtocolHandler ["http-nio-8080"]
27-Jan-2022 16:56:57.512 INFORMACIÓN [main] org.apache.catalina.startup.Catalina.start Server startup in [2861] milliseconds
27-Jan-2022 16:57:46.196 INFORMACIÓN [Thread-2] org.apache.coyote.AbstractProtocol.pause Pausing ProtocolHandler ["http-nio-8080"]
27-Jan-2022 16:57:46.201 INFORMACIÓN [Thread-2] org.apache.catalina.core.StandardService.stopInternal Parando servicio [Catalina]
27-Jan-2022 16:57:46.245 ADVERTENCIA [Thread-2] org.apache.catalina.loader.WebappClassLoaderBase.clearReferencesJdbc La aplicación web [primer-servlet] registró el conductor JDBC [org.sqlite.JDBC] pero falló al anular el registro mientras la aplicación web estaba parada. Para prevenir un fallo de memoria, se ha anulado el registro del conductor JDBC por la fuerza.
27-Jan-2022 16:57:46.267 INFORMACIÓN [Thread-2] org.apache.coyote.AbstractProtocol.stop Stopping ProtocolHandler ["http-nio-8080"]
27-Jan-2022 16:57:46.275 INFORMACIÓN [Thread-2] org.apache.coyote.AbstractProtocol.destroy Destroying ProtocolHandler ["http-nio-8080"]
27-Jan-2022 16:58:30.514 INFORMACIÓN [main] org.apache.catalina.startup.VersionLoggerListener.log Nombre de la versión del servidor: Apache Tomcat/9.0.58
27-Jan-2022 16:58:30.535 INFORMACIÓN [main] org.apache.catalina.startup.VersionLoggerListener.log Server built:                      Jan 15 2022 14:37:38 UTC
27-Jan-2022 16:58:30.536 INFORMACIÓN [main] org.apache.catalina.startup.VersionLoggerListener.log Número de versión de servidor:     9.0.58.0
27-Jan-2022 16:58:30.537 INFORMACIÓN [main] org.apache.catalina.startup.VersionLoggerListener.log OS Name:                           Linux
27-Jan-2022 16:58:30.537 INFORMACIÓN [main] org.apache.catalina.startup.VersionLoggerListener.log Versión de Systema Operativo:      5.4.0-96-generic
27-Jan-2022 16:58:30.537 INFORMACIÓN [main] org.apache.catalina.startup.VersionLoggerListener.log Arquitectura:                      amd64
27-Jan-2022 16:58:30.537 INFORMACIÓN [main] org.apache.catalina.startup.VersionLoggerListener.log Java Home:                         /usr/lib/jvm/java-14-openjdk-amd64
27-Jan-2022 16:58:30.537 INFORMACIÓN [main] org.apache.catalina.startup.VersionLoggerListener.log JVM Version:                       14.0.2+12-Ubuntu-120.04
27-Jan-2022 16:58:30.537 INFORMACIÓN [main] org.apache.catalina.startup.VersionLoggerListener.log Vededor JVM:                       Private Build
27-Jan-2022 16:58:30.537 INFORMACIÓN [main] org.apache.catalina.startup.VersionLoggerListener.log CATALINA_BASE:                     /media/usertar/TOSHIBA EXT/2º DAM/PSP/Tema4/Tomcat/apache-tomcat-9.0.58
27-Jan-2022 16:58:30.537 INFORMACIÓN [main] org.apache.catalina.startup.VersionLoggerListener.log CATALINA_HOME:                     /media/usertar/TOSHIBA EXT/2º DAM/PSP/Tema4/Tomcat/apache-tomcat-9.0.58
27-Jan-2022 16:58:30.548 INFORMACIÓN [main] org.apache.catalina.startup.VersionLoggerListener.log Command line argument:             --add-opens=java.base/java.lang=ALL-UNNAMED
27-Jan-2022 16:58:30.549 INFORMACIÓN [main] org.apache.catalina.startup.VersionLoggerListener.log Command line argument:             --add-opens=java.base/java.io=ALL-UNNAMED
27-Jan-2022 16:58:30.549 INFORMACIÓN [main] org.apache.catalina.startup.VersionLoggerListener.log Command line argument:             --add-opens=java.base/java.util=ALL-UNNAMED
27-Jan-2022 16:58:30.549 INFORMACIÓN [main] org.apache.catalina.startup.VersionLoggerListener.log Command line argument:             --add-opens=java.base/java.util.concurrent=ALL-UNNAMED
27-Jan-2022 16:58:30.549 INFORMACIÓN [main] org.apache.catalina.startup.VersionLoggerListener.log Command line argument:             --add-opens=java.rmi/sun.rmi.transport=ALL-UNNAMED
27-Jan-2022 16:58:30.549 INFORMACIÓN [main] org.apache.catalina.startup.VersionLoggerListener.log Command line argument:             -Djava.util.logging.config.file=/media/usertar/TOSHIBA EXT/2º DAM/PSP/Tema4/Tomcat/apache-tomcat-9.0.58/conf/logging.properties
27-Jan-2022 16:58:30.549 INFORMACIÓN [main] org.apache.catalina.startup.VersionLoggerListener.log Command line argument:             -Djava.util.logging.manager=org.apache.juli.ClassLoaderLogManager
27-Jan-2022 16:58:30.550 INFORMACIÓN [main] org.apache.catalina.startup.VersionLoggerListener.log Command line argument:             -Djdk.tls.ephemeralDHKeySize=2048
27-Jan-2022 16:58:30.550 INFORMACIÓN [main] org.apache.catalina.startup.VersionLoggerListener.log Command line argument:             -Djava.protocol.handler.pkgs=org.apache.catalina.webresources
27-Jan-2022 16:58:30.550 INFORMACIÓN [main] org.apache.catalina.startup.VersionLoggerListener.log Command line argument:             -Dorg.apache.catalina.security.SecurityListener.UMASK=0027
27-Jan-2022 16:58:30.550 INFORMACIÓN [main] org.apache.catalina.startup.VersionLoggerListener.log Command line argument:             -Dignore.endorsed.dirs=
27-Jan-2022 16:58:30.555 INFORMACIÓN [main] org.apache.catalina.startup.VersionLoggerListener.log Command line argument:             -Dcatalina.base=/media/usertar/TOSHIBA EXT/2º DAM/PSP/Tema4/Tomcat/apache-tomcat-9.0.58
27-Jan-2022 16:58:30.556 INFORMACIÓN [main] org.apache.catalina.startup.VersionLoggerListener.log Command line argument:             -Dcatalina.home=/media/usertar/TOSHIBA EXT/2º DAM/PSP/Tema4/Tomcat/apache-tomcat-9.0.58
27-Jan-2022 16:58:30.556 INFORMACIÓN [main] org.apache.catalina.startup.VersionLoggerListener.log Command line argument:             -Djava.io.tmpdir=/media/usertar/TOSHIBA EXT/2º DAM/PSP/Tema4/Tomcat/apache-tomcat-9.0.58/temp
27-Jan-2022 16:58:30.558 INFORMACIÓN [main] org.apache.catalina.core.AprLifecycleListener.lifecycleEvent La biblioteca nativa de Apache Tomcat basada en ARP que permite un rendimiento óptimo en entornos de desarrollo no ha sido hallada en java.library.path: [/usr/java/packages/lib:/usr/lib/x86_64-linux-gnu/jni:/lib/x86_64-linux-gnu:/usr/lib/x86_64-linux-gnu:/usr/lib/jni:/lib:/usr/lib]
27-Jan-2022 16:58:30.970 INFORMACIÓN [main] org.apache.coyote.AbstractProtocol.init Inicializando el manejador de protocolo ["http-nio-8080"]

27-Jan-2022 16:58:31.008 INFORMACIÓN [main] org.apache.catalina.startup.Catalina.load Server initialization in [735] milliseconds
27-Jan-2022 16:58:31.067 INFORMACIÓN [main] org.apache.catalina.core.StandardService.startInternal Arrancando servicio [Catalina]
27-Jan-2022 16:58:31.068 INFORMACIÓN [main] org.apache.catalina.core.StandardEngine.startInternal Starting Servlet engine: [Apache Tomcat/9.0.58]
27-Jan-2022 16:58:31.080 INFORMACIÓN [main] org.apache.catalina.startup.HostConfig.deployDirectory Desplegando el directorio [/media/usertar/TOSHIBA EXT/2º DAM/PSP/Tema4/Tomcat/apache-tomcat-9.0.58/webapps/docs] de la aplicación web
27-Jan-2022 16:58:31.659 INFORMACIÓN [main] org.apache.jasper.servlet.TldScanner.scanJars Al menos un JAR, que se ha explorado buscando TLDs, aún no contenía TLDs. Activar historial de depuración para este historiador para una completa lista de los JARs que fueron explorados y de los que nos se halló TLDs. Saltarse JARs no necesarios durante la exploración puede dar lugar a una mejora de tiempo significativa en el arranque y compilación de JSP .
27-Jan-2022 16:58:31.738 INFORMACIÓN [main] org.apache.catalina.startup.HostConfig.deployDirectory Deployment of web application directory [/media/usertar/TOSHIBA EXT/2º DAM/PSP/Tema4/Tomcat/apache-tomcat-9.0.58/webapps/docs] has finished in [656] ms
27-Jan-2022 16:58:31.739 INFORMACIÓN [main] org.apache.catalina.startup.HostConfig.deployDirectory Desplegando el directorio [/media/usertar/TOSHIBA EXT/2º DAM/PSP/Tema4/Tomcat/apache-tomcat-9.0.58/webapps/examples] de la aplicación web
27-Jan-2022 16:58:32.882 INFORMACIÓN [main] org.apache.jasper.servlet.TldScanner.scanJars Al menos un JAR, que se ha explorado buscando TLDs, aún no contenía TLDs. Activar historial de depuración para este historiador para una completa lista de los JARs que fueron explorados y de los que nos se halló TLDs. Saltarse JARs no necesarios durante la exploración puede dar lugar a una mejora de tiempo significativa en el arranque y compilación de JSP .
27-Jan-2022 16:58:33.014 INFORMACIÓN [main] org.apache.catalina.startup.HostConfig.deployDirectory Deployment of web application directory [/media/usertar/TOSHIBA EXT/2º DAM/PSP/Tema4/Tomcat/apache-tomcat-9.0.58/webapps/examples] has finished in [1.274] ms
27-Jan-2022 16:58:33.014 INFORMACIÓN [main] org.apache.catalina.startup.HostConfig.deployDirectory Desplegando el directorio [/media/usertar/TOSHIBA EXT/2º DAM/PSP/Tema4/Tomcat/apache-tomcat-9.0.58/webapps/host-manager] de la aplicación web
27-Jan-2022 16:58:33.258 INFORMACIÓN [main] org.apache.jasper.servlet.TldScanner.scanJars Al menos un JAR, que se ha explorado buscando TLDs, aún no contenía TLDs. Activar historial de depuración para este historiador para una completa lista de los JARs que fueron explorados y de los que nos se halló TLDs. Saltarse JARs no necesarios durante la exploración puede dar lugar a una mejora de tiempo significativa en el arranque y compilación de JSP .
27-Jan-2022 16:58:33.267 INFORMACIÓN [main] org.apache.catalina.startup.HostConfig.deployDirectory Deployment of web application directory [/media/usertar/TOSHIBA EXT/2º DAM/PSP/Tema4/Tomcat/apache-tomcat-9.0.58/webapps/host-manager] has finished in [253] ms
27-Jan-2022 16:58:33.268 INFORMACIÓN [main] org.apache.catalina.startup.HostConfig.deployDirectory Desplegando el directorio [/media/usertar/TOSHIBA EXT/2º DAM/PSP/Tema4/Tomcat/apache-tomcat-9.0.58/webapps/manager] de la aplicación web
27-Jan-2022 16:58:33.528 INFORMACIÓN [main] org.apache.jasper.servlet.TldScanner.scanJars Al menos un JAR, que se ha explorado buscando TLDs, aún no contenía TLDs. Activar historial de depuración para este historiador para una completa lista de los JARs que fueron explorados y de los que nos se halló TLDs. Saltarse JARs no necesarios durante la exploración puede dar lugar a una mejora de tiempo significativa en el arranque y compilación de JSP .
27-Jan-2022 16:58:33.533 INFORMACIÓN [main] org.apache.catalina.startup.HostConfig.deployDirectory Deployment of web application directory [/media/usertar/TOSHIBA EXT/2º DAM/PSP/Tema4/Tomcat/apache-tomcat-9.0.58/webapps/manager] has finished in [265] ms
27-Jan-2022 16:58:33.533 INFORMACIÓN [main] org.apache.catalina.startup.HostConfig.deployDirectory Desplegando el directorio [/media/usertar/TOSHIBA EXT/2º DAM/PSP/Tema4/Tomcat/apache-tomcat-9.0.58/webapps/practica] de la aplicación web
27-Jan-2022 16:58:33.816 INFORMACIÓN [main] org.apache.jasper.servlet.TldScanner.scanJars Al menos un JAR, que se ha explorado buscando TLDs, aún no contenía TLDs. Activar historial de depuración para este historiador para una completa lista de los JARs que fueron explorados y de los que nos se halló TLDs. Saltarse JARs no necesarios durante la exploración puede dar lugar a una mejora de tiempo significativa en el arranque y compilación de JSP .
27-Jan-2022 16:58:33.828 INFORMACIÓN [main] org.apache.catalina.startup.HostConfig.deployDirectory Deployment of web application directory [/media/usertar/TOSHIBA EXT/2º DAM/PSP/Tema4/Tomcat/apache-tomcat-9.0.58/webapps/practica] has finished in [295] ms
27-Jan-2022 16:58:33.828 INFORMACIÓN [main] org.apache.catalina.startup.HostConfig.deployDirectory Desplegando el directorio [/media/usertar/TOSHIBA EXT/2º DAM/PSP/Tema4/Tomcat/apache-tomcat-9.0.58/webapps/primer-servlet] de la aplicación web
27-Jan-2022 16:58:34.156 INFORMACIÓN [main] org.apache.jasper.servlet.TldScanner.scanJars Al menos un JAR, que se ha explorado buscando TLDs, aún no contenía TLDs. Activar historial de depuración para este historiador para una completa lista de los JARs que fueron explorados y de los que nos se halló TLDs. Saltarse JARs no necesarios durante la exploración puede dar lugar a una mejora de tiempo significativa en el arranque y compilación de JSP .
27-Jan-2022 16:58:34.164 INFORMACIÓN [main] org.apache.catalina.startup.HostConfig.deployDirectory Deployment of web application directory [/media/usertar/TOSHIBA EXT/2º DAM/PSP/Tema4/Tomcat/apache-tomcat-9.0.58/webapps/primer-servlet] has finished in [336] ms
27-Jan-2022 16:58:34.164 INFORMACIÓN [main] org.apache.catalina.startup.HostConfig.deployDirectory Desplegando el directorio [/media/usertar/TOSHIBA EXT/2º DAM/PSP/Tema4/Tomcat/apache-tomcat-9.0.58/webapps/ROOT] de la aplicación web
27-Jan-2022 16:58:34.406 INFORMACIÓN [main] org.apache.jasper.servlet.TldScanner.scanJars Al menos un JAR, que se ha explorado buscando TLDs, aún no contenía TLDs. Activar historial de depuración para este historiador para una completa lista de los JARs que fueron explorados y de los que nos se halló TLDs. Saltarse JARs no necesarios durante la exploración puede dar lugar a una mejora de tiempo significativa en el arranque y compilación de JSP .
27-Jan-2022 16:58:34.412 INFORMACIÓN [main] org.apache.catalina.startup.HostConfig.deployDirectory Deployment of web application directory [/media/usertar/TOSHIBA EXT/2º DAM/PSP/Tema4/Tomcat/apache-tomcat-9.0.58/webapps/ROOT] has finished in [248] ms
27-Jan-2022 16:58:34.417 INFORMACIÓN [main] org.apache.coyote.AbstractProtocol.start Starting ProtocolHandler ["http-nio-8080"]
27-Jan-2022 16:58:34.446 INFORMACIÓN [main] org.apache.catalina.startup.Catalina.start Server startup in [3437] milliseconds
27-Jan-2022 17:17:24.055 INFORMACIÓN [Thread-2] org.apache.coyote.AbstractProtocol.pause Pausing ProtocolHandler ["http-nio-8080"]
27-Jan-2022 17:17:24.058 INFORMACIÓN [Thread-2] org.apache.catalina.core.StandardService.stopInternal Parando servicio [Catalina]
27-Jan-2022 17:17:24.127 ADVERTENCIA [Thread-2] org.apache.catalina.loader.WebappClassLoaderBase.clearReferencesJdbc La aplicación web [primer-servlet] registró el conductor JDBC [org.sqlite.JDBC] pero falló al anular el registro mientras la aplicación web estaba parada. Para prevenir un fallo de memoria, se ha anulado el registro del conductor JDBC por la fuerza.
27-Jan-2022 17:17:24.173 INFORMACIÓN [Thread-2] org.apache.coyote.AbstractProtocol.stop Stopping ProtocolHandler ["http-nio-8080"]
27-Jan-2022 17:17:24.186 INFORMACIÓN [Thread-2] org.apache.coyote.AbstractProtocol.destroy Destroying ProtocolHandler ["http-nio-8080"]
