11-Feb-2022 01:09:04.154 INFO [main] org.apache.catalina.core.ApplicationContext.log ContextListener: contextInitialized()
11-Feb-2022 01:09:04.154 INFO [main] org.apache.catalina.core.ApplicationContext.log SessionListener: contextInitialized()
11-Feb-2022 01:09:04.155 INFO [main] org.apache.catalina.core.ApplicationContext.log ContextListener: attributeAdded('StockTicker', 'async.Stockticker@2d119405')
11-Feb-2022 01:18:17.400 INFO [Thread-2] org.apache.catalina.core.ApplicationContext.log SessionListener: contextDestroyed()
11-Feb-2022 01:18:17.400 INFO [Thread-2] org.apache.catalina.core.ApplicationContext.log ContextListener: contextDestroyed()
11-Feb-2022 01:18:21.224 INFO [main] org.apache.catalina.core.ApplicationContext.log ContextListener: contextInitialized()
11-Feb-2022 01:18:21.224 INFO [main] org.apache.catalina.core.ApplicationContext.log SessionListener: contextInitialized()
11-Feb-2022 01:18:21.225 INFO [main] org.apache.catalina.core.ApplicationContext.log ContextListener: attributeAdded('StockTicker', 'async.Stockticker@2d119405')
11-Feb-2022 01:27:46.119 INFO [Thread-2] org.apache.catalina.core.ApplicationContext.log SessionListener: contextDestroyed()
11-Feb-2022 01:27:46.119 INFO [Thread-2] org.apache.catalina.core.ApplicationContext.log ContextListener: contextDestroyed()
11-Feb-2022 01:27:56.098 INFO [main] org.apache.catalina.core.ApplicationContext.log ContextListener: contextInitialized()
11-Feb-2022 01:27:56.098 INFO [main] org.apache.catalina.core.ApplicationContext.log SessionListener: contextInitialized()
11-Feb-2022 01:27:56.099 INFO [main] org.apache.catalina.core.ApplicationContext.log ContextListener: attributeAdded('StockTicker', 'async.Stockticker@414f87a9')
11-Feb-2022 01:28:40.273 INFO [Thread-2] org.apache.catalina.core.ApplicationContext.log SessionListener: contextDestroyed()
11-Feb-2022 01:28:40.273 INFO [Thread-2] org.apache.catalina.core.ApplicationContext.log ContextListener: contextDestroyed()
11-Feb-2022 01:30:56.499 INFO [main] org.apache.catalina.core.ApplicationContext.log ContextListener: contextInitialized()
11-Feb-2022 01:30:56.499 INFO [main] org.apache.catalina.core.ApplicationContext.log SessionListener: contextInitialized()
11-Feb-2022 01:30:56.500 INFO [main] org.apache.catalina.core.ApplicationContext.log ContextListener: attributeAdded('StockTicker', 'async.Stockticker@57e388c3')
11-Feb-2022 01:31:30.503 SEVERE [http-nio-8080-exec-8] org.apache.catalina.core.StandardWrapperValve.invoke Servlet.service() para servlet [borrar] lanzó excepción
	java.lang.NullPointerException: Cannot invoke "java.lang.Integer.intValue()" because "id" is null
		at practica.DB.borrarEntrada(DB.java:448)
		at practica.Borrar.doGet(Borrar.java:27)
		at javax.servlet.http.HttpServlet.service(HttpServlet.java:655)
		at javax.servlet.http.HttpServlet.service(HttpServlet.java:764)
		at org.apache.catalina.core.ApplicationFilterChain.internalDoFilter(ApplicationFilterChain.java:227)
		at org.apache.catalina.core.ApplicationFilterChain.doFilter(ApplicationFilterChain.java:162)
		at org.apache.tomcat.websocket.server.WsFilter.doFilter(WsFilter.java:53)
		at org.apache.catalina.core.ApplicationFilterChain.internalDoFilter(ApplicationFilterChain.java:189)
		at org.apache.catalina.core.ApplicationFilterChain.doFilter(ApplicationFilterChain.java:162)
		at org.apache.catalina.core.StandardWrapperValve.invoke(StandardWrapperValve.java:197)
		at org.apache.catalina.core.StandardContextValve.invoke(StandardContextValve.java:97)
		at org.apache.catalina.authenticator.AuthenticatorBase.invoke(AuthenticatorBase.java:540)
		at org.apache.catalina.core.StandardHostValve.invoke(StandardHostValve.java:135)
		at org.apache.catalina.valves.ErrorReportValve.invoke(ErrorReportValve.java:92)
		at org.apache.catalina.valves.AbstractAccessLogValve.invoke(AbstractAccessLogValve.java:687)
		at org.apache.catalina.core.StandardEngineValve.invoke(StandardEngineValve.java:78)
		at org.apache.catalina.connector.CoyoteAdapter.service(CoyoteAdapter.java:359)
		at org.apache.coyote.http11.Http11Processor.service(Http11Processor.java:399)
		at org.apache.coyote.AbstractProcessorLight.process(AbstractProcessorLight.java:65)
		at org.apache.coyote.AbstractProtocol$ConnectionHandler.process(AbstractProtocol.java:889)
		at org.apache.tomcat.util.net.NioEndpoint$SocketProcessor.doRun(NioEndpoint.java:1735)
		at org.apache.tomcat.util.net.SocketProcessorBase.run(SocketProcessorBase.java:49)
		at org.apache.tomcat.util.threads.ThreadPoolExecutor.runWorker(ThreadPoolExecutor.java:1191)
		at org.apache.tomcat.util.threads.ThreadPoolExecutor$Worker.run(ThreadPoolExecutor.java:659)
		at org.apache.tomcat.util.threads.TaskThread$WrappingRunnable.run(TaskThread.java:61)
		at java.base/java.lang.Thread.run(Thread.java:833)
11-Feb-2022 01:44:06.445 INFO [Thread-2] org.apache.catalina.core.ApplicationContext.log SessionListener: contextDestroyed()
11-Feb-2022 01:44:06.445 INFO [Thread-2] org.apache.catalina.core.ApplicationContext.log ContextListener: contextDestroyed()
11-Feb-2022 01:44:09.226 INFO [main] org.apache.catalina.core.ApplicationContext.log ContextListener: contextInitialized()
11-Feb-2022 01:44:09.226 INFO [main] org.apache.catalina.core.ApplicationContext.log SessionListener: contextInitialized()
11-Feb-2022 01:44:09.226 INFO [main] org.apache.catalina.core.ApplicationContext.log ContextListener: attributeAdded('StockTicker', 'async.Stockticker@7951c3a2')
11-Feb-2022 01:45:07.322 INFO [Thread-2] org.apache.catalina.core.ApplicationContext.log SessionListener: contextDestroyed()
11-Feb-2022 01:45:07.322 INFO [Thread-2] org.apache.catalina.core.ApplicationContext.log ContextListener: contextDestroyed()
11-Feb-2022 01:45:58.924 INFO [main] org.apache.catalina.core.ApplicationContext.log ContextListener: contextInitialized()
11-Feb-2022 01:45:58.924 INFO [main] org.apache.catalina.core.ApplicationContext.log SessionListener: contextInitialized()
11-Feb-2022 01:45:58.925 INFO [main] org.apache.catalina.core.ApplicationContext.log ContextListener: attributeAdded('StockTicker', 'async.Stockticker@65bb6275')
11-Feb-2022 01:47:04.660 INFO [Thread-2] org.apache.catalina.core.ApplicationContext.log SessionListener: contextDestroyed()
11-Feb-2022 01:47:04.660 INFO [Thread-2] org.apache.catalina.core.ApplicationContext.log ContextListener: contextDestroyed()
11-Feb-2022 01:47:07.676 INFO [main] org.apache.catalina.core.ApplicationContext.log ContextListener: contextInitialized()
11-Feb-2022 01:47:07.677 INFO [main] org.apache.catalina.core.ApplicationContext.log SessionListener: contextInitialized()
11-Feb-2022 01:47:07.678 INFO [main] org.apache.catalina.core.ApplicationContext.log ContextListener: attributeAdded('StockTicker', 'async.Stockticker@1b01a0d')
11-Feb-2022 01:47:21.102 INFO [Thread-2] org.apache.catalina.core.ApplicationContext.log SessionListener: contextDestroyed()
11-Feb-2022 01:47:21.102 INFO [Thread-2] org.apache.catalina.core.ApplicationContext.log ContextListener: contextDestroyed()
11-Feb-2022 01:48:51.066 INFO [main] org.apache.catalina.core.ApplicationContext.log ContextListener: contextInitialized()
11-Feb-2022 01:48:51.066 INFO [main] org.apache.catalina.core.ApplicationContext.log SessionListener: contextInitialized()
11-Feb-2022 01:48:51.067 INFO [main] org.apache.catalina.core.ApplicationContext.log ContextListener: attributeAdded('StockTicker', 'async.Stockticker@47c7a9e5')
11-Feb-2022 01:49:08.717 INFO [Thread-2] org.apache.catalina.core.ApplicationContext.log SessionListener: contextDestroyed()
11-Feb-2022 01:49:08.717 INFO [Thread-2] org.apache.catalina.core.ApplicationContext.log ContextListener: contextDestroyed()
11-Feb-2022 02:09:08.564 INFO [main] org.apache.catalina.core.ApplicationContext.log ContextListener: contextInitialized()
11-Feb-2022 02:09:08.564 INFO [main] org.apache.catalina.core.ApplicationContext.log SessionListener: contextInitialized()
11-Feb-2022 02:09:08.566 INFO [main] org.apache.catalina.core.ApplicationContext.log ContextListener: attributeAdded('StockTicker', 'async.Stockticker@4ed9f7b1')
11-Feb-2022 02:13:15.570 INFO [Thread-2] org.apache.catalina.core.ApplicationContext.log SessionListener: contextDestroyed()
11-Feb-2022 02:13:15.570 INFO [Thread-2] org.apache.catalina.core.ApplicationContext.log ContextListener: contextDestroyed()
11-Feb-2022 02:13:19.089 INFO [main] org.apache.catalina.core.ApplicationContext.log ContextListener: contextInitialized()
11-Feb-2022 02:13:19.089 INFO [main] org.apache.catalina.core.ApplicationContext.log SessionListener: contextInitialized()
11-Feb-2022 02:13:19.091 INFO [main] org.apache.catalina.core.ApplicationContext.log ContextListener: attributeAdded('StockTicker', 'async.Stockticker@2d119405')
11-Feb-2022 02:15:01.344 INFO [Thread-2] org.apache.catalina.core.ApplicationContext.log SessionListener: contextDestroyed()
11-Feb-2022 02:15:01.344 INFO [Thread-2] org.apache.catalina.core.ApplicationContext.log ContextListener: contextDestroyed()
11-Feb-2022 02:15:04.982 INFO [main] org.apache.catalina.core.ApplicationContext.log ContextListener: contextInitialized()
11-Feb-2022 02:15:04.982 INFO [main] org.apache.catalina.core.ApplicationContext.log SessionListener: contextInitialized()
11-Feb-2022 02:15:04.984 INFO [main] org.apache.catalina.core.ApplicationContext.log ContextListener: attributeAdded('StockTicker', 'async.Stockticker@1b01a0d')
11-Feb-2022 02:18:26.277 INFO [Thread-2] org.apache.catalina.core.ApplicationContext.log SessionListener: contextDestroyed()
11-Feb-2022 02:18:26.278 INFO [Thread-2] org.apache.catalina.core.ApplicationContext.log ContextListener: contextDestroyed()
11-Feb-2022 02:18:28.884 INFO [main] org.apache.catalina.core.ApplicationContext.log ContextListener: contextInitialized()
11-Feb-2022 02:18:28.885 INFO [main] org.apache.catalina.core.ApplicationContext.log SessionListener: contextInitialized()
11-Feb-2022 02:18:28.885 INFO [main] org.apache.catalina.core.ApplicationContext.log ContextListener: attributeAdded('StockTicker', 'async.Stockticker@32118208')
11-Feb-2022 02:20:17.250 INFO [Thread-2] org.apache.catalina.core.ApplicationContext.log SessionListener: contextDestroyed()
11-Feb-2022 02:20:17.250 INFO [Thread-2] org.apache.catalina.core.ApplicationContext.log ContextListener: contextDestroyed()
11-Feb-2022 02:20:19.520 INFO [main] org.apache.catalina.core.ApplicationContext.log ContextListener: contextInitialized()
11-Feb-2022 02:20:19.520 INFO [main] org.apache.catalina.core.ApplicationContext.log SessionListener: contextInitialized()
11-Feb-2022 02:20:19.521 INFO [main] org.apache.catalina.core.ApplicationContext.log ContextListener: attributeAdded('StockTicker', 'async.Stockticker@45900b64')
11-Feb-2022 02:22:27.117 INFO [Thread-2] org.apache.catalina.core.ApplicationContext.log SessionListener: contextDestroyed()
11-Feb-2022 02:22:27.117 INFO [Thread-2] org.apache.catalina.core.ApplicationContext.log ContextListener: contextDestroyed()
11-Feb-2022 02:22:30.725 INFO [main] org.apache.catalina.core.ApplicationContext.log ContextListener: contextInitialized()
11-Feb-2022 02:22:30.725 INFO [main] org.apache.catalina.core.ApplicationContext.log SessionListener: contextInitialized()
11-Feb-2022 02:22:30.726 INFO [main] org.apache.catalina.core.ApplicationContext.log ContextListener: attributeAdded('StockTicker', 'async.Stockticker@47c7a9e5')
11-Feb-2022 02:24:13.069 INFO [Thread-2] org.apache.catalina.core.ApplicationContext.log SessionListener: contextDestroyed()
11-Feb-2022 02:24:13.069 INFO [Thread-2] org.apache.catalina.core.ApplicationContext.log ContextListener: contextDestroyed()
11-Feb-2022 02:25:37.698 INFO [main] org.apache.catalina.core.ApplicationContext.log ContextListener: contextInitialized()
11-Feb-2022 02:25:37.698 INFO [main] org.apache.catalina.core.ApplicationContext.log SessionListener: contextInitialized()
11-Feb-2022 02:25:37.699 INFO [main] org.apache.catalina.core.ApplicationContext.log ContextListener: attributeAdded('StockTicker', 'async.Stockticker@388623ad')
11-Feb-2022 02:27:33.551 INFO [Thread-2] org.apache.catalina.core.ApplicationContext.log SessionListener: contextDestroyed()
11-Feb-2022 02:27:33.551 INFO [Thread-2] org.apache.catalina.core.ApplicationContext.log ContextListener: contextDestroyed()
11-Feb-2022 02:27:57.737 INFO [main] org.apache.catalina.core.ApplicationContext.log ContextListener: contextInitialized()
11-Feb-2022 02:27:57.737 INFO [main] org.apache.catalina.core.ApplicationContext.log SessionListener: contextInitialized()
11-Feb-2022 02:27:57.738 INFO [main] org.apache.catalina.core.ApplicationContext.log ContextListener: attributeAdded('StockTicker', 'async.Stockticker@47c7a9e5')
11-Feb-2022 02:28:35.498 INFO [Thread-2] org.apache.catalina.core.ApplicationContext.log SessionListener: contextDestroyed()
11-Feb-2022 02:28:35.498 INFO [Thread-2] org.apache.catalina.core.ApplicationContext.log ContextListener: contextDestroyed()
11-Feb-2022 02:28:41.452 INFO [main] org.apache.catalina.core.ApplicationContext.log ContextListener: contextInitialized()
11-Feb-2022 02:28:41.452 INFO [main] org.apache.catalina.core.ApplicationContext.log SessionListener: contextInitialized()
11-Feb-2022 02:28:41.453 INFO [main] org.apache.catalina.core.ApplicationContext.log ContextListener: attributeAdded('StockTicker', 'async.Stockticker@64da6cbd')
11-Feb-2022 02:30:39.618 INFO [Thread-2] org.apache.catalina.core.ApplicationContext.log SessionListener: contextDestroyed()
11-Feb-2022 02:30:39.619 INFO [Thread-2] org.apache.catalina.core.ApplicationContext.log ContextListener: contextDestroyed()
11-Feb-2022 02:30:42.089 INFO [main] org.apache.catalina.core.ApplicationContext.log ContextListener: contextInitialized()
11-Feb-2022 02:30:42.089 INFO [main] org.apache.catalina.core.ApplicationContext.log SessionListener: contextInitialized()
11-Feb-2022 02:30:42.090 INFO [main] org.apache.catalina.core.ApplicationContext.log ContextListener: attributeAdded('StockTicker', 'async.Stockticker@2ed71727')
11-Feb-2022 02:32:07.494 INFO [Thread-2] org.apache.catalina.core.ApplicationContext.log SessionListener: contextDestroyed()
11-Feb-2022 02:32:07.494 INFO [Thread-2] org.apache.catalina.core.ApplicationContext.log ContextListener: contextDestroyed()
11-Feb-2022 02:32:10.293 INFO [main] org.apache.catalina.core.ApplicationContext.log ContextListener: contextInitialized()
11-Feb-2022 02:32:10.293 INFO [main] org.apache.catalina.core.ApplicationContext.log SessionListener: contextInitialized()
11-Feb-2022 02:32:10.294 INFO [main] org.apache.catalina.core.ApplicationContext.log ContextListener: attributeAdded('StockTicker', 'async.Stockticker@5261ec9')
11-Feb-2022 02:34:39.395 INFO [Thread-2] org.apache.catalina.core.ApplicationContext.log SessionListener: contextDestroyed()
11-Feb-2022 02:34:39.395 INFO [Thread-2] org.apache.catalina.core.ApplicationContext.log ContextListener: contextDestroyed()
11-Feb-2022 02:34:42.281 INFO [main] org.apache.catalina.core.ApplicationContext.log ContextListener: contextInitialized()
11-Feb-2022 02:34:42.281 INFO [main] org.apache.catalina.core.ApplicationContext.log SessionListener: contextInitialized()
11-Feb-2022 02:34:42.282 INFO [main] org.apache.catalina.core.ApplicationContext.log ContextListener: attributeAdded('StockTicker', 'async.Stockticker@72a2312e')
11-Feb-2022 02:39:13.870 INFO [Thread-2] org.apache.catalina.core.ApplicationContext.log SessionListener: contextDestroyed()
11-Feb-2022 02:39:13.870 INFO [Thread-2] org.apache.catalina.core.ApplicationContext.log ContextListener: contextDestroyed()
11-Feb-2022 02:40:09.346 INFO [main] org.apache.catalina.core.ApplicationContext.log ContextListener: contextInitialized()
11-Feb-2022 02:40:09.346 INFO [main] org.apache.catalina.core.ApplicationContext.log SessionListener: contextInitialized()
11-Feb-2022 02:40:09.347 INFO [main] org.apache.catalina.core.ApplicationContext.log ContextListener: attributeAdded('StockTicker', 'async.Stockticker@7951c3a2')
11-Feb-2022 02:40:47.665 INFO [Thread-2] org.apache.catalina.core.ApplicationContext.log SessionListener: contextDestroyed()
11-Feb-2022 02:40:47.665 INFO [Thread-2] org.apache.catalina.core.ApplicationContext.log ContextListener: contextDestroyed()
11-Feb-2022 02:40:49.875 INFO [main] org.apache.catalina.core.ApplicationContext.log ContextListener: contextInitialized()
11-Feb-2022 02:40:49.875 INFO [main] org.apache.catalina.core.ApplicationContext.log SessionListener: contextInitialized()
11-Feb-2022 02:40:49.876 INFO [main] org.apache.catalina.core.ApplicationContext.log ContextListener: attributeAdded('StockTicker', 'async.Stockticker@7951c3a2')
11-Feb-2022 02:41:12.405 INFO [main] org.apache.catalina.core.ApplicationContext.log ContextListener: contextInitialized()
11-Feb-2022 02:41:12.405 INFO [main] org.apache.catalina.core.ApplicationContext.log SessionListener: contextInitialized()
11-Feb-2022 02:41:12.406 INFO [main] org.apache.catalina.core.ApplicationContext.log ContextListener: attributeAdded('StockTicker', 'async.Stockticker@4ed9f7b1')
11-Feb-2022 02:46:16.930 INFO [Thread-2] org.apache.catalina.core.ApplicationContext.log SessionListener: contextDestroyed()
11-Feb-2022 02:46:16.930 INFO [Thread-2] org.apache.catalina.core.ApplicationContext.log ContextListener: contextDestroyed()
11-Feb-2022 02:46:19.454 INFO [main] org.apache.catalina.core.ApplicationContext.log ContextListener: contextInitialized()
11-Feb-2022 02:46:19.454 INFO [main] org.apache.catalina.core.ApplicationContext.log SessionListener: contextInitialized()
11-Feb-2022 02:46:19.455 INFO [main] org.apache.catalina.core.ApplicationContext.log ContextListener: attributeAdded('StockTicker', 'async.Stockticker@64da6cbd')
11-Feb-2022 02:46:55.641 INFO [Thread-2] org.apache.catalina.core.ApplicationContext.log SessionListener: contextDestroyed()
11-Feb-2022 02:46:55.641 INFO [Thread-2] org.apache.catalina.core.ApplicationContext.log ContextListener: contextDestroyed()
11-Feb-2022 02:47:13.279 INFO [main] org.apache.catalina.core.ApplicationContext.log ContextListener: contextInitialized()
11-Feb-2022 02:47:13.279 INFO [main] org.apache.catalina.core.ApplicationContext.log SessionListener: contextInitialized()
11-Feb-2022 02:47:13.281 INFO [main] org.apache.catalina.core.ApplicationContext.log ContextListener: attributeAdded('StockTicker', 'async.Stockticker@4ed9f7b1')
11-Feb-2022 03:18:08.453 INFO [main] org.apache.catalina.core.ApplicationContext.log ContextListener: contextInitialized()
11-Feb-2022 03:18:08.453 INFO [main] org.apache.catalina.core.ApplicationContext.log SessionListener: contextInitialized()
11-Feb-2022 03:18:08.454 INFO [main] org.apache.catalina.core.ApplicationContext.log ContextListener: attributeAdded('StockTicker', 'async.Stockticker@47c7a9e5')
11-Feb-2022 03:20:31.981 INFO [Thread-2] org.apache.catalina.core.ApplicationContext.log SessionListener: contextDestroyed()
11-Feb-2022 03:20:31.981 INFO [Thread-2] org.apache.catalina.core.ApplicationContext.log ContextListener: contextDestroyed()
11-Feb-2022 03:20:36.265 INFO [main] org.apache.catalina.core.ApplicationContext.log ContextListener: contextInitialized()
11-Feb-2022 03:20:36.265 INFO [main] org.apache.catalina.core.ApplicationContext.log SessionListener: contextInitialized()
11-Feb-2022 03:20:36.266 INFO [main] org.apache.catalina.core.ApplicationContext.log ContextListener: attributeAdded('StockTicker', 'async.Stockticker@20580d4e')
11-Feb-2022 03:47:02.180 INFO [Thread-2] org.apache.catalina.core.ApplicationContext.log SessionListener: contextDestroyed()
11-Feb-2022 03:47:02.180 INFO [Thread-2] org.apache.catalina.core.ApplicationContext.log ContextListener: contextDestroyed()
